<testsuites id="" name="" tests="360" failures="0" skipped="0" errors="0" time="692.264351">
<testsuite name="performance-validation.spec.ts" timestamp="2026-07-17T13:46:21.804Z" hostname="chromium" tests="90" failures="0" skipped="0" time="497.539" errors="0">
<testcase name="Phase 1 — Application Startup › Cold start — initial page load within threshold" classname="performance-validation.spec.ts" time="3.37">
<system-out>
<![CDATA[
[[ATTACHMENT|..\..\..\shared-testing\test-results\performance-validation-Pha-4bd3e--page-load-within-threshold-chromium\test-finished-1.png]]

[[ATTACHMENT|..\..\..\shared-testing\test-results\performance-validation-Pha-4bd3e--page-load-within-threshold-chromium\video.webm]]

[[ATTACHMENT|..\..\..\shared-testing\test-results\performance-validation-Pha-4bd3e--page-load-within-threshold-chromium\trace.zip]]
]]>
</system-out>
</testcase>
<testcase name="Phase 1 — Application Startup › First Contentful Paint within threshold" classname="performance-validation.spec.ts" time="5.569">
<system-out>
<![CDATA[
[[ATTACHMENT|..\..\..\shared-testing\test-results\performance-validation-Pha-6f200-tful-Paint-within-threshold-chromium\test-finished-1.png]]

[[ATTACHMENT|..\..\..\shared-testing\test-results\performance-validation-Pha-6f200-tful-Paint-within-threshold-chromium\video.webm]]

[[ATTACHMENT|..\..\..\shared-testing\test-results\performance-validation-Pha-6f200-tful-Paint-within-threshold-chromium\trace.zip]]
]]>
</system-out>
</testcase>
<testcase name="Phase 1 — Application Startup › DOM Content Loaded completes within threshold" classname="performance-validation.spec.ts" time="5.167">
<system-out>
<![CDATA[
[[ATTACHMENT|..\..\..\shared-testing\test-results\performance-validation-Pha-24d16--completes-within-threshold-chromium\test-finished-1.png]]

[[ATTACHMENT|..\..\..\shared-testing\test-results\performance-validation-Pha-24d16--completes-within-threshold-chromium\video.webm]]

[[ATTACHMENT|..\..\..\shared-testing\test-results\performance-validation-Pha-24d16--completes-within-threshold-chromium\trace.zip]]
]]>
</system-out>
</testcase>
<testcase name="Phase 1 — Application Startup › Minimal JavaScript bundle size" classname="performance-validation.spec.ts" time="3.881">
<system-out>
<![CDATA[
[[ATTACHMENT|..\..\..\shared-testing\test-results\performance-validation-Pha-9264b-imal-JavaScript-bundle-size-chromium\test-finished-1.png]]

[[ATTACHMENT|..\..\..\shared-testing\test-results\performance-validation-Pha-9264b-imal-JavaScript-bundle-size-chromium\video.webm]]

[[ATTACHMENT|..\..\..\shared-testing\test-results\performance-validation-Pha-9264b-imal-JavaScript-bundle-size-chromium\trace.zip]]
]]>
</system-out>
</testcase>
<testcase name="Phase 1 — Application Startup › Loading indicator shown during initial load" classname="performance-validation.spec.ts" time="1.791">
<system-out>
<![CDATA[
[[ATTACHMENT|..\..\..\shared-testing\test-results\performance-validation-Pha-3b379-r-shown-during-initial-load-chromium\test-finished-1.png]]

[[ATTACHMENT|..\..\..\shared-testing\test-results\performance-validation-Pha-3b379-r-shown-during-initial-load-chromium\video.webm]]

[[ATTACHMENT|..\..\..\shared-testing\test-results\performance-validation-Pha-3b379-r-shown-during-initial-load-chromium\trace.zip]]
]]>
</system-out>
</testcase>
<testcase name="Phase 1 — Application Startup › Warm start — subsequent page load faster" classname="performance-validation.spec.ts" time="4.899">
<system-out>
<![CDATA[
[[ATTACHMENT|..\..\..\shared-testing\test-results\performance-validation-Pha-ceea1-subsequent-page-load-faster-chromium\test-finished-1.png]]

[[ATTACHMENT|..\..\..\shared-testing\test-results\performance-validation-Pha-ceea1-subsequent-page-load-faster-chromium\video.webm]]

[[ATTACHMENT|..\..\..\shared-testing\test-results\performance-validation-Pha-ceea1-subsequent-page-load-faster-chromium\trace.zip]]
]]>
</system-out>
</testcase>
<testcase name="Phase 1 — Application Startup › No JavaScript errors during application bootstrap" classname="performance-validation.spec.ts" time="3.305">
<system-out>
<![CDATA[
[[ATTACHMENT|..\..\..\shared-testing\test-results\performance-validation-Pha-5e48b-uring-application-bootstrap-chromium\test-finished-1.png]]

[[ATTACHMENT|..\..\..\shared-testing\test-results\performance-validation-Pha-5e48b-uring-application-bootstrap-chromium\video.webm]]

[[ATTACHMENT|..\..\..\shared-testing\test-results\performance-validation-Pha-5e48b-uring-application-bootstrap-chromium\trace.zip]]
]]>
</system-out>
</testcase>
<testcase name="Phase 1 — Application Startup › Application shell renders correctly" classname="performance-validation.spec.ts" time="4.204">
<system-out>
<![CDATA[
[[ATTACHMENT|..\..\..\shared-testing\test-results\performance-validation-Pha-724b5-ion-shell-renders-correctly-chromium\test-finished-1.png]]

[[ATTACHMENT|..\..\..\shared-testing\test-results\performance-validation-Pha-724b5-ion-shell-renders-correctly-chromium\video.webm]]

[[ATTACHMENT|..\..\..\shared-testing\test-results\performance-validation-Pha-724b5-ion-shell-renders-correctly-chromium\trace.zip]]
]]>
</system-out>
</testcase>
<testcase name="Phase 2 — Page Performance › Home page loads within threshold" classname="performance-validation.spec.ts" time="3.363">
<system-out>
<![CDATA[
[[ATTACHMENT|..\..\..\shared-testing\test-results\performance-validation-Pha-a01ea-page-loads-within-threshold-chromium\test-finished-1.png]]

[[ATTACHMENT|..\..\..\shared-testing\test-results\performance-validation-Pha-a01ea-page-loads-within-threshold-chromium\video.webm]]

[[ATTACHMENT|..\..\..\shared-testing\test-results\performance-validation-Pha-a01ea-page-loads-within-threshold-chromium\trace.zip]]
]]>
</system-out>
</testcase>
<testcase name="Phase 2 — Page Performance › Login page loads within threshold" classname="performance-validation.spec.ts" time="2.077">
<system-out>
<![CDATA[
[[ATTACHMENT|..\..\..\shared-testing\test-results\performance-validation-Pha-b5021-page-loads-within-threshold-chromium\test-finished-1.png]]

[[ATTACHMENT|..\..\..\shared-testing\test-results\performance-validation-Pha-b5021-page-loads-within-threshold-chromium\video.webm]]

[[ATTACHMENT|..\..\..\shared-testing\test-results\performance-validation-Pha-b5021-page-loads-within-threshold-chromium\trace.zip]]
]]>
</system-out>
</testcase>
<testcase name="Phase 2 — Page Performance › Register page loads within threshold" classname="performance-validation.spec.ts" time="2.126">
<system-out>
<![CDATA[
[[ATTACHMENT|..\..\..\shared-testing\test-results\performance-validation-Pha-8cb3f-page-loads-within-threshold-chromium\test-finished-1.png]]

[[ATTACHMENT|..\..\..\shared-testing\test-results\performance-validation-Pha-8cb3f-page-loads-within-threshold-chromium\video.webm]]

[[ATTACHMENT|..\..\..\shared-testing\test-results\performance-validation-Pha-8cb3f-page-loads-within-threshold-chromium\trace.zip]]
]]>
</system-out>
</testcase>
<testcase name="Phase 2 — Page Performance › Products page loads within threshold" classname="performance-validation.spec.ts" time="1.812">
<system-out>
<![CDATA[
[[ATTACHMENT|..\..\..\shared-testing\test-results\performance-validation-Pha-b6604-page-loads-within-threshold-chromium\test-finished-1.png]]

[[ATTACHMENT|..\..\..\shared-testing\test-results\performance-validation-Pha-b6604-page-loads-within-threshold-chromium\video.webm]]

[[ATTACHMENT|..\..\..\shared-testing\test-results\performance-validation-Pha-b6604-page-loads-within-threshold-chromium\trace.zip]]
]]>
</system-out>
</testcase>
<testcase name="Phase 2 — Page Performance › Cart page loads within threshold" classname="performance-validation.spec.ts" time="1.553">
<system-out>
<![CDATA[
[[ATTACHMENT|..\..\..\shared-testing\test-results\performance-validation-Pha-e811b-page-loads-within-threshold-chromium\test-finished-1.png]]

[[ATTACHMENT|..\..\..\shared-testing\test-results\performance-validation-Pha-e811b-page-loads-within-threshold-chromium\video.webm]]

[[ATTACHMENT|..\..\..\shared-testing\test-results\performance-validation-Pha-e811b-page-loads-within-threshold-chromium\trace.zip]]
]]>
</system-out>
</testcase>
<testcase name="Phase 2 — Page Performance › Checkout page loads within threshold" classname="performance-validation.spec.ts" time="1.834">
<system-out>
<![CDATA[
[[ATTACHMENT|..\..\..\shared-testing\test-results\performance-validation-Pha-dc1ac-page-loads-within-threshold-chromium\test-finished-1.png]]

[[ATTACHMENT|..\..\..\shared-testing\test-results\performance-validation-Pha-dc1ac-page-loads-within-threshold-chromium\video.webm]]

[[ATTACHMENT|..\..\..\shared-testing\test-results\performance-validation-Pha-dc1ac-page-loads-within-threshold-chromium\trace.zip]]
]]>
</system-out>
</testcase>
<testcase name="Phase 2 — Page Performance › Orders page loads within threshold" classname="performance-validation.spec.ts" time="2.356">
<system-out>
<![CDATA[
[[ATTACHMENT|..\..\..\shared-testing\test-results\performance-validation-Pha-dc2d7-page-loads-within-threshold-chromium\test-finished-1.png]]

[[ATTACHMENT|..\..\..\shared-testing\test-results\performance-validation-Pha-dc2d7-page-loads-within-threshold-chromium\video.webm]]

[[ATTACHMENT|..\..\..\shared-testing\test-results\performance-validation-Pha-dc2d7-page-loads-within-threshold-chromium\trace.zip]]
]]>
</system-out>
</testcase>
<testcase name="Phase 2 — Page Performance › Dashboard page loads within threshold" classname="performance-validation.spec.ts" time="3.945">
<system-out>
<![CDATA[
[[ATTACHMENT|..\..\..\shared-testing\test-results\performance-validation-Pha-32566-page-loads-within-threshold-chromium\test-finished-1.png]]

[[ATTACHMENT|..\..\..\shared-testing\test-results\performance-validation-Pha-32566-page-loads-within-threshold-chromium\video.webm]]

[[ATTACHMENT|..\..\..\shared-testing\test-results\performance-validation-Pha-32566-page-loads-within-threshold-chromium\trace.zip]]
]]>
</system-out>
</testcase>
<testcase name="Phase 2 — Page Performance › Training page loads within threshold" classname="performance-validation.spec.ts" time="2.643">
<system-out>
<![CDATA[
[[ATTACHMENT|..\..\..\shared-testing\test-results\performance-validation-Pha-d194b-page-loads-within-threshold-chromium\test-finished-1.png]]

[[ATTACHMENT|..\..\..\shared-testing\test-results\performance-validation-Pha-d194b-page-loads-within-threshold-chromium\video.webm]]

[[ATTACHMENT|..\..\..\shared-testing\test-results\performance-validation-Pha-d194b-page-loads-within-threshold-chromium\trace.zip]]
]]>
</system-out>
</testcase>
<testcase name="Phase 2 — Page Performance › Admin page loads within threshold" classname="performance-validation.spec.ts" time="3.193">
<system-out>
<![CDATA[
[[ATTACHMENT|..\..\..\shared-testing\test-results\performance-validation-Pha-6c2df-page-loads-within-threshold-chromium\test-finished-1.png]]

[[ATTACHMENT|..\..\..\shared-testing\test-results\performance-validation-Pha-6c2df-page-loads-within-threshold-chromium\video.webm]]

[[ATTACHMENT|..\..\..\shared-testing\test-results\performance-validation-Pha-6c2df-page-loads-within-threshold-chromium\trace.zip]]
]]>
</system-out>
</testcase>
<testcase name="Phase 2 — Page Performance › Settings page loads within threshold" classname="performance-validation.spec.ts" time="1.854">
<system-out>
<![CDATA[
[[ATTACHMENT|..\..\..\shared-testing\test-results\performance-validation-Pha-33feb-page-loads-within-threshold-chromium\test-finished-1.png]]

[[ATTACHMENT|..\..\..\shared-testing\test-results\performance-validation-Pha-33feb-page-loads-within-threshold-chromium\video.webm]]

[[ATTACHMENT|..\..\..\shared-testing\test-results\performance-validation-Pha-33feb-page-loads-within-threshold-chromium\trace.zip]]
]]>
</system-out>
</testcase>
<testcase name="Phase 2 — Page Performance › Search page loads within threshold" classname="performance-validation.spec.ts" time="2.709">
<system-out>
<![CDATA[
[[ATTACHMENT|..\..\..\shared-testing\test-results\performance-validation-Pha-dbf66-page-loads-within-threshold-chromium\test-finished-1.png]]

[[ATTACHMENT|..\..\..\shared-testing\test-results\performance-validation-Pha-dbf66-page-loads-within-threshold-chromium\video.webm]]

[[ATTACHMENT|..\..\..\shared-testing\test-results\performance-validation-Pha-dbf66-page-loads-within-threshold-chromium\trace.zip]]
]]>
</system-out>
</testcase>
<testcase name="Phase 2 — Page Performance › All admin routes load within threshold" classname="performance-validation.spec.ts" time="9.94">
<system-out>
<![CDATA[
[[ATTACHMENT|..\..\..\shared-testing\test-results\performance-validation-Pha-bcf12-outes-load-within-threshold-chromium\test-finished-1.png]]

[[ATTACHMENT|..\..\..\shared-testing\test-results\performance-validation-Pha-bcf12-outes-load-within-threshold-chromium\video.webm]]

[[ATTACHMENT|..\..\..\shared-testing\test-results\performance-validation-Pha-bcf12-outes-load-within-threshold-chromium\trace.zip]]
]]>
</system-out>
</testcase>
<testcase name="Phase 2 — Page Performance › All training routes load within threshold" classname="performance-validation.spec.ts" time="7.867">
<system-out>
<![CDATA[
[[ATTACHMENT|..\..\..\shared-testing\test-results\performance-validation-Pha-768c4-outes-load-within-threshold-chromium\test-finished-1.png]]

[[ATTACHMENT|..\..\..\shared-testing\test-results\performance-validation-Pha-768c4-outes-load-within-threshold-chromium\video.webm]]

[[ATTACHMENT|..\..\..\shared-testing\test-results\performance-validation-Pha-768c4-outes-load-within-threshold-chromium\trace.zip]]
]]>
</system-out>
</testcase>
<testcase name="Phase 3 — Navigation Performance › Route transition completes within threshold" classname="performance-validation.spec.ts" time="4.925">
<system-out>
<![CDATA[
[[ATTACHMENT|..\..\..\shared-testing\test-results\performance-validation-Pha-e0a96--completes-within-threshold-chromium\test-finished-1.png]]

[[ATTACHMENT|..\..\..\shared-testing\test-results\performance-validation-Pha-e0a96--completes-within-threshold-chromium\video.webm]]

[[ATTACHMENT|..\..\..\shared-testing\test-results\performance-validation-Pha-e0a96--completes-within-threshold-chromium\trace.zip]]
]]>
</system-out>
</testcase>
<testcase name="Phase 3 — Navigation Performance › Browser back navigation restores previous page" classname="performance-validation.spec.ts" time="4.036">
<system-out>
<![CDATA[
[[ATTACHMENT|..\..\..\shared-testing\test-results\performance-validation-Pha-f63bc-tion-restores-previous-page-chromium\test-finished-1.png]]

[[ATTACHMENT|..\..\..\shared-testing\test-results\performance-validation-Pha-f63bc-tion-restores-previous-page-chromium\video.webm]]

[[ATTACHMENT|..\..\..\shared-testing\test-results\performance-validation-Pha-f63bc-tion-restores-previous-page-chromium\trace.zip]]
]]>
</system-out>
</testcase>
<testcase name="Phase 3 — Navigation Performance › Browser forward navigation restores next page" classname="performance-validation.spec.ts" time="5.717">
<system-out>
<![CDATA[
[[ATTACHMENT|..\..\..\shared-testing\test-results\performance-validation-Pha-aba21-vigation-restores-next-page-chromium\test-finished-1.png]]

[[ATTACHMENT|..\..\..\shared-testing\test-results\performance-validation-Pha-aba21-vigation-restores-next-page-chromium\video.webm]]

[[ATTACHMENT|..\..\..\shared-testing\test-results\performance-validation-Pha-aba21-vigation-restores-next-page-chromium\trace.zip]]
]]>
</system-out>
</testcase>
<testcase name="Phase 3 — Navigation Performance › Page refresh maintains stability" classname="performance-validation.spec.ts" time="5.881">
<system-out>
<![CDATA[
[[ATTACHMENT|..\..\..\shared-testing\test-results\performance-validation-Pha-f5a7d-refresh-maintains-stability-chromium\test-finished-1.png]]

[[ATTACHMENT|..\..\..\shared-testing\test-results\performance-validation-Pha-f5a7d-refresh-maintains-stability-chromium\video.webm]]

[[ATTACHMENT|..\..\..\shared-testing\test-results\performance-validation-Pha-f5a7d-refresh-maintains-stability-chromium\trace.zip]]
]]>
</system-out>
</testcase>
<testcase name="Phase 3 — Navigation Performance › Deep links resolve correctly" classname="performance-validation.spec.ts" time="5.767">
<system-out>
<![CDATA[
[[ATTACHMENT|..\..\..\shared-testing\test-results\performance-validation-Pha-34563-eep-links-resolve-correctly-chromium\test-finished-1.png]]

[[ATTACHMENT|..\..\..\shared-testing\test-results\performance-validation-Pha-34563-eep-links-resolve-correctly-chromium\video.webm]]

[[ATTACHMENT|..\..\..\shared-testing\test-results\performance-validation-Pha-34563-eep-links-resolve-correctly-chromium\trace.zip]]
]]>
</system-out>
</testcase>
<testcase name="Phase 3 — Navigation Performance › Repeated navigation between routes remains fast" classname="performance-validation.spec.ts" time="22.712">
<system-out>
<![CDATA[
[[ATTACHMENT|..\..\..\shared-testing\test-results\performance-validation-Pha-807b7-between-routes-remains-fast-chromium\test-finished-1.png]]

[[ATTACHMENT|..\..\..\shared-testing\test-results\performance-validation-Pha-807b7-between-routes-remains-fast-chromium\video.webm]]

[[ATTACHMENT|..\..\..\shared-testing\test-results\performance-validation-Pha-807b7-between-routes-remains-fast-chromium\trace.zip]]
]]>
</system-out>
</testcase>
<testcase name="Phase 3 — Navigation Performance › CSS transitions and animations complete smoothly" classname="performance-validation.spec.ts" time="3.45">
<system-out>
<![CDATA[
[[ATTACHMENT|..\..\..\shared-testing\test-results\performance-validation-Pha-9d81c-nimations-complete-smoothly-chromium\test-finished-1.png]]

[[ATTACHMENT|..\..\..\shared-testing\test-results\performance-validation-Pha-9d81c-nimations-complete-smoothly-chromium\video.webm]]

[[ATTACHMENT|..\..\..\shared-testing\test-results\performance-validation-Pha-9d81c-nimations-complete-smoothly-chromium\trace.zip]]
]]>
</system-out>
</testcase>
<testcase name="Phase 4 — Data Loading › Product list renders with acceptable DOM size" classname="performance-validation.spec.ts" time="2.377">
<system-out>
<![CDATA[
[[ATTACHMENT|..\..\..\shared-testing\test-results\performance-validation-Pha-2a513-rs-with-acceptable-DOM-size-chromium\test-finished-1.png]]

[[ATTACHMENT|..\..\..\shared-testing\test-results\performance-validation-Pha-2a513-rs-with-acceptable-DOM-size-chromium\video.webm]]

[[ATTACHMENT|..\..\..\shared-testing\test-results\performance-validation-Pha-2a513-rs-with-acceptable-DOM-size-chromium\trace.zip]]
]]>
</system-out>
</testcase>
<testcase name="Phase 4 — Data Loading › Order history loads within threshold" classname="performance-validation.spec.ts" time="2.926">
<system-out>
<![CDATA[
[[ATTACHMENT|..\..\..\shared-testing\test-results\performance-validation-Pha-1edba-tory-loads-within-threshold-chromium\test-finished-1.png]]

[[ATTACHMENT|..\..\..\shared-testing\test-results\performance-validation-Pha-1edba-tory-loads-within-threshold-chromium\video.webm]]

[[ATTACHMENT|..\..\..\shared-testing\test-results\performance-validation-Pha-1edba-tory-loads-within-threshold-chromium\trace.zip]]
]]>
</system-out>
</testcase>
<testcase name="Phase 4 — Data Loading › Training list loads within threshold" classname="performance-validation.spec.ts" time="2.553">
<system-out>
<![CDATA[
[[ATTACHMENT|..\..\..\shared-testing\test-results\performance-validation-Pha-7b271-list-loads-within-threshold-chromium\test-finished-1.png]]

[[ATTACHMENT|..\..\..\shared-testing\test-results\performance-validation-Pha-7b271-list-loads-within-threshold-chromium\video.webm]]

[[ATTACHMENT|..\..\..\shared-testing\test-results\performance-validation-Pha-7b271-list-loads-within-threshold-chromium\trace.zip]]
]]>
</system-out>
</testcase>
<testcase name="Phase 4 — Data Loading › Pagination controls present on list pages" classname="performance-validation.spec.ts" time="2.033">
<system-out>
<![CDATA[
[[ATTACHMENT|..\..\..\shared-testing\test-results\performance-validation-Pha-6a746-trols-present-on-list-pages-chromium\test-finished-1.png]]

[[ATTACHMENT|..\..\..\shared-testing\test-results\performance-validation-Pha-6a746-trols-present-on-list-pages-chromium\video.webm]]

[[ATTACHMENT|..\..\..\shared-testing\test-results\performance-validation-Pha-6a746-trols-present-on-list-pages-chromium\trace.zip]]
]]>
</system-out>
</testcase>
<testcase name="Phase 4 — Data Loading › Filter controls present and interactive" classname="performance-validation.spec.ts" time="2.669">
<system-out>
<![CDATA[
[[ATTACHMENT|..\..\..\shared-testing\test-results\performance-validation-Pha-3d26c-ols-present-and-interactive-chromium\test-finished-1.png]]

[[ATTACHMENT|..\..\..\shared-testing\test-results\performance-validation-Pha-3d26c-ols-present-and-interactive-chromium\video.webm]]

[[ATTACHMENT|..\..\..\shared-testing\test-results\performance-validation-Pha-3d26c-ols-present-and-interactive-chromium\trace.zip]]
]]>
</system-out>
</testcase>
<testcase name="Phase 4 — Data Loading › Sort controls present and interactive" classname="performance-validation.spec.ts" time="2.825">
<system-out>
<![CDATA[
[[ATTACHMENT|..\..\..\shared-testing\test-results\performance-validation-Pha-a0c2e-ols-present-and-interactive-chromium\test-finished-1.png]]

[[ATTACHMENT|..\..\..\shared-testing\test-results\performance-validation-Pha-a0c2e-ols-present-and-interactive-chromium\video.webm]]

[[ATTACHMENT|..\..\..\shared-testing\test-results\performance-validation-Pha-a0c2e-ols-present-and-interactive-chromium\trace.zip]]
]]>
</system-out>
</testcase>
<testcase name="Phase 4 — Data Loading › Search input present on search page" classname="performance-validation.spec.ts" time="2.398">
<system-out>
<![CDATA[
[[ATTACHMENT|..\..\..\shared-testing\test-results\performance-validation-Pha-4b246-nput-present-on-search-page-chromium\test-finished-1.png]]

[[ATTACHMENT|..\..\..\shared-testing\test-results\performance-validation-Pha-4b246-nput-present-on-search-page-chromium\video.webm]]

[[ATTACHMENT|..\..\..\shared-testing\test-results\performance-validation-Pha-4b246-nput-present-on-search-page-chromium\trace.zip]]
]]>
</system-out>
</testcase>
<testcase name="Phase 4 — Data Loading › User table renders in admin console" classname="performance-validation.spec.ts" time="2.801">
<system-out>
<![CDATA[
[[ATTACHMENT|..\..\..\shared-testing\test-results\performance-validation-Pha-3c129-le-renders-in-admin-console-chromium\test-finished-1.png]]

[[ATTACHMENT|..\..\..\shared-testing\test-results\performance-validation-Pha-3c129-le-renders-in-admin-console-chromium\video.webm]]

[[ATTACHMENT|..\..\..\shared-testing\test-results\performance-validation-Pha-3c129-le-renders-in-admin-console-chromium\trace.zip]]
]]>
</system-out>
</testcase>
<testcase name="Phase 5 — Resource Utilization › Memory usage stays within reasonable limits" classname="performance-validation.spec.ts" time="3.506">
<system-out>
<![CDATA[
[[ATTACHMENT|..\..\..\shared-testing\test-results\performance-validation-Pha-6d025-ys-within-reasonable-limits-chromium\test-finished-1.png]]

[[ATTACHMENT|..\..\..\shared-testing\test-results\performance-validation-Pha-6d025-ys-within-reasonable-limits-chromium\video.webm]]

[[ATTACHMENT|..\..\..\shared-testing\test-results\performance-validation-Pha-6d025-ys-within-reasonable-limits-chromium\trace.zip]]
]]>
</system-out>
</testcase>
<testcase name="Phase 5 — Resource Utilization › DOM does not grow excessively with repeated navigation" classname="performance-validation.spec.ts" time="10.929">
<system-out>
<![CDATA[
[[ATTACHMENT|..\..\..\shared-testing\test-results\performance-validation-Pha-8949d-ly-with-repeated-navigation-chromium\test-finished-1.png]]

[[ATTACHMENT|..\..\..\shared-testing\test-results\performance-validation-Pha-8949d-ly-with-repeated-navigation-chromium\video.webm]]

[[ATTACHMENT|..\..\..\shared-testing\test-results\performance-validation-Pha-8949d-ly-with-repeated-navigation-chromium\trace.zip]]
]]>
</system-out>
</testcase>
<testcase name="Phase 5 — Resource Utilization › Network request count stays reasonable per page" classname="performance-validation.spec.ts" time="4.466">
<system-out>
<![CDATA[
[[ATTACHMENT|..\..\..\shared-testing\test-results\performance-validation-Pha-462aa-t-stays-reasonable-per-page-chromium\test-finished-1.png]]

[[ATTACHMENT|..\..\..\shared-testing\test-results\performance-validation-Pha-462aa-t-stays-reasonable-per-page-chromium\video.webm]]

[[ATTACHMENT|..\..\..\shared-testing\test-results\performance-validation-Pha-462aa-t-stays-reasonable-per-page-chromium\trace.zip]]
]]>
</system-out>
</testcase>
<testcase name="Phase 5 — Resource Utilization › No resource leaks over repeated page visits" classname="performance-validation.spec.ts" time="9.179">
<system-out>
<![CDATA[
[[ATTACHMENT|..\..\..\shared-testing\test-results\performance-validation-Pha-09c3b-s-over-repeated-page-visits-chromium\test-finished-1.png]]

[[ATTACHMENT|..\..\..\shared-testing\test-results\performance-validation-Pha-09c3b-s-over-repeated-page-visits-chromium\video.webm]]

[[ATTACHMENT|..\..\..\shared-testing\test-results\performance-validation-Pha-09c3b-s-over-repeated-page-visits-chromium\trace.zip]]
]]>
</system-out>
</testcase>
<testcase name="Phase 5 — Resource Utilization › Repeated interactions do not accumulate DOM nodes" classname="performance-validation.spec.ts" time="14.218">
<system-out>
<![CDATA[
[[ATTACHMENT|..\..\..\shared-testing\test-results\performance-validation-Pha-04d26-do-not-accumulate-DOM-nodes-chromium\test-finished-1.png]]

[[ATTACHMENT|..\..\..\shared-testing\test-results\performance-validation-Pha-04d26-do-not-accumulate-DOM-nodes-chromium\video.webm]]

[[ATTACHMENT|..\..\..\shared-testing\test-results\performance-validation-Pha-04d26-do-not-accumulate-DOM-nodes-chromium\trace.zip]]
]]>
</system-out>
</testcase>
<testcase name="Phase 5 — Resource Utilization › No excessive re-renders or layout thrashing" classname="performance-validation.spec.ts" time="6.9">
<system-out>
<![CDATA[
[[ATTACHMENT|..\..\..\shared-testing\test-results\performance-validation-Pha-3ea74-renders-or-layout-thrashing-chromium\test-finished-1.png]]

[[ATTACHMENT|..\..\..\shared-testing\test-results\performance-validation-Pha-3ea74-renders-or-layout-thrashing-chromium\video.webm]]

[[ATTACHMENT|..\..\..\shared-testing\test-results\performance-validation-Pha-3ea74-renders-or-layout-thrashing-chromium\trace.zip]]
]]>
</system-out>
</testcase>
<testcase name="Phase 6 — Long Session Reliability › Session remains stable after repeated navigation" classname="performance-validation.spec.ts" time="18.097">
<system-out>
<![CDATA[
[[ATTACHMENT|..\..\..\shared-testing\test-results\performance-validation-Pha-ce416-e-after-repeated-navigation-chromium\test-finished-1.png]]

[[ATTACHMENT|..\..\..\shared-testing\test-results\performance-validation-Pha-ce416-e-after-repeated-navigation-chromium\video.webm]]

[[ATTACHMENT|..\..\..\shared-testing\test-results\performance-validation-Pha-ce416-e-after-repeated-navigation-chromium\trace.zip]]
]]>
</system-out>
</testcase>
<testcase name="Phase 6 — Long Session Reliability › Memory does not leak over sustained usage" classname="performance-validation.spec.ts" time="25.275">
<system-out>
<![CDATA[
[[ATTACHMENT|..\..\..\shared-testing\test-results\performance-validation-Pha-27995-t-leak-over-sustained-usage-chromium\test-finished-1.png]]

[[ATTACHMENT|..\..\..\shared-testing\test-results\performance-validation-Pha-27995-t-leak-over-sustained-usage-chromium\video.webm]]

[[ATTACHMENT|..\..\..\shared-testing\test-results\performance-validation-Pha-27995-t-leak-over-sustained-usage-chromium\trace.zip]]
]]>
</system-out>
</testcase>
<testcase name="Phase 6 — Long Session Reliability › UI remains responsive after prolonged interaction" classname="performance-validation.spec.ts" time="12.094">
<system-out>
<![CDATA[
[[ATTACHMENT|..\..\..\shared-testing\test-results\performance-validation-Pha-4ee40-after-prolonged-interaction-chromium\test-finished-1.png]]

[[ATTACHMENT|..\..\..\shared-testing\test-results\performance-validation-Pha-4ee40-after-prolonged-interaction-chromium\video.webm]]

[[ATTACHMENT|..\..\..\shared-testing\test-results\performance-validation-Pha-4ee40-after-prolonged-interaction-chromium\trace.zip]]
]]>
</system-out>
</testcase>
<testcase name="Phase 6 — Long Session Reliability › No unexpected full page reloads during session" classname="performance-validation.spec.ts" time="14.029">
<system-out>
<![CDATA[
[[ATTACHMENT|..\..\..\shared-testing\test-results\performance-validation-Pha-198f8-page-reloads-during-session-chromium\test-finished-1.png]]

[[ATTACHMENT|..\..\..\shared-testing\test-results\performance-validation-Pha-198f8-page-reloads-during-session-chromium\video.webm]]

[[ATTACHMENT|..\..\..\shared-testing\test-results\performance-validation-Pha-198f8-page-reloads-during-session-chromium\trace.zip]]
]]>
</system-out>
</testcase>
<testcase name="Phase 6 — Long Session Reliability › Repeated search queries maintain performance" classname="performance-validation.spec.ts" time="11.244">
<system-out>
<![CDATA[
[[ATTACHMENT|..\..\..\shared-testing\test-results\performance-validation-Pha-24598-ueries-maintain-performance-chromium\test-finished-1.png]]

[[ATTACHMENT|..\..\..\shared-testing\test-results\performance-validation-Pha-24598-ueries-maintain-performance-chromium\video.webm]]

[[ATTACHMENT|..\..\..\shared-testing\test-results\performance-validation-Pha-24598-ueries-maintain-performance-chromium\trace.zip]]
]]>
</system-out>
</testcase>
<testcase name="Phase 6 — Long Session Reliability › Dashboard remains stable after repeated views" classname="performance-validation.spec.ts" time="24.527">
<system-out>
<![CDATA[
[[ATTACHMENT|..\..\..\shared-testing\test-results\performance-validation-Pha-948b6-stable-after-repeated-views-chromium\test-finished-1.png]]

[[ATTACHMENT|..\..\..\shared-testing\test-results\performance-validation-Pha-948b6-stable-after-repeated-views-chromium\video.webm]]

[[ATTACHMENT|..\..\..\shared-testing\test-results\performance-validation-Pha-948b6-stable-after-repeated-views-chromium\trace.zip]]
]]>
</system-out>
</testcase>
<testcase name="Phase 7 — Error Recovery › Page handles navigation after route change" classname="performance-validation.spec.ts" time="3.78">
<system-out>
<![CDATA[
[[ATTACHMENT|..\..\..\shared-testing\test-results\performance-validation-Pha-6e8a0-vigation-after-route-change-chromium\test-finished-1.png]]

[[ATTACHMENT|..\..\..\shared-testing\test-results\performance-validation-Pha-6e8a0-vigation-after-route-change-chromium\video.webm]]

[[ATTACHMENT|..\..\..\shared-testing\test-results\performance-validation-Pha-6e8a0-vigation-after-route-change-chromium\trace.zip]]
]]>
</system-out>
</testcase>
<testcase name="Phase 7 — Error Recovery › Browser refresh restores page correctly" classname="performance-validation.spec.ts" time="5.554">
<system-out>
<![CDATA[
[[ATTACHMENT|..\..\..\shared-testing\test-results\performance-validation-Pha-af79a-esh-restores-page-correctly-chromium\test-finished-1.png]]

[[ATTACHMENT|..\..\..\shared-testing\test-results\performance-validation-Pha-af79a-esh-restores-page-correctly-chromium\video.webm]]

[[ATTACHMENT|..\..\..\shared-testing\test-results\performance-validation-Pha-af79a-esh-restores-page-correctly-chromium\trace.zip]]
]]>
</system-out>
</testcase>
<testcase name="Phase 7 — Error Recovery › Tab restoration re-renders page correctly" classname="performance-validation.spec.ts" time="4.408">
<system-out>
<![CDATA[
[[ATTACHMENT|..\..\..\shared-testing\test-results\performance-validation-Pha-c7522-n-re-renders-page-correctly-chromium\test-finished-1.png]]

[[ATTACHMENT|..\..\..\shared-testing\test-results\performance-validation-Pha-c7522-n-re-renders-page-correctly-chromium\video.webm]]

[[ATTACHMENT|..\..\..\shared-testing\test-results\performance-validation-Pha-c7522-n-re-renders-page-correctly-chromium\trace.zip]]
]]>
</system-out>
</testcase>
<testcase name="Phase 7 — Error Recovery › Page is reachable after multiple route changes" classname="performance-validation.spec.ts" time="8.541">
<system-out>
<![CDATA[
[[ATTACHMENT|..\..\..\shared-testing\test-results\performance-validation-Pha-3ce6a-fter-multiple-route-changes-chromium\test-finished-1.png]]

[[ATTACHMENT|..\..\..\shared-testing\test-results\performance-validation-Pha-3ce6a-fter-multiple-route-changes-chromium\video.webm]]

[[ATTACHMENT|..\..\..\shared-testing\test-results\performance-validation-Pha-3ce6a-fter-multiple-route-changes-chromium\trace.zip]]
]]>
</system-out>
</testcase>
<testcase name="Phase 7 — Error Recovery › Slow page loads do not break application" classname="performance-validation.spec.ts" time="3.419">
<system-out>
<![CDATA[
[[ATTACHMENT|..\..\..\shared-testing\test-results\performance-validation-Pha-15226-ds-do-not-break-application-chromium\test-finished-1.png]]

[[ATTACHMENT|..\..\..\shared-testing\test-results\performance-validation-Pha-15226-ds-do-not-break-application-chromium\video.webm]]

[[ATTACHMENT|..\..\..\shared-testing\test-results\performance-validation-Pha-15226-ds-do-not-break-application-chromium\trace.zip]]
]]>
</system-out>
</testcase>
<testcase name="Phase 7 — Error Recovery › Navigation to nonexistent route shows fallback UI" classname="performance-validation.spec.ts" time="2.466">
<system-out>
<![CDATA[
[[ATTACHMENT|..\..\..\shared-testing\test-results\performance-validation-Pha-40833-ent-route-shows-fallback-UI-chromium\test-finished-1.png]]

[[ATTACHMENT|..\..\..\shared-testing\test-results\performance-validation-Pha-40833-ent-route-shows-fallback-UI-chromium\video.webm]]

[[ATTACHMENT|..\..\..\shared-testing\test-results\performance-validation-Pha-40833-ent-route-shows-fallback-UI-chromium\trace.zip]]
]]>
</system-out>
</testcase>
<testcase name="Phase 7 — Error Recovery › Rapid repeated navigation does not cause crash" classname="performance-validation.spec.ts" time="6.382">
<system-out>
<![CDATA[
[[ATTACHMENT|..\..\..\shared-testing\test-results\performance-validation-Pha-eb1d8-gation-does-not-cause-crash-chromium\test-finished-1.png]]

[[ATTACHMENT|..\..\..\shared-testing\test-results\performance-validation-Pha-eb1d8-gation-does-not-cause-crash-chromium\video.webm]]

[[ATTACHMENT|..\..\..\shared-testing\test-results\performance-validation-Pha-eb1d8-gation-does-not-cause-crash-chromium\trace.zip]]
]]>
</system-out>
</testcase>
<testcase name="Phase 7 — Error Recovery › Browser back/forward after deep navigation" classname="performance-validation.spec.ts" time="6.835">
<system-out>
<![CDATA[
[[ATTACHMENT|..\..\..\shared-testing\test-results\performance-validation-Pha-357e4-rward-after-deep-navigation-chromium\test-finished-1.png]]

[[ATTACHMENT|..\..\..\shared-testing\test-results\performance-validation-Pha-357e4-rward-after-deep-navigation-chromium\video.webm]]

[[ATTACHMENT|..\..\..\shared-testing\test-results\performance-validation-Pha-357e4-rward-after-deep-navigation-chromium\trace.zip]]
]]>
</system-out>
</testcase>
<testcase name="Phase 8 — Concurrency › Multiple tabs can load simultaneously" classname="performance-validation.spec.ts" time="3.236">
<system-out>
<![CDATA[
[[ATTACHMENT|..\..\..\shared-testing\test-results\performance-validation-Pha-b19cc-abs-can-load-simultaneously-chromium\test-finished-1.png]]

[[ATTACHMENT|..\..\..\shared-testing\test-results\performance-validation-Pha-b19cc-abs-can-load-simultaneously-chromium\test-finished-2.png]]

[[ATTACHMENT|..\..\..\shared-testing\test-results\performance-validation-Pha-b19cc-abs-can-load-simultaneously-chromium\trace.zip]]
]]>
</system-out>
</testcase>
<testcase name="Phase 8 — Concurrency › Rapid clicking does not break navigation" classname="performance-validation.spec.ts" time="3.383">
<system-out>
<![CDATA[
[[ATTACHMENT|..\..\..\shared-testing\test-results\performance-validation-Pha-3ad5c-g-does-not-break-navigation-chromium\test-finished-1.png]]

[[ATTACHMENT|..\..\..\shared-testing\test-results\performance-validation-Pha-3ad5c-g-does-not-break-navigation-chromium\video.webm]]

[[ATTACHMENT|..\..\..\shared-testing\test-results\performance-validation-Pha-3ad5c-g-does-not-break-navigation-chromium\trace.zip]]
]]>
</system-out>
</testcase>
<testcase name="Phase 8 — Concurrency › Simultaneous navigation requests are handled" classname="performance-validation.spec.ts" time="1.938">
<system-out>
<![CDATA[
[[ATTACHMENT|..\..\..\shared-testing\test-results\performance-validation-Pha-7f72a-gation-requests-are-handled-chromium\test-finished-1.png]]

[[ATTACHMENT|..\..\..\shared-testing\test-results\performance-validation-Pha-7f72a-gation-requests-are-handled-chromium\video.webm]]

[[ATTACHMENT|..\..\..\shared-testing\test-results\performance-validation-Pha-7f72a-gation-requests-are-handled-chromium\trace.zip]]
]]>
</system-out>
</testcase>
<testcase name="Phase 8 — Concurrency › Repeated identical requests do not degrade performance" classname="performance-validation.spec.ts" time="7.819">
<system-out>
<![CDATA[
[[ATTACHMENT|..\..\..\shared-testing\test-results\performance-validation-Pha-5318a--do-not-degrade-performance-chromium\test-finished-1.png]]

[[ATTACHMENT|..\..\..\shared-testing\test-results\performance-validation-Pha-5318a--do-not-degrade-performance-chromium\video.webm]]

[[ATTACHMENT|..\..\..\shared-testing\test-results\performance-validation-Pha-5318a--do-not-degrade-performance-chromium\trace.zip]]
]]>
</system-out>
</testcase>
<testcase name="Phase 8 — Concurrency › Tab switching preserves state" classname="performance-validation.spec.ts" time="4.55">
<system-out>
<![CDATA[
[[ATTACHMENT|..\..\..\shared-testing\test-results\performance-validation-Pha-8c37d-b-switching-preserves-state-chromium\test-finished-1.png]]

[[ATTACHMENT|..\..\..\shared-testing\test-results\performance-validation-Pha-8c37d-b-switching-preserves-state-chromium\test-finished-2.png]]

[[ATTACHMENT|..\..\..\shared-testing\test-results\performance-validation-Pha-8c37d-b-switching-preserves-state-chromium\trace.zip]]
]]>
</system-out>
</testcase>
<testcase name="Phase 8 — Concurrency › Concurrent browser contexts remain independent" classname="performance-validation.spec.ts" time="6.198">
<system-out>
<![CDATA[
[[ATTACHMENT|..\..\..\shared-testing\test-results\performance-validation-Pha-9d962-contexts-remain-independent-chromium\test-finished-1.png]]

[[ATTACHMENT|..\..\..\shared-testing\test-results\performance-validation-Pha-9d962-contexts-remain-independent-chromium\test-finished-2.png]]

[[ATTACHMENT|..\..\..\shared-testing\test-results\performance-validation-Pha-9d962-contexts-remain-independent-chromium\trace.zip]]
]]>
</system-out>
</testcase>
<testcase name="Phase 9 — Responsive Performance › Desktop viewport renders all key pages" classname="performance-validation.spec.ts" time="7.572">
<system-out>
<![CDATA[
[[ATTACHMENT|..\..\..\shared-testing\test-results\performance-validation-Pha-d18e9-wport-renders-all-key-pages-chromium\test-finished-1.png]]

[[ATTACHMENT|..\..\..\shared-testing\test-results\performance-validation-Pha-d18e9-wport-renders-all-key-pages-chromium\video.webm]]

[[ATTACHMENT|..\..\..\shared-testing\test-results\performance-validation-Pha-d18e9-wport-renders-all-key-pages-chromium\trace.zip]]
]]>
</system-out>
</testcase>
<testcase name="Phase 9 — Responsive Performance › Tablet viewport renders all key pages" classname="performance-validation.spec.ts" time="6.795">
<system-out>
<![CDATA[
[[ATTACHMENT|..\..\..\shared-testing\test-results\performance-validation-Pha-d7e56-wport-renders-all-key-pages-chromium\test-finished-1.png]]

[[ATTACHMENT|..\..\..\shared-testing\test-results\performance-validation-Pha-d7e56-wport-renders-all-key-pages-chromium\video.webm]]

[[ATTACHMENT|..\..\..\shared-testing\test-results\performance-validation-Pha-d7e56-wport-renders-all-key-pages-chromium\trace.zip]]
]]>
</system-out>
</testcase>
<testcase name="Phase 9 — Responsive Performance › Mobile viewport renders all key pages" classname="performance-validation.spec.ts" time="7.159">
<system-out>
<![CDATA[
[[ATTACHMENT|..\..\..\shared-testing\test-results\performance-validation-Pha-5d73f-wport-renders-all-key-pages-chromium\test-finished-1.png]]

[[ATTACHMENT|..\..\..\shared-testing\test-results\performance-validation-Pha-5d73f-wport-renders-all-key-pages-chromium\video.webm]]

[[ATTACHMENT|..\..\..\shared-testing\test-results\performance-validation-Pha-5d73f-wport-renders-all-key-pages-chromium\trace.zip]]
]]>
</system-out>
</testcase>
<testcase name="Phase 9 — Responsive Performance › Scrolling performance on list pages" classname="performance-validation.spec.ts" time="3.01">
<system-out>
<![CDATA[
[[ATTACHMENT|..\..\..\shared-testing\test-results\performance-validation-Pha-30632-g-performance-on-list-pages-chromium\test-finished-1.png]]

[[ATTACHMENT|..\..\..\shared-testing\test-results\performance-validation-Pha-30632-g-performance-on-list-pages-chromium\video.webm]]

[[ATTACHMENT|..\..\..\shared-testing\test-results\performance-validation-Pha-30632-g-performance-on-list-pages-chromium\trace.zip]]
]]>
</system-out>
</testcase>
<testcase name="Phase 9 — Responsive Performance › No layout shifts on viewport changes" classname="performance-validation.spec.ts" time="4.271">
<system-out>
<![CDATA[
[[ATTACHMENT|..\..\..\shared-testing\test-results\performance-validation-Pha-386ef--shifts-on-viewport-changes-chromium\test-finished-1.png]]

[[ATTACHMENT|..\..\..\shared-testing\test-results\performance-validation-Pha-386ef--shifts-on-viewport-changes-chromium\video.webm]]

[[ATTACHMENT|..\..\..\shared-testing\test-results\performance-validation-Pha-386ef--shifts-on-viewport-changes-chromium\trace.zip]]
]]>
</system-out>
</testcase>
<testcase name="Phase 10 — Cross-Browser Performance › Browser capabilities detected" classname="performance-validation.spec.ts" time="0.88">
<system-out>
<![CDATA[
[[ATTACHMENT|..\..\..\shared-testing\test-results\performance-validation-Pha-5894d-owser-capabilities-detected-chromium\test-finished-1.png]]

[[ATTACHMENT|..\..\..\shared-testing\test-results\performance-validation-Pha-5894d-owser-capabilities-detected-chromium\video.webm]]

[[ATTACHMENT|..\..\..\shared-testing\test-results\performance-validation-Pha-5894d-owser-capabilities-detected-chromium\trace.zip]]
]]>
</system-out>
</testcase>
<testcase name="Phase 10 — Cross-Browser Performance › Performance API available across browsers" classname="performance-validation.spec.ts" time="0.954">
<system-out>
<![CDATA[
[[ATTACHMENT|..\..\..\shared-testing\test-results\performance-validation-Pha-8bb10-I-available-across-browsers-chromium\test-finished-1.png]]

[[ATTACHMENT|..\..\..\shared-testing\test-results\performance-validation-Pha-8bb10-I-available-across-browsers-chromium\video.webm]]

[[ATTACHMENT|..\..\..\shared-testing\test-results\performance-validation-Pha-8bb10-I-available-across-browsers-chromium\trace.zip]]
]]>
</system-out>
</testcase>
<testcase name="Phase 10 — Cross-Browser Performance › Render engine reports timing data" classname="performance-validation.spec.ts" time="2.861">
<system-out>
<![CDATA[
[[ATTACHMENT|..\..\..\shared-testing\test-results\performance-validation-Pha-0118b--engine-reports-timing-data-chromium\test-finished-1.png]]

[[ATTACHMENT|..\..\..\shared-testing\test-results\performance-validation-Pha-0118b--engine-reports-timing-data-chromium\video.webm]]

[[ATTACHMENT|..\..\..\shared-testing\test-results\performance-validation-Pha-0118b--engine-reports-timing-data-chromium\trace.zip]]
]]>
</system-out>
</testcase>
<testcase name="Phase 11 — Accessibility Impact › Keyboard navigation does not degrade page performance" classname="performance-validation.spec.ts" time="5.58">
<system-out>
<![CDATA[
[[ATTACHMENT|..\..\..\shared-testing\test-results\performance-validation-Pha-c1cf6-ot-degrade-page-performance-chromium\test-finished-1.png]]

[[ATTACHMENT|..\..\..\shared-testing\test-results\performance-validation-Pha-c1cf6-ot-degrade-page-performance-chromium\video.webm]]

[[ATTACHMENT|..\..\..\shared-testing\test-results\performance-validation-Pha-c1cf6-ot-degrade-page-performance-chromium\trace.zip]]
]]>
</system-out>
</testcase>
<testcase name="Phase 11 — Accessibility Impact › Focus movement does not cause layout shifts" classname="performance-validation.spec.ts" time="3.852">
<system-out>
<![CDATA[
[[ATTACHMENT|..\..\..\shared-testing\test-results\performance-validation-Pha-7f823-oes-not-cause-layout-shifts-chromium\test-finished-1.png]]

[[ATTACHMENT|..\..\..\shared-testing\test-results\performance-validation-Pha-7f823-oes-not-cause-layout-shifts-chromium\video.webm]]

[[ATTACHMENT|..\..\..\shared-testing\test-results\performance-validation-Pha-7f823-oes-not-cause-layout-shifts-chromium\trace.zip]]
]]>
</system-out>
</testcase>
<testcase name="Phase 11 — Accessibility Impact › ARIA live regions update without performance impact" classname="performance-validation.spec.ts" time="3.195">
<system-out>
<![CDATA[
[[ATTACHMENT|..\..\..\shared-testing\test-results\performance-validation-Pha-2e224--without-performance-impact-chromium\test-finished-1.png]]

[[ATTACHMENT|..\..\..\shared-testing\test-results\performance-validation-Pha-2e224--without-performance-impact-chromium\video.webm]]

[[ATTACHMENT|..\..\..\shared-testing\test-results\performance-validation-Pha-2e224--without-performance-impact-chromium\trace.zip]]
]]>
</system-out>
</testcase>
<testcase name="Phase 11 — Accessibility Impact › Screen reader announcements do not block rendering" classname="performance-validation.spec.ts" time="3.84">
<system-out>
<![CDATA[
[[ATTACHMENT|..\..\..\shared-testing\test-results\performance-validation-Pha-59325-ents-do-not-block-rendering-chromium\test-finished-1.png]]

[[ATTACHMENT|..\..\..\shared-testing\test-results\performance-validation-Pha-59325-ents-do-not-block-rendering-chromium\video.webm]]

[[ATTACHMENT|..\..\..\shared-testing\test-results\performance-validation-Pha-59325-ents-do-not-block-rendering-chromium\trace.zip]]
]]>
</system-out>
</testcase>
<testcase name="Phase 12 — Visual Stability › Skeleton loaders or progress indicators present during load" classname="performance-validation.spec.ts" time="3.484">
<system-out>
<![CDATA[
[[ATTACHMENT|..\..\..\shared-testing\test-results\performance-validation-Pha-cbed8-icators-present-during-load-chromium\test-finished-1.png]]

[[ATTACHMENT|..\..\..\shared-testing\test-results\performance-validation-Pha-cbed8-icators-present-during-load-chromium\video.webm]]

[[ATTACHMENT|..\..\..\shared-testing\test-results\performance-validation-Pha-cbed8-icators-present-during-load-chromium\trace.zip]]
]]>
</system-out>
</testcase>
<testcase name="Phase 12 — Visual Stability › Images load with correct dimensions" classname="performance-validation.spec.ts" time="3.291">
<system-out>
<![CDATA[
[[ATTACHMENT|..\..\..\shared-testing\test-results\performance-validation-Pha-c0326-oad-with-correct-dimensions-chromium\test-finished-1.png]]

[[ATTACHMENT|..\..\..\shared-testing\test-results\performance-validation-Pha-c0326-oad-with-correct-dimensions-chromium\video.webm]]

[[ATTACHMENT|..\..\..\shared-testing\test-results\performance-validation-Pha-c0326-oad-with-correct-dimensions-chromium\trace.zip]]
]]>
</system-out>
</testcase>
<testcase name="Phase 12 — Visual Stability › Typography renders without layout shift" classname="performance-validation.spec.ts" time="3.343">
<system-out>
<![CDATA[
[[ATTACHMENT|..\..\..\shared-testing\test-results\performance-validation-Pha-5e85c-enders-without-layout-shift-chromium\test-finished-1.png]]

[[ATTACHMENT|..\..\..\shared-testing\test-results\performance-validation-Pha-5e85c-enders-without-layout-shift-chromium\video.webm]]

[[ATTACHMENT|..\..\..\shared-testing\test-results\performance-validation-Pha-5e85c-enders-without-layout-shift-chromium\trace.zip]]
]]>
</system-out>
</testcase>
<testcase name="Phase 12 — Visual Stability › Animations use compositor-friendly properties" classname="performance-validation.spec.ts" time="3.242">
<system-out>
<![CDATA[
[[ATTACHMENT|..\..\..\shared-testing\test-results\performance-validation-Pha-a1cd0-positor-friendly-properties-chromium\test-finished-1.png]]

[[ATTACHMENT|..\..\..\shared-testing\test-results\performance-validation-Pha-a1cd0-positor-friendly-properties-chromium\video.webm]]

[[ATTACHMENT|..\..\..\shared-testing\test-results\performance-validation-Pha-a1cd0-positor-friendly-properties-chromium\trace.zip]]
]]>
</system-out>
</testcase>
<testcase name="Phase 12 — Visual Stability › Responsive breakpoints render correctly" classname="performance-validation.spec.ts" time="8.466">
<system-out>
<![CDATA[
[[ATTACHMENT|..\..\..\shared-testing\test-results\performance-validation-Pha-9728d-reakpoints-render-correctly-chromium\test-finished-1.png]]

[[ATTACHMENT|..\..\..\shared-testing\test-results\performance-validation-Pha-9728d-reakpoints-render-correctly-chromium\video.webm]]

[[ATTACHMENT|..\..\..\shared-testing\test-results\performance-validation-Pha-9728d-reakpoints-render-correctly-chromium\trace.zip]]
]]>
</system-out>
</testcase>
<testcase name="Phase 12 — Visual Stability › No visible UI corruption after route changes" classname="performance-validation.spec.ts" time="8.365">
<system-out>
<![CDATA[
[[ATTACHMENT|..\..\..\shared-testing\test-results\performance-validation-Pha-8cbb7-ruption-after-route-changes-chromium\test-finished-1.png]]

[[ATTACHMENT|..\..\..\shared-testing\test-results\performance-validation-Pha-8cbb7-ruption-after-route-changes-chromium\video.webm]]

[[ATTACHMENT|..\..\..\shared-testing\test-results\performance-validation-Pha-8cbb7-ruption-after-route-changes-chromium\trace.zip]]
]]>
</system-out>
</testcase>
<testcase name="Phase 13 — Observability › No console errors during page loads" classname="performance-validation.spec.ts" time="8.305">
<system-out>
<![CDATA[
[[ATTACHMENT|..\..\..\shared-testing\test-results\performance-validation-Pha-dbfea-le-errors-during-page-loads-chromium\test-finished-1.png]]

[[ATTACHMENT|..\..\..\shared-testing\test-results\performance-validation-Pha-dbfea-le-errors-during-page-loads-chromium\video.webm]]

[[ATTACHMENT|..\..\..\shared-testing\test-results\performance-validation-Pha-dbfea-le-errors-during-page-loads-chromium\trace.zip]]
]]>
</system-out>
</testcase>
<testcase name="Phase 13 — Observability › No unhandled promise rejections" classname="performance-validation.spec.ts" time="5.15">
<system-out>
<![CDATA[
[[ATTACHMENT|..\..\..\shared-testing\test-results\performance-validation-Pha-5938c-nhandled-promise-rejections-chromium\test-finished-1.png]]

[[ATTACHMENT|..\..\..\shared-testing\test-results\performance-validation-Pha-5938c-nhandled-promise-rejections-chromium\video.webm]]

[[ATTACHMENT|..\..\..\shared-testing\test-results\performance-validation-Pha-5938c-nhandled-promise-rejections-chromium\trace.zip]]
]]>
</system-out>
</testcase>
<testcase name="Phase 13 — Observability › HTTP status codes are satisfactory" classname="performance-validation.spec.ts" time="9.198">
<system-out>
<![CDATA[
[[ATTACHMENT|..\..\..\shared-testing\test-results\performance-validation-Pha-448ff-atus-codes-are-satisfactory-chromium\test-finished-1.png]]

[[ATTACHMENT|..\..\..\shared-testing\test-results\performance-validation-Pha-448ff-atus-codes-are-satisfactory-chromium\video.webm]]

[[ATTACHMENT|..\..\..\shared-testing\test-results\performance-validation-Pha-448ff-atus-codes-are-satisfactory-chromium\trace.zip]]
]]>
</system-out>
</testcase>
<testcase name="Phase 13 — Observability › Console warnings do not indicate performance issues" classname="performance-validation.spec.ts" time="6.79">
<system-out>
<![CDATA[
[[ATTACHMENT|..\..\..\shared-testing\test-results\performance-validation-Pha-2d690-indicate-performance-issues-chromium\test-finished-1.png]]

[[ATTACHMENT|..\..\..\shared-testing\test-results\performance-validation-Pha-2d690-indicate-performance-issues-chromium\video.webm]]

[[ATTACHMENT|..\..\..\shared-testing\test-results\performance-validation-Pha-2d690-indicate-performance-issues-chromium\trace.zip]]
]]>
</system-out>
</testcase>
<testcase name="Phase 13 — Observability › Performance timing data available for analysis" classname="performance-validation.spec.ts" time="3.888">
<system-out>
<![CDATA[
[[ATTACHMENT|..\..\..\shared-testing\test-results\performance-validation-Pha-d6ecd-data-available-for-analysis-chromium\test-finished-1.png]]

[[ATTACHMENT|..\..\..\shared-testing\test-results\performance-validation-Pha-d6ecd-data-available-for-analysis-chromium\video.webm]]

[[ATTACHMENT|..\..\..\shared-testing\test-results\performance-validation-Pha-d6ecd-data-available-for-analysis-chromium\trace.zip]]
]]>
</system-out>
</testcase>
<testcase name="Phase 13 — Observability › Browser diagnostics captured" classname="performance-validation.spec.ts" time="1.11">
<system-out>
<![CDATA[
[[ATTACHMENT|..\..\..\shared-testing\test-results\performance-validation-Pha-adadc-rowser-diagnostics-captured-chromium\test-finished-1.png]]

[[ATTACHMENT|..\..\..\shared-testing\test-results\performance-validation-Pha-adadc-rowser-diagnostics-captured-chromium\video.webm]]

[[ATTACHMENT|..\..\..\shared-testing\test-results\performance-validation-Pha-adadc-rowser-diagnostics-captured-chromium\trace.zip]]
]]>
</system-out>
</testcase>
<testcase name="Phase 14 — Evidence Collection › Browser and viewport info captured" classname="performance-validation.spec.ts" time="0.637">
<system-out>
<![CDATA[
[[ATTACHMENT|..\..\..\shared-testing\test-results\performance-validation-Pha-90c31--and-viewport-info-captured-chromium\test-finished-1.png]]

[[ATTACHMENT|..\..\..\shared-testing\test-results\performance-validation-Pha-90c31--and-viewport-info-captured-chromium\video.webm]]

[[ATTACHMENT|..\..\..\shared-testing\test-results\performance-validation-Pha-90c31--and-viewport-info-captured-chromium\trace.zip]]
]]>
</system-out>
</testcase>
<testcase name="Phase 14 — Evidence Collection › Performance traces collected during session" classname="performance-validation.spec.ts" time="3.462">
<system-out>
<![CDATA[
[[ATTACHMENT|..\..\..\shared-testing\test-results\performance-validation-Pha-c9e45-es-collected-during-session-chromium\test-finished-1.png]]

[[ATTACHMENT|..\..\..\shared-testing\test-results\performance-validation-Pha-c9e45-es-collected-during-session-chromium\video.webm]]

[[ATTACHMENT|..\..\..\shared-testing\test-results\performance-validation-Pha-c9e45-es-collected-during-session-chromium\trace.zip]]
]]>
</system-out>
</testcase>
<testcase name="Phase 14 — Evidence Collection › Network request log available" classname="performance-validation.spec.ts" time="3.338">
<system-out>
<![CDATA[
[[ATTACHMENT|..\..\..\shared-testing\test-results\performance-validation-Pha-11625-twork-request-log-available-chromium\test-finished-1.png]]

[[ATTACHMENT|..\..\..\shared-testing\test-results\performance-validation-Pha-11625-twork-request-log-available-chromium\video.webm]]

[[ATTACHMENT|..\..\..\shared-testing\test-results\performance-validation-Pha-11625-twork-request-log-available-chromium\trace.zip]]
]]>
</system-out>
</testcase>
</testsuite>
<testsuite name="performance-validation.spec.ts" timestamp="2026-07-17T13:46:21.804Z" hostname="webkit" tests="90" failures="0" skipped="0" time="759.911" errors="0">
<testcase name="Phase 1 — Application Startup › Cold start — initial page load within threshold" classname="performance-validation.spec.ts" time="3.744">
<system-out>
<![CDATA[
[[ATTACHMENT|..\..\..\shared-testing\test-results\performance-validation-Pha-4bd3e--page-load-within-threshold-webkit\test-finished-1.png]]

[[ATTACHMENT|..\..\..\shared-testing\test-results\performance-validation-Pha-4bd3e--page-load-within-threshold-webkit\video.webm]]

[[ATTACHMENT|..\..\..\shared-testing\test-results\performance-validation-Pha-4bd3e--page-load-within-threshold-webkit\trace.zip]]
]]>
</system-out>
</testcase>
<testcase name="Phase 1 — Application Startup › First Contentful Paint within threshold" classname="performance-validation.spec.ts" time="3.785">
<system-out>
<![CDATA[
[[ATTACHMENT|..\..\..\shared-testing\test-results\performance-validation-Pha-6f200-tful-Paint-within-threshold-webkit\test-finished-1.png]]

[[ATTACHMENT|..\..\..\shared-testing\test-results\performance-validation-Pha-6f200-tful-Paint-within-threshold-webkit\video.webm]]

[[ATTACHMENT|..\..\..\shared-testing\test-results\performance-validation-Pha-6f200-tful-Paint-within-threshold-webkit\trace.zip]]
]]>
</system-out>
</testcase>
<testcase name="Phase 1 — Application Startup › DOM Content Loaded completes within threshold" classname="performance-validation.spec.ts" time="7.183">
<system-out>
<![CDATA[
[[ATTACHMENT|..\..\..\shared-testing\test-results\performance-validation-Pha-24d16--completes-within-threshold-webkit\test-finished-1.png]]

[[ATTACHMENT|..\..\..\shared-testing\test-results\performance-validation-Pha-24d16--completes-within-threshold-webkit\video.webm]]

[[ATTACHMENT|..\..\..\shared-testing\test-results\performance-validation-Pha-24d16--completes-within-threshold-webkit\trace.zip]]
]]>
</system-out>
</testcase>
<testcase name="Phase 1 — Application Startup › Minimal JavaScript bundle size" classname="performance-validation.spec.ts" time="4.891">
<system-out>
<![CDATA[
[[ATTACHMENT|..\..\..\shared-testing\test-results\performance-validation-Pha-9264b-imal-JavaScript-bundle-size-webkit\test-finished-1.png]]

[[ATTACHMENT|..\..\..\shared-testing\test-results\performance-validation-Pha-9264b-imal-JavaScript-bundle-size-webkit\video.webm]]

[[ATTACHMENT|..\..\..\shared-testing\test-results\performance-validation-Pha-9264b-imal-JavaScript-bundle-size-webkit\trace.zip]]
]]>
</system-out>
</testcase>
<testcase name="Phase 1 — Application Startup › Loading indicator shown during initial load" classname="performance-validation.spec.ts" time="6.532">
<system-out>
<![CDATA[
[[ATTACHMENT|..\..\..\shared-testing\test-results\performance-validation-Pha-3b379-r-shown-during-initial-load-webkit\test-finished-1.png]]

[[ATTACHMENT|..\..\..\shared-testing\test-results\performance-validation-Pha-3b379-r-shown-during-initial-load-webkit\video.webm]]

[[ATTACHMENT|..\..\..\shared-testing\test-results\performance-validation-Pha-3b379-r-shown-during-initial-load-webkit\trace.zip]]
]]>
</system-out>
</testcase>
<testcase name="Phase 1 — Application Startup › Warm start — subsequent page load faster" classname="performance-validation.spec.ts" time="6.147">
<system-out>
<![CDATA[
[[ATTACHMENT|..\..\..\shared-testing\test-results\performance-validation-Pha-ceea1-subsequent-page-load-faster-webkit\test-finished-1.png]]

[[ATTACHMENT|..\..\..\shared-testing\test-results\performance-validation-Pha-ceea1-subsequent-page-load-faster-webkit\video.webm]]

[[ATTACHMENT|..\..\..\shared-testing\test-results\performance-validation-Pha-ceea1-subsequent-page-load-faster-webkit\trace.zip]]
]]>
</system-out>
</testcase>
<testcase name="Phase 1 — Application Startup › No JavaScript errors during application bootstrap" classname="performance-validation.spec.ts" time="5.723">
<system-out>
<![CDATA[
[[ATTACHMENT|..\..\..\shared-testing\test-results\performance-validation-Pha-5e48b-uring-application-bootstrap-webkit\test-finished-1.png]]

[[ATTACHMENT|..\..\..\shared-testing\test-results\performance-validation-Pha-5e48b-uring-application-bootstrap-webkit\video.webm]]

[[ATTACHMENT|..\..\..\shared-testing\test-results\performance-validation-Pha-5e48b-uring-application-bootstrap-webkit\trace.zip]]
]]>
</system-out>
</testcase>
<testcase name="Phase 1 — Application Startup › Application shell renders correctly" classname="performance-validation.spec.ts" time="6.981">
<system-out>
<![CDATA[
[[ATTACHMENT|..\..\..\shared-testing\test-results\performance-validation-Pha-724b5-ion-shell-renders-correctly-webkit\test-finished-1.png]]

[[ATTACHMENT|..\..\..\shared-testing\test-results\performance-validation-Pha-724b5-ion-shell-renders-correctly-webkit\video.webm]]

[[ATTACHMENT|..\..\..\shared-testing\test-results\performance-validation-Pha-724b5-ion-shell-renders-correctly-webkit\trace.zip]]
]]>
</system-out>
</testcase>
<testcase name="Phase 2 — Page Performance › Home page loads within threshold" classname="performance-validation.spec.ts" time="6.825">
<system-out>
<![CDATA[
[[ATTACHMENT|..\..\..\shared-testing\test-results\performance-validation-Pha-a01ea-page-loads-within-threshold-webkit\test-finished-1.png]]

[[ATTACHMENT|..\..\..\shared-testing\test-results\performance-validation-Pha-a01ea-page-loads-within-threshold-webkit\video.webm]]

[[ATTACHMENT|..\..\..\shared-testing\test-results\performance-validation-Pha-a01ea-page-loads-within-threshold-webkit\trace.zip]]
]]>
</system-out>
</testcase>
<testcase name="Phase 2 — Page Performance › Login page loads within threshold" classname="performance-validation.spec.ts" time="4.365">
<system-out>
<![CDATA[
[[ATTACHMENT|..\..\..\shared-testing\test-results\performance-validation-Pha-b5021-page-loads-within-threshold-webkit\test-finished-1.png]]

[[ATTACHMENT|..\..\..\shared-testing\test-results\performance-validation-Pha-b5021-page-loads-within-threshold-webkit\video.webm]]

[[ATTACHMENT|..\..\..\shared-testing\test-results\performance-validation-Pha-b5021-page-loads-within-threshold-webkit\trace.zip]]
]]>
</system-out>
</testcase>
<testcase name="Phase 2 — Page Performance › Register page loads within threshold" classname="performance-validation.spec.ts" time="4.261">
<system-out>
<![CDATA[
[[ATTACHMENT|..\..\..\shared-testing\test-results\performance-validation-Pha-8cb3f-page-loads-within-threshold-webkit\test-finished-1.png]]

[[ATTACHMENT|..\..\..\shared-testing\test-results\performance-validation-Pha-8cb3f-page-loads-within-threshold-webkit\video.webm]]

[[ATTACHMENT|..\..\..\shared-testing\test-results\performance-validation-Pha-8cb3f-page-loads-within-threshold-webkit\trace.zip]]
]]>
</system-out>
</testcase>
<testcase name="Phase 2 — Page Performance › Products page loads within threshold" classname="performance-validation.spec.ts" time="3.501">
<system-out>
<![CDATA[
[[ATTACHMENT|..\..\..\shared-testing\test-results\performance-validation-Pha-b6604-page-loads-within-threshold-webkit\test-finished-1.png]]

[[ATTACHMENT|..\..\..\shared-testing\test-results\performance-validation-Pha-b6604-page-loads-within-threshold-webkit\video.webm]]

[[ATTACHMENT|..\..\..\shared-testing\test-results\performance-validation-Pha-b6604-page-loads-within-threshold-webkit\trace.zip]]
]]>
</system-out>
</testcase>
<testcase name="Phase 2 — Page Performance › Cart page loads within threshold" classname="performance-validation.spec.ts" time="3.433">
<system-out>
<![CDATA[
[[ATTACHMENT|..\..\..\shared-testing\test-results\performance-validation-Pha-e811b-page-loads-within-threshold-webkit\test-finished-1.png]]

[[ATTACHMENT|..\..\..\shared-testing\test-results\performance-validation-Pha-e811b-page-loads-within-threshold-webkit\video.webm]]

[[ATTACHMENT|..\..\..\shared-testing\test-results\performance-validation-Pha-e811b-page-loads-within-threshold-webkit\trace.zip]]
]]>
</system-out>
</testcase>
<testcase name="Phase 2 — Page Performance › Checkout page loads within threshold" classname="performance-validation.spec.ts" time="3.31">
<system-out>
<![CDATA[
[[ATTACHMENT|..\..\..\shared-testing\test-results\performance-validation-Pha-dc1ac-page-loads-within-threshold-webkit\test-finished-1.png]]

[[ATTACHMENT|..\..\..\shared-testing\test-results\performance-validation-Pha-dc1ac-page-loads-within-threshold-webkit\video.webm]]

[[ATTACHMENT|..\..\..\shared-testing\test-results\performance-validation-Pha-dc1ac-page-loads-within-threshold-webkit\trace.zip]]
]]>
</system-out>
</testcase>
<testcase name="Phase 2 — Page Performance › Orders page loads within threshold" classname="performance-validation.spec.ts" time="3.448">
<system-out>
<![CDATA[
[[ATTACHMENT|..\..\..\shared-testing\test-results\performance-validation-Pha-dc2d7-page-loads-within-threshold-webkit\test-finished-1.png]]

[[ATTACHMENT|..\..\..\shared-testing\test-results\performance-validation-Pha-dc2d7-page-loads-within-threshold-webkit\video.webm]]

[[ATTACHMENT|..\..\..\shared-testing\test-results\performance-validation-Pha-dc2d7-page-loads-within-threshold-webkit\trace.zip]]
]]>
</system-out>
</testcase>
<testcase name="Phase 2 — Page Performance › Dashboard page loads within threshold" classname="performance-validation.spec.ts" time="4.915">
<system-out>
<![CDATA[
[[ATTACHMENT|..\..\..\shared-testing\test-results\performance-validation-Pha-32566-page-loads-within-threshold-webkit\test-finished-1.png]]

[[ATTACHMENT|..\..\..\shared-testing\test-results\performance-validation-Pha-32566-page-loads-within-threshold-webkit\video.webm]]

[[ATTACHMENT|..\..\..\shared-testing\test-results\performance-validation-Pha-32566-page-loads-within-threshold-webkit\trace.zip]]
]]>
</system-out>
</testcase>
<testcase name="Phase 2 — Page Performance › Training page loads within threshold" classname="performance-validation.spec.ts" time="4.155">
<system-out>
<![CDATA[
[[ATTACHMENT|..\..\..\shared-testing\test-results\performance-validation-Pha-d194b-page-loads-within-threshold-webkit\test-finished-1.png]]

[[ATTACHMENT|..\..\..\shared-testing\test-results\performance-validation-Pha-d194b-page-loads-within-threshold-webkit\video.webm]]

[[ATTACHMENT|..\..\..\shared-testing\test-results\performance-validation-Pha-d194b-page-loads-within-threshold-webkit\trace.zip]]
]]>
</system-out>
</testcase>
<testcase name="Phase 2 — Page Performance › Admin page loads within threshold" classname="performance-validation.spec.ts" time="5.014">
<system-out>
<![CDATA[
[[ATTACHMENT|..\..\..\shared-testing\test-results\performance-validation-Pha-6c2df-page-loads-within-threshold-webkit\test-finished-1.png]]

[[ATTACHMENT|..\..\..\shared-testing\test-results\performance-validation-Pha-6c2df-page-loads-within-threshold-webkit\video.webm]]

[[ATTACHMENT|..\..\..\shared-testing\test-results\performance-validation-Pha-6c2df-page-loads-within-threshold-webkit\trace.zip]]
]]>
</system-out>
</testcase>
<testcase name="Phase 2 — Page Performance › Settings page loads within threshold" classname="performance-validation.spec.ts" time="3.347">
<system-out>
<![CDATA[
[[ATTACHMENT|..\..\..\shared-testing\test-results\performance-validation-Pha-33feb-page-loads-within-threshold-webkit\test-finished-1.png]]

[[ATTACHMENT|..\..\..\shared-testing\test-results\performance-validation-Pha-33feb-page-loads-within-threshold-webkit\video.webm]]

[[ATTACHMENT|..\..\..\shared-testing\test-results\performance-validation-Pha-33feb-page-loads-within-threshold-webkit\trace.zip]]
]]>
</system-out>
</testcase>
<testcase name="Phase 2 — Page Performance › Search page loads within threshold" classname="performance-validation.spec.ts" time="4.122">
<system-out>
<![CDATA[
[[ATTACHMENT|..\..\..\shared-testing\test-results\performance-validation-Pha-dbf66-page-loads-within-threshold-webkit\test-finished-1.png]]

[[ATTACHMENT|..\..\..\shared-testing\test-results\performance-validation-Pha-dbf66-page-loads-within-threshold-webkit\video.webm]]

[[ATTACHMENT|..\..\..\shared-testing\test-results\performance-validation-Pha-dbf66-page-loads-within-threshold-webkit\trace.zip]]
]]>
</system-out>
</testcase>
<testcase name="Phase 2 — Page Performance › All admin routes load within threshold" classname="performance-validation.spec.ts" time="18.146">
<system-out>
<![CDATA[
[[ATTACHMENT|..\..\..\shared-testing\test-results\performance-validation-Pha-bcf12-outes-load-within-threshold-webkit\test-finished-1.png]]

[[ATTACHMENT|..\..\..\shared-testing\test-results\performance-validation-Pha-bcf12-outes-load-within-threshold-webkit\video.webm]]

[[ATTACHMENT|..\..\..\shared-testing\test-results\performance-validation-Pha-bcf12-outes-load-within-threshold-webkit\trace.zip]]
]]>
</system-out>
</testcase>
<testcase name="Phase 2 — Page Performance › All training routes load within threshold" classname="performance-validation.spec.ts" time="12.339">
<system-out>
<![CDATA[
[[ATTACHMENT|..\..\..\shared-testing\test-results\performance-validation-Pha-768c4-outes-load-within-threshold-webkit\test-finished-1.png]]

[[ATTACHMENT|..\..\..\shared-testing\test-results\performance-validation-Pha-768c4-outes-load-within-threshold-webkit\video.webm]]

[[ATTACHMENT|..\..\..\shared-testing\test-results\performance-validation-Pha-768c4-outes-load-within-threshold-webkit\trace.zip]]
]]>
</system-out>
</testcase>
<testcase name="Phase 3 — Navigation Performance › Route transition completes within threshold" classname="performance-validation.spec.ts" time="5.719">
<system-out>
<![CDATA[
[[ATTACHMENT|..\..\..\shared-testing\test-results\performance-validation-Pha-e0a96--completes-within-threshold-webkit\test-finished-1.png]]

[[ATTACHMENT|..\..\..\shared-testing\test-results\performance-validation-Pha-e0a96--completes-within-threshold-webkit\video.webm]]

[[ATTACHMENT|..\..\..\shared-testing\test-results\performance-validation-Pha-e0a96--completes-within-threshold-webkit\trace.zip]]
]]>
</system-out>
</testcase>
<testcase name="Phase 3 — Navigation Performance › Browser back navigation restores previous page" classname="performance-validation.spec.ts" time="6.206">
<system-out>
<![CDATA[
[[ATTACHMENT|..\..\..\shared-testing\test-results\performance-validation-Pha-f63bc-tion-restores-previous-page-webkit\test-finished-1.png]]

[[ATTACHMENT|..\..\..\shared-testing\test-results\performance-validation-Pha-f63bc-tion-restores-previous-page-webkit\video.webm]]

[[ATTACHMENT|..\..\..\shared-testing\test-results\performance-validation-Pha-f63bc-tion-restores-previous-page-webkit\trace.zip]]
]]>
</system-out>
</testcase>
<testcase name="Phase 3 — Navigation Performance › Browser forward navigation restores next page" classname="performance-validation.spec.ts" time="8.664">
<system-out>
<![CDATA[
[[ATTACHMENT|..\..\..\shared-testing\test-results\performance-validation-Pha-aba21-vigation-restores-next-page-webkit\test-finished-1.png]]

[[ATTACHMENT|..\..\..\shared-testing\test-results\performance-validation-Pha-aba21-vigation-restores-next-page-webkit\video.webm]]

[[ATTACHMENT|..\..\..\shared-testing\test-results\performance-validation-Pha-aba21-vigation-restores-next-page-webkit\trace.zip]]
]]>
</system-out>
</testcase>
<testcase name="Phase 3 — Navigation Performance › Page refresh maintains stability" classname="performance-validation.spec.ts" time="6.715">
<system-out>
<![CDATA[
[[ATTACHMENT|..\..\..\shared-testing\test-results\performance-validation-Pha-f5a7d-refresh-maintains-stability-webkit\test-finished-1.png]]

[[ATTACHMENT|..\..\..\shared-testing\test-results\performance-validation-Pha-f5a7d-refresh-maintains-stability-webkit\video.webm]]

[[ATTACHMENT|..\..\..\shared-testing\test-results\performance-validation-Pha-f5a7d-refresh-maintains-stability-webkit\trace.zip]]
]]>
</system-out>
</testcase>
<testcase name="Phase 3 — Navigation Performance › Deep links resolve correctly" classname="performance-validation.spec.ts" time="7.415">
<system-out>
<![CDATA[
[[ATTACHMENT|..\..\..\shared-testing\test-results\performance-validation-Pha-34563-eep-links-resolve-correctly-webkit\test-finished-1.png]]

[[ATTACHMENT|..\..\..\shared-testing\test-results\performance-validation-Pha-34563-eep-links-resolve-correctly-webkit\video.webm]]

[[ATTACHMENT|..\..\..\shared-testing\test-results\performance-validation-Pha-34563-eep-links-resolve-correctly-webkit\trace.zip]]
]]>
</system-out>
</testcase>
<testcase name="Phase 3 — Navigation Performance › Repeated navigation between routes remains fast" classname="performance-validation.spec.ts" time="29.446">
<system-out>
<![CDATA[
[[ATTACHMENT|..\..\..\shared-testing\test-results\performance-validation-Pha-807b7-between-routes-remains-fast-webkit\test-finished-1.png]]

[[ATTACHMENT|..\..\..\shared-testing\test-results\performance-validation-Pha-807b7-between-routes-remains-fast-webkit\video.webm]]

[[ATTACHMENT|..\..\..\shared-testing\test-results\performance-validation-Pha-807b7-between-routes-remains-fast-webkit\trace.zip]]
]]>
</system-out>
</testcase>
<testcase name="Phase 3 — Navigation Performance › CSS transitions and animations complete smoothly" classname="performance-validation.spec.ts" time="7.227">
<system-out>
<![CDATA[
[[ATTACHMENT|..\..\..\shared-testing\test-results\performance-validation-Pha-9d81c-nimations-complete-smoothly-webkit\test-finished-1.png]]

[[ATTACHMENT|..\..\..\shared-testing\test-results\performance-validation-Pha-9d81c-nimations-complete-smoothly-webkit\video.webm]]

[[ATTACHMENT|..\..\..\shared-testing\test-results\performance-validation-Pha-9d81c-nimations-complete-smoothly-webkit\trace.zip]]
]]>
</system-out>
</testcase>
<testcase name="Phase 4 — Data Loading › Product list renders with acceptable DOM size" classname="performance-validation.spec.ts" time="4.932">
<system-out>
<![CDATA[
[[ATTACHMENT|..\..\..\shared-testing\test-results\performance-validation-Pha-2a513-rs-with-acceptable-DOM-size-webkit\test-finished-1.png]]

[[ATTACHMENT|..\..\..\shared-testing\test-results\performance-validation-Pha-2a513-rs-with-acceptable-DOM-size-webkit\video.webm]]

[[ATTACHMENT|..\..\..\shared-testing\test-results\performance-validation-Pha-2a513-rs-with-acceptable-DOM-size-webkit\trace.zip]]
]]>
</system-out>
</testcase>
<testcase name="Phase 4 — Data Loading › Order history loads within threshold" classname="performance-validation.spec.ts" time="4.865">
<system-out>
<![CDATA[
[[ATTACHMENT|..\..\..\shared-testing\test-results\performance-validation-Pha-1edba-tory-loads-within-threshold-webkit\test-finished-1.png]]

[[ATTACHMENT|..\..\..\shared-testing\test-results\performance-validation-Pha-1edba-tory-loads-within-threshold-webkit\video.webm]]

[[ATTACHMENT|..\..\..\shared-testing\test-results\performance-validation-Pha-1edba-tory-loads-within-threshold-webkit\trace.zip]]
]]>
</system-out>
</testcase>
<testcase name="Phase 4 — Data Loading › Training list loads within threshold" classname="performance-validation.spec.ts" time="5.017">
<system-out>
<![CDATA[
[[ATTACHMENT|..\..\..\shared-testing\test-results\performance-validation-Pha-7b271-list-loads-within-threshold-webkit\test-finished-1.png]]

[[ATTACHMENT|..\..\..\shared-testing\test-results\performance-validation-Pha-7b271-list-loads-within-threshold-webkit\video.webm]]

[[ATTACHMENT|..\..\..\shared-testing\test-results\performance-validation-Pha-7b271-list-loads-within-threshold-webkit\trace.zip]]
]]>
</system-out>
</testcase>
<testcase name="Phase 4 — Data Loading › Pagination controls present on list pages" classname="performance-validation.spec.ts" time="3.374">
<system-out>
<![CDATA[
[[ATTACHMENT|..\..\..\shared-testing\test-results\performance-validation-Pha-6a746-trols-present-on-list-pages-webkit\test-finished-1.png]]

[[ATTACHMENT|..\..\..\shared-testing\test-results\performance-validation-Pha-6a746-trols-present-on-list-pages-webkit\video.webm]]

[[ATTACHMENT|..\..\..\shared-testing\test-results\performance-validation-Pha-6a746-trols-present-on-list-pages-webkit\trace.zip]]
]]>
</system-out>
</testcase>
<testcase name="Phase 4 — Data Loading › Filter controls present and interactive" classname="performance-validation.spec.ts" time="3.579">
<system-out>
<![CDATA[
[[ATTACHMENT|..\..\..\shared-testing\test-results\performance-validation-Pha-3d26c-ols-present-and-interactive-webkit\test-finished-1.png]]

[[ATTACHMENT|..\..\..\shared-testing\test-results\performance-validation-Pha-3d26c-ols-present-and-interactive-webkit\video.webm]]

[[ATTACHMENT|..\..\..\shared-testing\test-results\performance-validation-Pha-3d26c-ols-present-and-interactive-webkit\trace.zip]]
]]>
</system-out>
</testcase>
<testcase name="Phase 4 — Data Loading › Sort controls present and interactive" classname="performance-validation.spec.ts" time="4.091">
<system-out>
<![CDATA[
[[ATTACHMENT|..\..\..\shared-testing\test-results\performance-validation-Pha-a0c2e-ols-present-and-interactive-webkit\test-finished-1.png]]

[[ATTACHMENT|..\..\..\shared-testing\test-results\performance-validation-Pha-a0c2e-ols-present-and-interactive-webkit\video.webm]]

[[ATTACHMENT|..\..\..\shared-testing\test-results\performance-validation-Pha-a0c2e-ols-present-and-interactive-webkit\trace.zip]]
]]>
</system-out>
</testcase>
<testcase name="Phase 4 — Data Loading › Search input present on search page" classname="performance-validation.spec.ts" time="4.179">
<system-out>
<![CDATA[
[[ATTACHMENT|..\..\..\shared-testing\test-results\performance-validation-Pha-4b246-nput-present-on-search-page-webkit\test-finished-1.png]]

[[ATTACHMENT|..\..\..\shared-testing\test-results\performance-validation-Pha-4b246-nput-present-on-search-page-webkit\video.webm]]

[[ATTACHMENT|..\..\..\shared-testing\test-results\performance-validation-Pha-4b246-nput-present-on-search-page-webkit\trace.zip]]
]]>
</system-out>
</testcase>
<testcase name="Phase 4 — Data Loading › User table renders in admin console" classname="performance-validation.spec.ts" time="3.969">
<system-out>
<![CDATA[
[[ATTACHMENT|..\..\..\shared-testing\test-results\performance-validation-Pha-3c129-le-renders-in-admin-console-webkit\test-finished-1.png]]

[[ATTACHMENT|..\..\..\shared-testing\test-results\performance-validation-Pha-3c129-le-renders-in-admin-console-webkit\video.webm]]

[[ATTACHMENT|..\..\..\shared-testing\test-results\performance-validation-Pha-3c129-le-renders-in-admin-console-webkit\trace.zip]]
]]>
</system-out>
</testcase>
<testcase name="Phase 5 — Resource Utilization › Memory usage stays within reasonable limits" classname="performance-validation.spec.ts" time="6.912">
<system-out>
<![CDATA[
[[ATTACHMENT|..\..\..\shared-testing\test-results\performance-validation-Pha-6d025-ys-within-reasonable-limits-webkit\test-finished-1.png]]

[[ATTACHMENT|..\..\..\shared-testing\test-results\performance-validation-Pha-6d025-ys-within-reasonable-limits-webkit\video.webm]]

[[ATTACHMENT|..\..\..\shared-testing\test-results\performance-validation-Pha-6d025-ys-within-reasonable-limits-webkit\trace.zip]]
]]>
</system-out>
</testcase>
<testcase name="Phase 5 — Resource Utilization › DOM does not grow excessively with repeated navigation" classname="performance-validation.spec.ts" time="14.206">
<system-out>
<![CDATA[
[[ATTACHMENT|..\..\..\shared-testing\test-results\performance-validation-Pha-8949d-ly-with-repeated-navigation-webkit\test-finished-1.png]]

[[ATTACHMENT|..\..\..\shared-testing\test-results\performance-validation-Pha-8949d-ly-with-repeated-navigation-webkit\video.webm]]

[[ATTACHMENT|..\..\..\shared-testing\test-results\performance-validation-Pha-8949d-ly-with-repeated-navigation-webkit\trace.zip]]
]]>
</system-out>
</testcase>
<testcase name="Phase 5 — Resource Utilization › Network request count stays reasonable per page" classname="performance-validation.spec.ts" time="7.217">
<system-out>
<![CDATA[
[[ATTACHMENT|..\..\..\shared-testing\test-results\performance-validation-Pha-462aa-t-stays-reasonable-per-page-webkit\test-finished-1.png]]

[[ATTACHMENT|..\..\..\shared-testing\test-results\performance-validation-Pha-462aa-t-stays-reasonable-per-page-webkit\video.webm]]

[[ATTACHMENT|..\..\..\shared-testing\test-results\performance-validation-Pha-462aa-t-stays-reasonable-per-page-webkit\trace.zip]]
]]>
</system-out>
</testcase>
<testcase name="Phase 5 — Resource Utilization › No resource leaks over repeated page visits" classname="performance-validation.spec.ts" time="11.779">
<system-out>
<![CDATA[
[[ATTACHMENT|..\..\..\shared-testing\test-results\performance-validation-Pha-09c3b-s-over-repeated-page-visits-webkit\test-finished-1.png]]

[[ATTACHMENT|..\..\..\shared-testing\test-results\performance-validation-Pha-09c3b-s-over-repeated-page-visits-webkit\video.webm]]

[[ATTACHMENT|..\..\..\shared-testing\test-results\performance-validation-Pha-09c3b-s-over-repeated-page-visits-webkit\trace.zip]]
]]>
</system-out>
</testcase>
<testcase name="Phase 5 — Resource Utilization › Repeated interactions do not accumulate DOM nodes" classname="performance-validation.spec.ts" time="24.769">
<system-out>
<![CDATA[
[...]

[[ATTACHMENT|..\..\..\shared-testing\test-results\performance-validation-Pha-3ad5c-g-does-not-break-navigation-mobile-safari\trace.zip]]
]]>
</system-out>
</testcase>
<testcase name="Phase 8 — Concurrency › Simultaneous navigation requests are handled" classname="performance-validation.spec.ts" time="2.457">
<system-out>
<![CDATA[
[[ATTACHMENT|..\..\..\shared-testing\test-results\performance-validation-Pha-7f72a-gation-requests-are-handled-mobile-safari\test-finished-1.png]]

[[ATTACHMENT|..\..\..\shared-testing\test-results\performance-validation-Pha-7f72a-gation-requests-are-handled-mobile-safari\video.webm]]

[[ATTACHMENT|..\..\..\shared-testing\test-results\performance-validation-Pha-7f72a-gation-requests-are-handled-mobile-safari\trace.zip]]
]]>
</system-out>
</testcase>
<testcase name="Phase 8 — Concurrency › Repeated identical requests do not degrade performance" classname="performance-validation.spec.ts" time="11.073">
<system-out>
<![CDATA[
[[ATTACHMENT|..\..\..\shared-testing\test-results\performance-validation-Pha-5318a--do-not-degrade-performance-mobile-safari\test-finished-1.png]]

[[ATTACHMENT|..\..\..\shared-testing\test-results\performance-validation-Pha-5318a--do-not-degrade-performance-mobile-safari\video.webm]]

[[ATTACHMENT|..\..\..\shared-testing\test-results\performance-validation-Pha-5318a--do-not-degrade-performance-mobile-safari\trace.zip]]
]]>
</system-out>
</testcase>
<testcase name="Phase 8 — Concurrency › Tab switching preserves state" classname="performance-validation.spec.ts" time="7.65">
<system-out>
<![CDATA[
[[ATTACHMENT|..\..\..\shared-testing\test-results\performance-validation-Pha-8c37d-b-switching-preserves-state-mobile-safari\test-finished-1.png]]

[[ATTACHMENT|..\..\..\shared-testing\test-results\performance-validation-Pha-8c37d-b-switching-preserves-state-mobile-safari\test-finished-2.png]]

[[ATTACHMENT|..\..\..\shared-testing\test-results\performance-validation-Pha-8c37d-b-switching-preserves-state-mobile-safari\trace.zip]]
]]>
</system-out>
</testcase>
<testcase name="Phase 8 — Concurrency › Concurrent browser contexts remain independent" classname="performance-validation.spec.ts" time="7.309">
<system-out>
<![CDATA[
[[ATTACHMENT|..\..\..\shared-testing\test-results\performance-validation-Pha-9d962-contexts-remain-independent-mobile-safari\test-finished-1.png]]

[[ATTACHMENT|..\..\..\shared-testing\test-results\performance-validation-Pha-9d962-contexts-remain-independent-mobile-safari\test-finished-2.png]]

[[ATTACHMENT|..\..\..\shared-testing\test-results\performance-validation-Pha-9d962-contexts-remain-independent-mobile-safari\trace.zip]]
]]>
</system-out>
</testcase>
<testcase name="Phase 9 — Responsive Performance › Desktop viewport renders all key pages" classname="performance-validation.spec.ts" time="60.719">
<system-out>
<![CDATA[
[[ATTACHMENT|..\..\..\shared-testing\test-results\performance-validation-Pha-d18e9-wport-renders-all-key-pages-mobile-safari\test-failed-1.png]]

[[ATTACHMENT|..\..\..\shared-testing\test-results\performance-validation-Pha-d18e9-wport-renders-all-key-pages-mobile-safari\video.webm]]

[[ATTACHMENT|..\..\..\shared-testing\test-results\performance-validation-Pha-d18e9-wport-renders-all-key-pages-mobile-safari\error-context.md]]

[[ATTACHMENT|..\..\..\shared-testing\test-results\performance-validation-Pha-d18e9-wport-renders-all-key-pages-mobile-safari\trace.zip]]

[[ATTACHMENT|..\..\..\shared-testing\test-results\performance-validation-Pha-d18e9-wport-renders-all-key-pages-mobile-safari-retry1\video.webm]]

[[ATTACHMENT|..\..\..\shared-testing\test-results\performance-validation-Pha-d18e9-wport-renders-all-key-pages-mobile-safari-retry1\trace.zip]]
]]>
</system-out>
</testcase>
<testcase name="Phase 9 — Responsive Performance › Tablet viewport renders all key pages" classname="performance-validation.spec.ts" time="11.442">
<system-out>
<![CDATA[
[[ATTACHMENT|..\..\..\shared-testing\test-results\performance-validation-Pha-d7e56-wport-renders-all-key-pages-mobile-safari\test-finished-1.png]]

[[ATTACHMENT|..\..\..\shared-testing\test-results\performance-validation-Pha-d7e56-wport-renders-all-key-pages-mobile-safari\video.webm]]

[[ATTACHMENT|..\..\..\shared-testing\test-results\performance-validation-Pha-d7e56-wport-renders-all-key-pages-mobile-safari\trace.zip]]
]]>
</system-out>
</testcase>
<testcase name="Phase 9 — Responsive Performance › Mobile viewport renders all key pages" classname="performance-validation.spec.ts" time="9.367">
<system-out>
<![CDATA[
[[ATTACHMENT|..\..\..\shared-testing\test-results\performance-validation-Pha-5d73f-wport-renders-all-key-pages-mobile-safari\test-finished-1.png]]

[[ATTACHMENT|..\..\..\shared-testing\test-results\performance-validation-Pha-5d73f-wport-renders-all-key-pages-mobile-safari\video.webm]]

[[ATTACHMENT|..\..\..\shared-testing\test-results\performance-validation-Pha-5d73f-wport-renders-all-key-pages-mobile-safari\trace.zip]]
]]>
</system-out>
</testcase>
<testcase name="Phase 9 — Responsive Performance › Scrolling performance on list pages" classname="performance-validation.spec.ts" time="4.103">
<system-out>
<![CDATA[
[[ATTACHMENT|..\..\..\shared-testing\test-results\performance-validation-Pha-30632-g-performance-on-list-pages-mobile-safari\test-finished-1.png]]

[[ATTACHMENT|..\..\..\shared-testing\test-results\performance-validation-Pha-30632-g-performance-on-list-pages-mobile-safari\video.webm]]

[[ATTACHMENT|..\..\..\shared-testing\test-results\performance-validation-Pha-30632-g-performance-on-list-pages-mobile-safari\trace.zip]]
]]>
</system-out>
</testcase>
<testcase name="Phase 9 — Responsive Performance › No layout shifts on viewport changes" classname="performance-validation.spec.ts" time="4.798">
<system-out>
<![CDATA[
[[ATTACHMENT|..\..\..\shared-testing\test-results\performance-validation-Pha-386ef--shifts-on-viewport-changes-mobile-safari\test-finished-1.png]]

[[ATTACHMENT|..\..\..\shared-testing\test-results\performance-validation-Pha-386ef--shifts-on-viewport-changes-mobile-safari\video.webm]]

[[ATTACHMENT|..\..\..\shared-testing\test-results\performance-validation-Pha-386ef--shifts-on-viewport-changes-mobile-safari\trace.zip]]
]]>
</system-out>
</testcase>
<testcase name="Phase 10 — Cross-Browser Performance › Browser capabilities detected" classname="performance-validation.spec.ts" time="1.199">
<system-out>
<![CDATA[
[[ATTACHMENT|..\..\..\shared-testing\test-results\performance-validation-Pha-5894d-owser-capabilities-detected-mobile-safari\test-finished-1.png]]

[[ATTACHMENT|..\..\..\shared-testing\test-results\performance-validation-Pha-5894d-owser-capabilities-detected-mobile-safari\video.webm]]

[[ATTACHMENT|..\..\..\shared-testing\test-results\performance-validation-Pha-5894d-owser-capabilities-detected-mobile-safari\trace.zip]]
]]>
</system-out>
</testcase>
<testcase name="Phase 10 — Cross-Browser Performance › Performance API available across browsers" classname="performance-validation.spec.ts" time="1.046">
<system-out>
<![CDATA[
[[ATTACHMENT|..\..\..\shared-testing\test-results\performance-validation-Pha-8bb10-I-available-across-browsers-mobile-safari\test-finished-1.png]]

[[ATTACHMENT|..\..\..\shared-testing\test-results\performance-validation-Pha-8bb10-I-available-across-browsers-mobile-safari\video.webm]]

[[ATTACHMENT|..\..\..\shared-testing\test-results\performance-validation-Pha-8bb10-I-available-across-browsers-mobile-safari\trace.zip]]
]]>
</system-out>
</testcase>
<testcase name="Phase 10 — Cross-Browser Performance › Render engine reports timing data" classname="performance-validation.spec.ts" time="4.129">
<system-out>
<![CDATA[
[[ATTACHMENT|..\..\..\shared-testing\test-results\performance-validation-Pha-0118b--engine-reports-timing-data-mobile-safari\test-finished-1.png]]

[[ATTACHMENT|..\..\..\shared-testing\test-results\performance-validation-Pha-0118b--engine-reports-timing-data-mobile-safari\video.webm]]

[[ATTACHMENT|..\..\..\shared-testing\test-results\performance-validation-Pha-0118b--engine-reports-timing-data-mobile-safari\trace.zip]]
]]>
</system-out>
</testcase>
<testcase name="Phase 11 — Accessibility Impact › Keyboard navigation does not degrade page performance" classname="performance-validation.spec.ts" time="6.454">
<system-out>
<![CDATA[
[[ATTACHMENT|..\..\..\shared-testing\test-results\performance-validation-Pha-c1cf6-ot-degrade-page-performance-mobile-safari\test-finished-1.png]]

[[ATTACHMENT|..\..\..\shared-testing\test-results\performance-validation-Pha-c1cf6-ot-degrade-page-performance-mobile-safari\video.webm]]

[[ATTACHMENT|..\..\..\shared-testing\test-results\performance-validation-Pha-c1cf6-ot-degrade-page-performance-mobile-safari\trace.zip]]
]]>
</system-out>
</testcase>
<testcase name="Phase 11 — Accessibility Impact › Focus movement does not cause layout shifts" classname="performance-validation.spec.ts" time="4.663">
<system-out>
<![CDATA[
[[ATTACHMENT|..\..\..\shared-testing\test-results\performance-validation-Pha-7f823-oes-not-cause-layout-shifts-mobile-safari\test-finished-1.png]]

[[ATTACHMENT|..\..\..\shared-testing\test-results\performance-validation-Pha-7f823-oes-not-cause-layout-shifts-mobile-safari\video.webm]]

[[ATTACHMENT|..\..\..\shared-testing\test-results\performance-validation-Pha-7f823-oes-not-cause-layout-shifts-mobile-safari\trace.zip]]
]]>
</system-out>
</testcase>
<testcase name="Phase 11 — Accessibility Impact › ARIA live regions update without performance impact" classname="performance-validation.spec.ts" time="4.609">
<system-out>
<![CDATA[
[[ATTACHMENT|..\..\..\shared-testing\test-results\performance-validation-Pha-2e224--without-performance-impact-mobile-safari\test-finished-1.png]]

[[ATTACHMENT|..\..\..\shared-testing\test-results\performance-validation-Pha-2e224--without-performance-impact-mobile-safari\video.webm]]

[[ATTACHMENT|..\..\..\shared-testing\test-results\performance-validation-Pha-2e224--without-performance-impact-mobile-safari\trace.zip]]
]]>
</system-out>
</testcase>
<testcase name="Phase 11 — Accessibility Impact › Screen reader announcements do not block rendering" classname="performance-validation.spec.ts" time="4.391">
<system-out>
<![CDATA[
[[ATTACHMENT|..\..\..\shared-testing\test-results\performance-validation-Pha-59325-ents-do-not-block-rendering-mobile-safari\test-finished-1.png]]

[[ATTACHMENT|..\..\..\shared-testing\test-results\performance-validation-Pha-59325-ents-do-not-block-rendering-mobile-safari\video.webm]]

[[ATTACHMENT|..\..\..\shared-testing\test-results\performance-validation-Pha-59325-ents-do-not-block-rendering-mobile-safari\trace.zip]]
]]>
</system-out>
</testcase>
<testcase name="Phase 12 — Visual Stability › Skeleton loaders or progress indicators present during load" classname="performance-validation.spec.ts" time="4.842">
<system-out>
<![CDATA[
[[ATTACHMENT|..\..\..\shared-testing\test-results\performance-validation-Pha-cbed8-icators-present-during-load-mobile-safari\test-finished-1.png]]

[[ATTACHMENT|..\..\..\shared-testing\test-results\performance-validation-Pha-cbed8-icators-present-during-load-mobile-safari\video.webm]]

[[ATTACHMENT|..\..\..\shared-testing\test-results\performance-validation-Pha-cbed8-icators-present-during-load-mobile-safari\trace.zip]]
]]>
</system-out>
</testcase>
<testcase name="Phase 12 — Visual Stability › Images load with correct dimensions" classname="performance-validation.spec.ts" time="4.439">
<system-out>
<![CDATA[
[[ATTACHMENT|..\..\..\shared-testing\test-results\performance-validation-Pha-c0326-oad-with-correct-dimensions-mobile-safari\test-finished-1.png]]

[[ATTACHMENT|..\..\..\shared-testing\test-results\performance-validation-Pha-c0326-oad-with-correct-dimensions-mobile-safari\video.webm]]

[[ATTACHMENT|..\..\..\shared-testing\test-results\performance-validation-Pha-c0326-oad-with-correct-dimensions-mobile-safari\trace.zip]]
]]>
</system-out>
</testcase>
<testcase name="Phase 12 — Visual Stability › Typography renders without layout shift" classname="performance-validation.spec.ts" time="4.564">
<system-out>
<![CDATA[
[[ATTACHMENT|..\..\..\shared-testing\test-results\performance-validation-Pha-5e85c-enders-without-layout-shift-mobile-safari\test-finished-1.png]]

[[ATTACHMENT|..\..\..\shared-testing\test-results\performance-validation-Pha-5e85c-enders-without-layout-shift-mobile-safari\video.webm]]

[[ATTACHMENT|..\..\..\shared-testing\test-results\performance-validation-Pha-5e85c-enders-without-layout-shift-mobile-safari\trace.zip]]
]]>
</system-out>
</testcase>
<testcase name="Phase 12 — Visual Stability › Animations use compositor-friendly properties" classname="performance-validation.spec.ts" time="5.099">
<system-out>
<![CDATA[
[[ATTACHMENT|..\..\..\shared-testing\test-results\performance-validation-Pha-a1cd0-positor-friendly-properties-mobile-safari\test-finished-1.png]]

[[ATTACHMENT|..\..\..\shared-testing\test-results\performance-validation-Pha-a1cd0-positor-friendly-properties-mobile-safari\video.webm]]

[[ATTACHMENT|..\..\..\shared-testing\test-results\performance-validation-Pha-a1cd0-positor-friendly-properties-mobile-safari\trace.zip]]
]]>
</system-out>
</testcase>
<testcase name="Phase 12 — Visual Stability › Responsive breakpoints render correctly" classname="performance-validation.spec.ts" time="15.865">
<system-out>
<![CDATA[
[[ATTACHMENT|..\..\..\shared-testing\test-results\performance-validation-Pha-9728d-reakpoints-render-correctly-mobile-safari\test-finished-1.png]]

[[ATTACHMENT|..\..\..\shared-testing\test-results\performance-validation-Pha-9728d-reakpoints-render-correctly-mobile-safari\video.webm]]

[[ATTACHMENT|..\..\..\shared-testing\test-results\performance-validation-Pha-9728d-reakpoints-render-correctly-mobile-safari\trace.zip]]
]]>
</system-out>
</testcase>
<testcase name="Phase 12 — Visual Stability › No visible UI corruption after route changes" classname="performance-validation.spec.ts" time="12.176">
<system-out>
<![CDATA[
[[ATTACHMENT|..\..\..\shared-testing\test-results\performance-validation-Pha-8cbb7-ruption-after-route-changes-mobile-safari\test-finished-1.png]]

[[ATTACHMENT|..\..\..\shared-testing\test-results\performance-validation-Pha-8cbb7-ruption-after-route-changes-mobile-safari\video.webm]]

[[ATTACHMENT|..\..\..\shared-testing\test-results\performance-validation-Pha-8cbb7-ruption-after-route-changes-mobile-safari\trace.zip]]
]]>
</system-out>
</testcase>
<testcase name="Phase 13 — Observability › No console errors during page loads" classname="performance-validation.spec.ts" time="10.692">
<system-out>
<![CDATA[
[[ATTACHMENT|..\..\..\shared-testing\test-results\performance-validation-Pha-dbfea-le-errors-during-page-loads-mobile-safari\test-finished-1.png]]

[[ATTACHMENT|..\..\..\shared-testing\test-results\performance-validation-Pha-dbfea-le-errors-during-page-loads-mobile-safari\video.webm]]

[[ATTACHMENT|..\..\..\shared-testing\test-results\performance-validation-Pha-dbfea-le-errors-during-page-loads-mobile-safari\trace.zip]]
]]>
</system-out>
</testcase>
<testcase name="Phase 13 — Observability › No unhandled promise rejections" classname="performance-validation.spec.ts" time="7.355">
<system-out>
<![CDATA[
[[ATTACHMENT|..\..\..\shared-testing\test-results\performance-validation-Pha-5938c-nhandled-promise-rejections-mobile-safari\test-finished-1.png]]

[[ATTACHMENT|..\..\..\shared-testing\test-results\performance-validation-Pha-5938c-nhandled-promise-rejections-mobile-safari\video.webm]]

[[ATTACHMENT|..\..\..\shared-testing\test-results\performance-validation-Pha-5938c-nhandled-promise-rejections-mobile-safari\trace.zip]]
]]>
</system-out>
</testcase>
<testcase name="Phase 13 — Observability › HTTP status codes are satisfactory" classname="performance-validation.spec.ts" time="11.691">
<system-out>
<![CDATA[
[[ATTACHMENT|..\..\..\shared-testing\test-results\performance-validation-Pha-448ff-atus-codes-are-satisfactory-mobile-safari\test-finished-1.png]]

[[ATTACHMENT|..\..\..\shared-testing\test-results\performance-validation-Pha-448ff-atus-codes-are-satisfactory-mobile-safari\video.webm]]

[[ATTACHMENT|..\..\..\shared-testing\test-results\performance-validation-Pha-448ff-atus-codes-are-satisfactory-mobile-safari\trace.zip]]
]]>
</system-out>
</testcase>
<testcase name="Phase 13 — Observability › Console warnings do not indicate performance issues" classname="performance-validation.spec.ts" time="8.479">
<system-out>
<![CDATA[
[[ATTACHMENT|..\..\..\shared-testing\test-results\performance-validation-Pha-2d690-indicate-performance-issues-mobile-safari\test-finished-1.png]]

[[ATTACHMENT|..\..\..\shared-testing\test-results\performance-validation-Pha-2d690-indicate-performance-issues-mobile-safari\video.webm]]

[[ATTACHMENT|..\..\..\shared-testing\test-results\performance-validation-Pha-2d690-indicate-performance-issues-mobile-safari\trace.zip]]
]]>
</system-out>
</testcase>
<testcase name="Phase 13 — Observability › Performance timing data available for analysis" classname="performance-validation.spec.ts" time="5.193">
<system-out>
<![CDATA[
[[ATTACHMENT|..\..\..\shared-testing\test-results\performance-validation-Pha-d6ecd-data-available-for-analysis-mobile-safari\test-finished-1.png]]

[[ATTACHMENT|..\..\..\shared-testing\test-results\performance-validation-Pha-d6ecd-data-available-for-analysis-mobile-safari\video.webm]]

[[ATTACHMENT|..\..\..\shared-testing\test-results\performance-validation-Pha-d6ecd-data-available-for-analysis-mobile-safari\trace.zip]]
]]>
</system-out>
</testcase>
<testcase name="Phase 13 — Observability › Browser diagnostics captured" classname="performance-validation.spec.ts" time="1.22">
<system-out>
<![CDATA[
[[ATTACHMENT|..\..\..\shared-testing\test-results\performance-validation-Pha-adadc-rowser-diagnostics-captured-mobile-safari\test-finished-1.png]]

[[ATTACHMENT|..\..\..\shared-testing\test-results\performance-validation-Pha-adadc-rowser-diagnostics-captured-mobile-safari\video.webm]]

[[ATTACHMENT|..\..\..\shared-testing\test-results\performance-validation-Pha-adadc-rowser-diagnostics-captured-mobile-safari\trace.zip]]
]]>
</system-out>
</testcase>
<testcase name="Phase 14 — Evidence Collection › Browser and viewport info captured" classname="performance-validation.spec.ts" time="1.415">
<system-out>
<![CDATA[
[[ATTACHMENT|..\..\..\shared-testing\test-results\performance-validation-Pha-90c31--and-viewport-info-captured-mobile-safari\test-finished-1.png]]

[[ATTACHMENT|..\..\..\shared-testing\test-results\performance-validation-Pha-90c31--and-viewport-info-captured-mobile-safari\video.webm]]

[[ATTACHMENT|..\..\..\shared-testing\test-results\performance-validation-Pha-90c31--and-viewport-info-captured-mobile-safari\trace.zip]]
]]>
</system-out>
</testcase>
<testcase name="Phase 14 — Evidence Collection › Performance traces collected during session" classname="performance-validation.spec.ts" time="3.636">
<system-out>
<![CDATA[
[[ATTACHMENT|..\..\..\shared-testing\test-results\performance-validation-Pha-c9e45-es-collected-during-session-mobile-safari\test-finished-1.png]]

[[ATTACHMENT|..\..\..\shared-testing\test-results\performance-validation-Pha-c9e45-es-collected-during-session-mobile-safari\video.webm]]

[[ATTACHMENT|..\..\..\shared-testing\test-results\performance-validation-Pha-c9e45-es-collected-during-session-mobile-safari\trace.zip]]
]]>
</system-out>
</testcase>
<testcase name="Phase 14 — Evidence Collection › Network request log available" classname="performance-validation.spec.ts" time="3.373">
<system-out>
<![CDATA[
[[ATTACHMENT|..\..\..\shared-testing\test-results\performance-validation-Pha-11625-twork-request-log-available-mobile-safari\test-finished-1.png]]

[[ATTACHMENT|..\..\..\shared-testing\test-results\performance-validation-Pha-11625-twork-request-log-available-mobile-safari\video.webm]]

[[ATTACHMENT|..\..\..\shared-testing\test-results\performance-validation-Pha-11625-twork-request-log-available-mobile-safari\trace.zip]]
]]>
</system-out>
</testcase>
</testsuite>
</testsuites>