<testsuites id="" name="" tests="364" failures="22" skipped="0" errors="4" time="662.931734">
<testsuite name="ux-accessibility-validation.spec.ts" timestamp="2026-07-17T14:06:58.019Z" hostname="chromium" tests="91" failures="6" skipped="0" time="399.398" errors="1">
<testcase name="Phase 1 — WCAG 2.1 AA Validation › WCAG scan — login page has no critical or serious violations" classname="ux-accessibility-validation.spec.ts" time="15.67">
<system-out>
<![CDATA[
[[ATTACHMENT|..\..\..\shared-testing\test-results\ux-accessibility-validatio-d7c6a-tical-or-serious-violations-chromium\test-failed-1.png]]

[[ATTACHMENT|..\..\..\shared-testing\test-results\ux-accessibility-validatio-d7c6a-tical-or-serious-violations-chromium\video-1.webm]]

[[ATTACHMENT|..\..\..\shared-testing\test-results\ux-accessibility-validatio-d7c6a-tical-or-serious-violations-chromium\video.webm]]

[[ATTACHMENT|..\..\..\shared-testing\test-results\ux-accessibility-validatio-d7c6a-tical-or-serious-violations-chromium\video-2.webm]]

[[ATTACHMENT|..\..\..\shared-testing\test-results\ux-accessibility-validatio-d7c6a-tical-or-serious-violations-chromium\error-context.md]]

[[ATTACHMENT|..\..\..\shared-testing\test-results\ux-accessibility-validatio-d7c6a-tical-or-serious-violations-chromium\trace.zip]]

[[ATTACHMENT|..\..\..\shared-testing\test-results\ux-accessibility-validatio-d7c6a-tical-or-serious-violations-chromium-retry1\test-failed-1.png]]

[[ATTACHMENT|..\..\..\shared-testing\test-results\ux-accessibility-validatio-d7c6a-tical-or-serious-violations-chromium-retry1\video.webm]]

[[ATTACHMENT|..\..\..\shared-testing\test-results\ux-accessibility-validatio-d7c6a-tical-or-serious-violations-chromium-retry1\video-1.webm]]

[[ATTACHMENT|..\..\..\shared-testing\test-results\ux-accessibility-validatio-d7c6a-tical-or-serious-violations-chromium-retry1\video-2.webm]]

[[ATTACHMENT|..\..\..\shared-testing\test-results\ux-accessibility-validatio-d7c6a-tical-or-serious-violations-chromium-retry1\error-context.md]]

[[ATTACHMENT|..\..\..\shared-testing\test-results\ux-accessibility-validatio-d7c6a-tical-or-serious-violations-chromium-retry1\trace.zip]]
]]>
</system-out>
<failure message="expect(received).toBe(expected) // Object.is equality" type="expect.toBe">
<![CDATA[  [chromium] › ux-accessibility-validation.spec.ts:87:7 › Phase 1 — WCAG 2.1 AA Validation › WCAG scan — login page has no critical or serious violations 

    Error: expect(received).toBe(expected) // Object.is equality

    Expected: 0
    Received: 2

      94 |       .analyze();
      95 |     const critical = results.violations.filter(v => v.impact === 'critical' || v.impact === 'serious');
    > 96 |     expect(critical.length).toBe(0);
         |                             ^
      97 |   });
      98 |
      99 |   test('WCAG scan — home page has no critical or serious violations', async ({ page }) => {
        at F:\The Pravara\clients\sporekart\sporekart\shared-testing\tests\ux-accessibility-validation.spec.ts:96:29

    attachment #1: screenshot (image/png) ──────────────────────────────────────────────────────────
    ..\test-results\ux-accessibility-validatio-d7c6a-tical-or-serious-violations-chromium\test-failed-1.png
    ────────────────────────────────────────────────────────────────────────────────────────────────

    attachment #2: video (video/webm) ──────────────────────────────────────────────────────────────
    ..\test-results\ux-accessibility-validatio-d7c6a-tical-or-serious-violations-chromium\video-1.webm
    ────────────────────────────────────────────────────────────────────────────────────────────────

    attachment #3: video (video/webm) ──────────────────────────────────────────────────────────────
    ..\test-results\ux-accessibility-validatio-d7c6a-tical-or-serious-violations-chromium\video.webm
    ────────────────────────────────────────────────────────────────────────────────────────────────

    attachment #4: video (video/webm) ──────────────────────────────────────────────────────────────
    ..\test-results\ux-accessibility-validatio-d7c6a-tical-or-serious-violations-chromium\video-2.webm
    ────────────────────────────────────────────────────────────────────────────────────────────────

    Error Context: ..\test-results\ux-accessibility-validatio-d7c6a-tical-or-serious-violations-chromium\error-context.md

    attachment #6: trace (application/zip) ─────────────────────────────────────────────────────────
    ..\test-results\ux-accessibility-validatio-d7c6a-tical-or-serious-violations-chromium\trace.zip
    Usage:

        npx playwright show-trace ..\test-results\ux-accessibility-validatio-d7c6a-tical-or-serious-violations-chromium\trace.zip

    ────────────────────────────────────────────────────────────────────────────────────────────────

    Retry #1 ───────────────────────────────────────────────────────────────────────────────────────

    Error: expect(received).toBe(expected) // Object.is equality

    Expected: 0
    Received: 2

      94 |       .analyze();
      95 |     const critical = results.violations.filter(v => v.impact === 'critical' || v.impact === 'serious');
    > 96 |     expect(critical.length).toBe(0);
         |                             ^
      97 |   });
      98 |
      99 |   test('WCAG scan — home page has no critical or serious violations', async ({ page }) => {
        at F:\The Pravara\clients\sporekart\sporekart\shared-testing\tests\ux-accessibility-validation.spec.ts:96:29

    attachment #1: screenshot (image/png) ──────────────────────────────────────────────────────────
    ..\test-results\ux-accessibility-validatio-d7c6a-tical-or-serious-violations-chromium-retry1\test-failed-1.png
    ────────────────────────────────────────────────────────────────────────────────────────────────

    attachment #2: video (video/webm) ──────────────────────────────────────────────────────────────
    ..\test-results\ux-accessibility-validatio-d7c6a-tical-or-serious-violations-chromium-retry1\video.webm
    ────────────────────────────────────────────────────────────────────────────────────────────────

    attachment #3: video (video/webm) ──────────────────────────────────────────────────────────────
    ..\test-results\ux-accessibility-validatio-d7c6a-tical-or-serious-violations-chromium-retry1\video-1.webm
    ────────────────────────────────────────────────────────────────────────────────────────────────

    attachment #4: video (video/webm) ──────────────────────────────────────────────────────────────
    ..\test-results\ux-accessibility-validatio-d7c6a-tical-or-serious-violations-chromium-retry1\video-2.webm
    ────────────────────────────────────────────────────────────────────────────────────────────────

    Error Context: ..\test-results\ux-accessibility-validatio-d7c6a-tical-or-serious-violations-chromium-retry1\error-context.md

    attachment #6: trace (application/zip) ─────────────────────────────────────────────────────────
    ..\test-results\ux-accessibility-validatio-d7c6a-tical-or-serious-violations-chromium-retry1\trace.zip
    Usage:

        npx playwright show-trace ..\test-results\ux-accessibility-validatio-d7c6a-tical-or-serious-violations-chromium-retry1\trace.zip

    ────────────────────────────────────────────────────────────────────────────────────────────────
]]>
</failure>
</testcase>
<testcase name="Phase 1 — WCAG 2.1 AA Validation › WCAG scan — home page has no critical or serious violations" classname="ux-accessibility-validation.spec.ts" time="30.703">
<system-out>
<![CDATA[
[[ATTACHMENT|..\..\..\shared-testing\test-results\ux-accessibility-validatio-e61eb-tical-or-serious-violations-chromium\test-failed-1.png]]

[[ATTACHMENT|..\..\..\shared-testing\test-results\ux-accessibility-validatio-e61eb-tical-or-serious-violations-chromium\video-1.webm]]

[[ATTACHMENT|..\..\..\shared-testing\test-results\ux-accessibility-validatio-e61eb-tical-or-serious-violations-chromium\video.webm]]

[[ATTACHMENT|..\..\..\shared-testing\test-results\ux-accessibility-validatio-e61eb-tical-or-serious-violations-chromium\video-2.webm]]

[[ATTACHMENT|..\..\..\shared-testing\test-results\ux-accessibility-validatio-e61eb-tical-or-serious-violations-chromium\error-context.md]]

[[ATTACHMENT|..\..\..\shared-testing\test-results\ux-accessibility-validatio-e61eb-tical-or-serious-violations-chromium\trace.zip]]

[[ATTACHMENT|..\..\..\shared-testing\test-results\ux-accessibility-validatio-e61eb-tical-or-serious-violations-chromium-retry1\test-failed-1.png]]

[[ATTACHMENT|..\..\..\shared-testing\test-results\ux-accessibility-validatio-e61eb-tical-or-serious-violations-chromium-retry1\video-2.webm]]

[[ATTACHMENT|..\..\..\shared-testing\test-results\ux-accessibility-validatio-e61eb-tical-or-serious-violations-chromium-retry1\video.webm]]

[[ATTACHMENT|..\..\..\shared-testing\test-results\ux-accessibility-validatio-e61eb-tical-or-serious-violations-chromium-retry1\video-1.webm]]

[[ATTACHMENT|..\..\..\shared-testing\test-results\ux-accessibility-validatio-e61eb-tical-or-serious-violations-chromium-retry1\error-context.md]]

[[ATTACHMENT|..\..\..\shared-testing\test-results\ux-accessibility-validatio-e61eb-tical-or-serious-violations-chromium-retry1\trace.zip]]
]]>
</system-out>
<failure message="expect(received).toBe(expected) // Object.is equality" type="expect.toBe">
<![CDATA[  [chromium] › ux-accessibility-validation.spec.ts:99:7 › Phase 1 — WCAG 2.1 AA Validation › WCAG scan — home page has no critical or serious violations 

    Error: expect(received).toBe(expected) // Object.is equality

    Expected: 0
    Received: 2

      106 |       .analyze();
      107 |     const critical = results.violations.filter(v => v.impact === 'critical' || v.impact === 'serious');
    > 108 |     expect(critical.length).toBe(0);
          |                             ^
      109 |   });
      110 |
      111 |   test('Skip to content link present and functional', async ({ page }) => {
        at F:\The Pravara\clients\sporekart\sporekart\shared-testing\tests\ux-accessibility-validation.spec.ts:108:29

    attachment #1: screenshot (image/png) ──────────────────────────────────────────────────────────
    ..\test-results\ux-accessibility-validatio-e61eb-tical-or-serious-violations-chromium\test-failed-1.png
    ────────────────────────────────────────────────────────────────────────────────────────────────

    attachment #2: video (video/webm) ──────────────────────────────────────────────────────────────
    ..\test-results\ux-accessibility-validatio-e61eb-tical-or-serious-violations-chromium\video-1.webm
    ────────────────────────────────────────────────────────────────────────────────────────────────

    attachment #3: video (video/webm) ──────────────────────────────────────────────────────────────
    ..\test-results\ux-accessibility-validatio-e61eb-tical-or-serious-violations-chromium\video.webm
    ────────────────────────────────────────────────────────────────────────────────────────────────

    attachment #4: video (video/webm) ──────────────────────────────────────────────────────────────
    ..\test-results\ux-accessibility-validatio-e61eb-tical-or-serious-violations-chromium\video-2.webm
    ────────────────────────────────────────────────────────────────────────────────────────────────

    Error Context: ..\test-results\ux-accessibility-validatio-e61eb-tical-or-serious-violations-chromium\error-context.md

    attachment #6: trace (application/zip) ─────────────────────────────────────────────────────────
    ..\test-results\ux-accessibility-validatio-e61eb-tical-or-serious-violations-chromium\trace.zip
    Usage:

        npx playwright show-trace ..\test-results\ux-accessibility-validatio-e61eb-tical-or-serious-violations-chromium\trace.zip

    ────────────────────────────────────────────────────────────────────────────────────────────────

    Retry #1 ───────────────────────────────────────────────────────────────────────────────────────

    Error: expect(received).toBe(expected) // Object.is equality

    Expected: 0
    Received: 2

      106 |       .analyze();
      107 |     const critical = results.violations.filter(v => v.impact === 'critical' || v.impact === 'serious');
    > 108 |     expect(critical.length).toBe(0);
          |                             ^
      109 |   });
      110 |
      111 |   test('Skip to content link present and functional', async ({ page }) => {
        at F:\The Pravara\clients\sporekart\sporekart\shared-testing\tests\ux-accessibility-validation.spec.ts:108:29

    attachment #1: screenshot (image/png) ──────────────────────────────────────────────────────────
    ..\test-results\ux-accessibility-validatio-e61eb-tical-or-serious-violations-chromium-retry1\test-failed-1.png
    ────────────────────────────────────────────────────────────────────────────────────────────────

    attachment #2: video (video/webm) ──────────────────────────────────────────────────────────────
    ..\test-results\ux-accessibility-validatio-e61eb-tical-or-serious-violations-chromium-retry1\video-2.webm
    ────────────────────────────────────────────────────────────────────────────────────────────────

    attachment #3: video (video/webm) ──────────────────────────────────────────────────────────────
    ..\test-results\ux-accessibility-validatio-e61eb-tical-or-serious-violations-chromium-retry1\video.webm
    ────────────────────────────────────────────────────────────────────────────────────────────────

    attachment #4: video (video/webm) ──────────────────────────────────────────────────────────────
    ..\test-results\ux-accessibility-validatio-e61eb-tical-or-serious-violations-chromium-retry1\video-1.webm
    ────────────────────────────────────────────────────────────────────────────────────────────────

    Error Context: ..\test-results\ux-accessibility-validatio-e61eb-tical-or-serious-violations-chromium-retry1\error-context.md

    attachment #6: trace (application/zip) ─────────────────────────────────────────────────────────
    ..\test-results\ux-accessibility-validatio-e61eb-tical-or-serious-violations-chromium-retry1\trace.zip
    Usage:

        npx playwright show-trace ..\test-results\ux-accessibility-validatio-e61eb-tical-or-serious-violations-chromium-retry1\trace.zip

    ────────────────────────────────────────────────────────────────────────────────────────────────
]]>
</failure>
</testcase>
<testcase name="Phase 1 — WCAG 2.1 AA Validation › Skip to content link present and functional" classname="ux-accessibility-validation.spec.ts" time="3.705">
<system-out>
<![CDATA[
[[ATTACHMENT|..\..\..\shared-testing\test-results\ux-accessibility-validatio-29d27-link-present-and-functional-chromium\test-finished-1.png]]

[[ATTACHMENT|..\..\..\shared-testing\test-results\ux-accessibility-validatio-29d27-link-present-and-functional-chromium\video.webm]]

[[ATTACHMENT|..\..\..\shared-testing\test-results\ux-accessibility-validatio-29d27-link-present-and-functional-chromium\trace.zip]]
]]>
</system-out>
</testcase>
<testcase name="Phase 1 — WCAG 2.1 AA Validation › Skip link becomes focusable on Tab press" classname="ux-accessibility-validation.spec.ts" time="3.932">
<system-out>
<![CDATA[
[[ATTACHMENT|..\..\..\shared-testing\test-results\ux-accessibility-validatio-bb2e6-omes-focusable-on-Tab-press-chromium\test-finished-1.png]]

[[ATTACHMENT|..\..\..\shared-testing\test-results\ux-accessibility-validatio-bb2e6-omes-focusable-on-Tab-press-chromium\video.webm]]

[[ATTACHMENT|..\..\..\shared-testing\test-results\ux-accessibility-validatio-bb2e6-omes-focusable-on-Tab-press-chromium\trace.zip]]
]]>
</system-out>
</testcase>
<testcase name="Phase 1 — WCAG 2.1 AA Validation › Landmark regions present on key pages" classname="ux-accessibility-validation.spec.ts" time="2.66">
<system-out>
<![CDATA[
[[ATTACHMENT|..\..\..\shared-testing\test-results\ux-accessibility-validatio-fc21e-egions-present-on-key-pages-chromium\test-finished-1.png]]

[[ATTACHMENT|..\..\..\shared-testing\test-results\ux-accessibility-validatio-fc21e-egions-present-on-key-pages-chromium\video.webm]]

[[ATTACHMENT|..\..\..\shared-testing\test-results\ux-accessibility-validatio-fc21e-egions-present-on-key-pages-chromium\trace.zip]]
]]>
</system-out>
</testcase>
<testcase name="Phase 1 — WCAG 2.1 AA Validation › Heading hierarchy is logical" classname="ux-accessibility-validation.spec.ts" time="12.935">
<system-out>
<![CDATA[
[[ATTACHMENT|..\..\..\shared-testing\test-results\ux-accessibility-validatio-2e3e9-eading-hierarchy-is-logical-chromium\test-failed-1.png]]

[[ATTACHMENT|..\..\..\shared-testing\test-results\ux-accessibility-validatio-2e3e9-eading-hierarchy-is-logical-chromium\video.webm]]

[[ATTACHMENT|..\..\..\shared-testing\test-results\ux-accessibility-validatio-2e3e9-eading-hierarchy-is-logical-chromium\error-context.md]]

[[ATTACHMENT|..\..\..\shared-testing\test-results\ux-accessibility-validatio-2e3e9-eading-hierarchy-is-logical-chromium\trace.zip]]

[[ATTACHMENT|..\..\..\shared-testing\test-results\ux-accessibility-validatio-2e3e9-eading-hierarchy-is-logical-chromium-retry1\test-failed-1.png]]

[[ATTACHMENT|..\..\..\shared-testing\test-results\ux-accessibility-validatio-2e3e9-eading-hierarchy-is-logical-chromium-retry1\video.webm]]

[[ATTACHMENT|..\..\..\shared-testing\test-results\ux-accessibility-validatio-2e3e9-eading-hierarchy-is-logical-chromium-retry1\error-context.md]]

[[ATTACHMENT|..\..\..\shared-testing\test-results\ux-accessibility-validatio-2e3e9-eading-hierarchy-is-logical-chromium-retry1\trace.zip]]
]]>
</system-out>
<failure message="expect(received).toBe(expected) // Object.is equality" type="expect.toBe">
<![CDATA[  [chromium] › ux-accessibility-validation.spec.ts:139:7 › Phase 1 — WCAG 2.1 AA Validation › Heading hierarchy is logical 

    Error: expect(received).toBe(expected) // Object.is equality

    Expected: 1
    Received: 2

      144 |       expect(headings.length).toBeGreaterThan(0);
      145 |       const h1s = headings.filter(h => h.level === 1);
    > 146 |       expect(h1s.length).toBe(1);
          |                          ^
      147 |     }
      148 |   });
      149 |
        at F:\The Pravara\clients\sporekart\sporekart\shared-testing\tests\ux-accessibility-validation.spec.ts:146:26

    attachment #1: screenshot (image/png) ──────────────────────────────────────────────────────────
    ..\test-results\ux-accessibility-validatio-2e3e9-eading-hierarchy-is-logical-chromium\test-failed-1.png
    ────────────────────────────────────────────────────────────────────────────────────────────────

    attachment #2: video (video/webm) ──────────────────────────────────────────────────────────────
    ..\test-results\ux-accessibility-validatio-2e3e9-eading-hierarchy-is-logical-chromium\video.webm
    ────────────────────────────────────────────────────────────────────────────────────────────────

    Error Context: ..\test-results\ux-accessibility-validatio-2e3e9-eading-hierarchy-is-logical-chromium\error-context.md

    attachment #4: trace (application/zip) ─────────────────────────────────────────────────────────
    ..\test-results\ux-accessibility-validatio-2e3e9-eading-hierarchy-is-logical-chromium\trace.zip
    Usage:

        npx playwright show-trace ..\test-results\ux-accessibility-validatio-2e3e9-eading-hierarchy-is-logical-chromium\trace.zip

    ────────────────────────────────────────────────────────────────────────────────────────────────

    Retry #1 ───────────────────────────────────────────────────────────────────────────────────────

    Error: expect(received).toBe(expected) // Object.is equality

    Expected: 1
    Received: 2

      144 |       expect(headings.length).toBeGreaterThan(0);
      145 |       const h1s = headings.filter(h => h.level === 1);
    > 146 |       expect(h1s.length).toBe(1);
          |                          ^
      147 |     }
      148 |   });
      149 |
        at F:\The Pravara\clients\sporekart\sporekart\shared-testing\tests\ux-accessibility-validation.spec.ts:146:26

    attachment #1: screenshot (image/png) ──────────────────────────────────────────────────────────
    ..\test-results\ux-accessibility-validatio-2e3e9-eading-hierarchy-is-logical-chromium-retry1\test-failed-1.png
    ────────────────────────────────────────────────────────────────────────────────────────────────

    attachment #2: video (video/webm) ──────────────────────────────────────────────────────────────
    ..\test-results\ux-accessibility-validatio-2e3e9-eading-hierarchy-is-logical-chromium-retry1\video.webm
    ────────────────────────────────────────────────────────────────────────────────────────────────

    Error Context: ..\test-results\ux-accessibility-validatio-2e3e9-eading-hierarchy-is-logical-chromium-retry1\error-context.md

    attachment #4: trace (application/zip) ─────────────────────────────────────────────────────────
    ..\test-results\ux-accessibility-validatio-2e3e9-eading-hierarchy-is-logical-chromium-retry1\trace.zip
    Usage:

        npx playwright show-trace ..\test-results\ux-accessibility-validatio-2e3e9-eading-hierarchy-is-logical-chromium-retry1\trace.zip

    ────────────────────────────────────────────────────────────────────────────────────────────────
]]>
</failure>
</testcase>
<testcase name="Phase 1 — WCAG 2.1 AA Validation › All pages have a descriptive title" classname="ux-accessibility-validation.spec.ts" time="10.52">
<system-out>
<![CDATA[
[[ATTACHMENT|..\..\..\shared-testing\test-results\ux-accessibility-validatio-e847d-es-have-a-descriptive-title-chromium\test-finished-1.png]]

[[ATTACHMENT|..\..\..\shared-testing\test-results\ux-accessibility-validatio-e847d-es-have-a-descriptive-title-chromium\video.webm]]

[[ATTACHMENT|..\..\..\shared-testing\test-results\ux-accessibility-validatio-e847d-es-have-a-descriptive-title-chromium\trace.zip]]
]]>
</system-out>
</testcase>
<testcase name="Phase 1 — WCAG 2.1 AA Validation › Interactive elements have accessible names" classname="ux-accessibility-validation.spec.ts" time="1.901">
<system-out>
<![CDATA[
[[ATTACHMENT|..\..\..\shared-testing\test-results\ux-accessibility-validatio-e6b64-ments-have-accessible-names-chromium\test-finished-1.png]]

[[ATTACHMENT|..\..\..\shared-testing\test-results\ux-accessibility-validatio-e6b64-ments-have-accessible-names-chromium\video.webm]]

[[ATTACHMENT|..\..\..\shared-testing\test-results\ux-accessibility-validatio-e6b64-ments-have-accessible-names-chromium\trace.zip]]
]]>
</system-out>
</testcase>
<testcase name="Phase 1 — WCAG 2.1 AA Validation › Images have alt text" classname="ux-accessibility-validation.spec.ts" time="2.796">
<system-out>
<![CDATA[
[[ATTACHMENT|..\..\..\shared-testing\test-results\ux-accessibility-validatio-30264-dation-Images-have-alt-text-chromium\test-finished-1.png]]

[[ATTACHMENT|..\..\..\shared-testing\test-results\ux-accessibility-validatio-30264-dation-Images-have-alt-text-chromium\video.webm]]

[[ATTACHMENT|..\..\..\shared-testing\test-results\ux-accessibility-validatio-30264-dation-Images-have-alt-text-chromium\trace.zip]]
]]>
</system-out>
</testcase>
<testcase name="Phase 1 — WCAG 2.1 AA Validation › Modal and dialog elements have correct ARIA roles" classname="ux-accessibility-validation.spec.ts" time="3.289">
<system-out>
<![CDATA[
[[ATTACHMENT|..\..\..\shared-testing\test-results\ux-accessibility-validatio-5975d-nts-have-correct-ARIA-roles-chromium\test-finished-1.png]]

[[ATTACHMENT|..\..\..\shared-testing\test-results\ux-accessibility-validatio-5975d-nts-have-correct-ARIA-roles-chromium\video.webm]]

[[ATTACHMENT|..\..\..\shared-testing\test-results\ux-accessibility-validatio-5975d-nts-have-correct-ARIA-roles-chromium\trace.zip]]
]]>
</system-out>
</testcase>
<testcase name="Phase 1 — WCAG 2.1 AA Validation › Form fields have associated labels" classname="ux-accessibility-validation.spec.ts" time="2.341">
<system-out>
<![CDATA[
[[ATTACHMENT|..\..\..\shared-testing\test-results\ux-accessibility-validatio-8f5a8-elds-have-associated-labels-chromium\test-finished-1.png]]

[[ATTACHMENT|..\..\..\shared-testing\test-results\ux-accessibility-validatio-8f5a8-elds-have-associated-labels-chromium\video.webm]]

[[ATTACHMENT|..\..\..\shared-testing\test-results\ux-accessibility-validatio-8f5a8-elds-have-associated-labels-chromium\trace.zip]]
]]>
</system-out>
</testcase>
<testcase name="Phase 1 — WCAG 2.1 AA Validation › Required fields have aria-required or required attribute" classname="ux-accessibility-validation.spec.ts" time="2.975">
<system-out>
<![CDATA[
[[ATTACHMENT|..\..\..\shared-testing\test-results\ux-accessibility-validatio-73d99-uired-or-required-attribute-chromium\test-finished-1.png]]

[[ATTACHMENT|..\..\..\shared-testing\test-results\ux-accessibility-validatio-73d99-uired-or-required-attribute-chromium\video.webm]]

[[ATTACHMENT|..\..\..\shared-testing\test-results\ux-accessibility-validatio-73d99-uired-or-required-attribute-chromium\trace.zip]]
]]>
</system-out>
</testcase>
<testcase name="Phase 2 — Color &amp; Visual Accessibility › Focus ring visible on interactive elements" classname="ux-accessibility-validation.spec.ts" time="6.781">
<system-out>
<![CDATA[
[[ATTACHMENT|..\..\..\shared-testing\test-results\ux-accessibility-validatio-2c268-ble-on-interactive-elements-chromium\test-failed-1.png]]

[[ATTACHMENT|..\..\..\shared-testing\test-results\ux-accessibility-validatio-2c268-ble-on-interactive-elements-chromium\video.webm]]

[[ATTACHMENT|..\..\..\shared-testing\test-results\ux-accessibility-validatio-2c268-ble-on-interactive-elements-chromium\error-context.md]]

[[ATTACHMENT|..\..\..\shared-testing\test-results\ux-accessibility-validatio-2c268-ble-on-interactive-elements-chromium\trace.zip]]

[[ATTACHMENT|..\..\..\shared-testing\test-results\ux-accessibility-validatio-2c268-ble-on-interactive-elements-chromium-retry1\test-failed-1.png]]

[[ATTACHMENT|..\..\..\shared-testing\test-results\ux-accessibility-validatio-2c268-ble-on-interactive-elements-chromium-retry1\video.webm]]

[[ATTACHMENT|..\..\..\shared-testing\test-results\ux-accessibility-validatio-2c268-ble-on-interactive-elements-chromium-retry1\error-context.md]]

[[ATTACHMENT|..\..\..\shared-testing\test-results\ux-accessibility-validatio-2c268-ble-on-interactive-elements-chromium-retry1\trace.zip]]
]]>
</system-out>
<failure message="expect(received).toBe(expected) // Object.is equality" type="expect.toBe">
<![CDATA[  [chromium] › ux-accessibility-validation.spec.ts:224:7 › Phase 2 — Color & Visual Accessibility › Focus ring visible on interactive elements 

    Error: expect(received).toBe(expected) // Object.is equality

    Expected: true
    Received: false

      236 |           || style.boxShadow !== 'none' && style.boxShadow !== '0px 0px 0px 0px';
      237 |       });
    > 238 |       expect(hasOutline).toBe(true);
          |                          ^
      239 |     }
      240 |   });
      241 |
        at F:\The Pravara\clients\sporekart\sporekart\shared-testing\tests\ux-accessibility-validation.spec.ts:238:26

    attachment #1: screenshot (image/png) ──────────────────────────────────────────────────────────
    ..\test-results\ux-accessibility-validatio-2c268-ble-on-interactive-elements-chromium\test-failed-1.png
    ────────────────────────────────────────────────────────────────────────────────────────────────

    attachment #2: video (video/webm) ──────────────────────────────────────────────────────────────
    ..\test-results\ux-accessibility-validatio-2c268-ble-on-interactive-elements-chromium\video.webm
    ────────────────────────────────────────────────────────────────────────────────────────────────

    Error Context: ..\test-results\ux-accessibility-validatio-2c268-ble-on-interactive-elements-chromium\error-context.md

    attachment #4: trace (application/zip) ─────────────────────────────────────────────────────────
    ..\test-results\ux-accessibility-validatio-2c268-ble-on-interactive-elements-chromium\trace.zip
    Usage:

        npx playwright show-trace ..\test-results\ux-accessibility-validatio-2c268-ble-on-interactive-elements-chromium\trace.zip

    ────────────────────────────────────────────────────────────────────────────────────────────────

    Retry #1 ───────────────────────────────────────────────────────────────────────────────────────

    Error: expect(received).toBe(expected) // Object.is equality

    Expected: true
    Received: false

      236 |           || style.boxShadow !== 'none' && style.boxShadow !== '0px 0px 0px 0px';
      237 |       });
    > 238 |       expect(hasOutline).toBe(true);
          |                          ^
      239 |     }
      240 |   });
      241 |
        at F:\The Pravara\clients\sporekart\sporekart\shared-testing\tests\ux-accessibility-validation.spec.ts:238:26

    attachment #1: screenshot (image/png) ──────────────────────────────────────────────────────────
    ..\test-results\ux-accessibility-validatio-2c268-ble-on-interactive-elements-chromium-retry1\test-failed-1.png
    ────────────────────────────────────────────────────────────────────────────────────────────────

    attachment #2: video (video/webm) ──────────────────────────────────────────────────────────────
    ..\test-results\ux-accessibility-validatio-2c268-ble-on-interactive-elements-chromium-retry1\video.webm
    ────────────────────────────────────────────────────────────────────────────────────────────────

    Error Context: ..\test-results\ux-accessibility-validatio-2c268-ble-on-interactive-elements-chromium-retry1\error-context.md

    attachment #4: trace (application/zip) ─────────────────────────────────────────────────────────
    ..\test-results\ux-accessibility-validatio-2c268-ble-on-interactive-elements-chromium-retry1\trace.zip
    Usage:

        npx playwright show-trace ..\test-results\ux-accessibility-validatio-2c268-ble-on-interactive-elements-chromium-retry1\trace.zip

    ────────────────────────────────────────────────────────────────────────────────────────────────
]]>
</failure>
</testcase>
<testcase name="Phase 2 — Color &amp; Visual Accessibility › Error messages use distinct colors" classname="ux-accessibility-validation.spec.ts" time="2.178">
<system-out>
<![CDATA[
[[ATTACHMENT|..\..\..\shared-testing\test-results\ux-accessibility-validatio-e9014-essages-use-distinct-colors-chromium\test-finished-1.png]]

[[ATTACHMENT|..\..\..\shared-testing\test-results\ux-accessibility-validatio-e9014-essages-use-distinct-colors-chromium\video.webm]]

[[ATTACHMENT|..\..\..\shared-testing\test-results\ux-accessibility-validatio-e9014-essages-use-distinct-colors-chromium\trace.zip]]
]]>
</system-out>
</testcase>
<testcase name="Phase 2 — Color &amp; Visual Accessibility › Disabled buttons have discernible styling" classname="ux-accessibility-validation.spec.ts" time="2.201">
<system-out>
<![CDATA[
[[ATTACHMENT|..\..\..\shared-testing\test-results\ux-accessibility-validatio-db3e1-ns-have-discernible-styling-chromium\test-finished-1.png]]

[[ATTACHMENT|..\..\..\shared-testing\test-results\ux-accessibility-validatio-db3e1-ns-have-discernible-styling-chromium\video.webm]]

[[ATTACHMENT|..\..\..\shared-testing\test-results\ux-accessibility-validatio-db3e1-ns-have-discernible-styling-chromium\trace.zip]]
]]>
</system-out>
</testcase>
<testcase name="Phase 2 — Color &amp; Visual Accessibility › Color alone is not used as sole indicator" classname="ux-accessibility-validation.spec.ts" time="2.001">
<system-out>
<![CDATA[
[[ATTACHMENT|..\..\..\shared-testing\test-results\ux-accessibility-validatio-27512--not-used-as-sole-indicator-chromium\test-finished-1.png]]

[[ATTACHMENT|..\..\..\shared-testing\test-results\ux-accessibility-validatio-27512--not-used-as-sole-indicator-chromium\video.webm]]

[[ATTACHMENT|..\..\..\shared-testing\test-results\ux-accessibility-validatio-27512--not-used-as-sole-indicator-chromium\trace.zip]]
]]>
</system-out>
</testcase>
<testcase name="Phase 2 — Color &amp; Visual Accessibility › Links are distinguishable from surrounding text" classname="ux-accessibility-validation.spec.ts" time="3.081">
<system-out>
<![CDATA[
[[ATTACHMENT|..\..\..\shared-testing\test-results\ux-accessibility-validatio-2a0c9-hable-from-surrounding-text-chromium\test-finished-1.png]]

[[ATTACHMENT|..\..\..\shared-testing\test-results\ux-accessibility-validatio-2a0c9-hable-from-surrounding-text-chromium\video.webm]]

[[ATTACHMENT|..\..\..\shared-testing\test-results\ux-accessibility-validatio-2a0c9-hable-from-surrounding-text-chromium\trace.zip]]
]]>
</system-out>
</testcase>
<testcase name="Phase 2 — Color &amp; Visual Accessibility › Warning, error, and success states visually distinct" classname="ux-accessibility-validation.spec.ts" time="2.194">
<system-out>
<![CDATA[
[[ATTACHMENT|..\..\..\shared-testing\test-results\ux-accessibility-validatio-9cff7-ss-states-visually-distinct-chromium\test-finished-1.png]]

[[ATTACHMENT|..\..\..\shared-testing\test-results\ux-accessibility-validatio-9cff7-ss-states-visually-distinct-chromium\video.webm]]

[[ATTACHMENT|..\..\..\shared-testing\test-results\ux-accessibility-validatio-9cff7-ss-states-visually-distinct-chromium\trace.zip]]
]]>
</system-out>
</testcase>
<testcase name="Phase 3 — Keyboard Experience › Tab navigation moves through login form in logical order" classname="ux-accessibility-validation.spec.ts" time="2.978">
<system-out>
<![CDATA[
[[ATTACHMENT|..\..\..\shared-testing\test-results\ux-accessibility-validatio-845bf-login-form-in-logical-order-chromium\test-finished-1.png]]

[[ATTACHMENT|..\..\..\shared-testing\test-results\ux-accessibility-validatio-845bf-login-form-in-logical-order-chromium\video.webm]]

[[ATTACHMENT|..\..\..\shared-testing\test-results\ux-accessibility-validatio-845bf-login-form-in-logical-order-chromium\trace.zip]]
]]>
</system-out>
</testcase>
<testcase name="Phase 3 — Keyboard Experience › Enter key activates buttons" classname="ux-accessibility-validation.spec.ts" time="2.643">
<system-out>
<![CDATA[
[[ATTACHMENT|..\..\..\shared-testing\test-results\ux-accessibility-validatio-e9f9a-Enter-key-activates-buttons-chromium\test-finished-1.png]]

[[ATTACHMENT|..\..\..\shared-testing\test-results\ux-accessibility-validatio-e9f9a-Enter-key-activates-buttons-chromium\video.webm]]

[[ATTACHMENT|..\..\..\shared-testing\test-results\ux-accessibility-validatio-e9f9a-Enter-key-activates-buttons-chromium\trace.zip]]
]]>
</system-out>
</testcase>
<testcase name="Phase 3 — Keyboard Experience › Escape key does not break page state" classname="ux-accessibility-validation.spec.ts" time="2.903">
<system-out>
<![CDATA[
[[ATTACHMENT|..\..\..\shared-testing\test-results\ux-accessibility-validatio-95538-y-does-not-break-page-state-chromium\test-finished-1.png]]

[[ATTACHMENT|..\..\..\shared-testing\test-results\ux-accessibility-validatio-95538-y-does-not-break-page-state-chromium\video.webm]]

[[ATTACHMENT|..\..\..\shared-testing\test-results\ux-accessibility-validatio-95538-y-does-not-break-page-state-chromium\trace.zip]]
]]>
</system-out>
</testcase>
<testcase name="Phase 3 — Keyboard Experience › Space key scrolls page predictably" classname="ux-accessibility-validation.spec.ts" time="2.859">
<system-out>
<![CDATA[
[[ATTACHMENT|..\..\..\shared-testing\test-results\ux-accessibility-validatio-3ddc6-ey-scrolls-page-predictably-chromium\test-finished-1.png]]

[[ATTACHMENT|..\..\..\shared-testing\test-results\ux-accessibility-validatio-3ddc6-ey-scrolls-page-predictably-chromium\video.webm]]

[[ATTACHMENT|..\..\..\shared-testing\test-results\ux-accessibility-validatio-3ddc6-ey-scrolls-page-predictably-chromium\trace.zip]]
]]>
</system-out>
</testcase>
<testcase name="Phase 3 — Keyboard Experience › Arrow keys navigate radio groups on login" classname="ux-accessibility-validation.spec.ts" time="2.323">
<system-out>
<![CDATA[
[[ATTACHMENT|..\..\..\shared-testing\test-results\ux-accessibility-validatio-18ce9-igate-radio-groups-on-login-chromium\test-finished-1.png]]

[[ATTACHMENT|..\..\..\shared-testing\test-results\ux-accessibility-validatio-18ce9-igate-radio-groups-on-login-chromium\video.webm]]

[[ATTACHMENT|..\..\..\shared-testing\test-results\ux-accessibility-validatio-18ce9-igate-radio-groups-on-login-chromium\trace.zip]]
]]>
</system-out>
</testcase>
<testcase name="Phase 3 — Keyboard Experience › Tab order does not trap focus on modals if none open" classname="ux-accessibility-validation.spec.ts" time="4.995">
<system-out>
<![CDATA[
[[ATTACHMENT|..\..\..\shared-testing\test-results\ux-accessibility-validatio-68618-ocus-on-modals-if-none-open-chromium\test-finished-1.png]]

[[ATTACHMENT|..\..\..\shared-testing\test-results\ux-accessibility-validatio-68618-ocus-on-modals-if-none-open-chromium\video.webm]]

[[ATTACHMENT|..\..\..\shared-testing\test-results\ux-accessibility-validatio-68618-ocus-on-modals-if-none-open-chromium\trace.zip]]
]]>
</system-out>
</testcase>
<testcase name="Phase 3 — Keyboard Experience › Focusable elements exist on all key pages" classname="ux-accessibility-validation.spec.ts" time="7.879">
<system-out>
<![CDATA[
[[ATTACHMENT|..\..\..\shared-testing\test-results\ux-accessibility-validatio-5afdb-ents-exist-on-all-key-pages-chromium\test-finished-1.png]]

[[ATTACHMENT|..\..\..\shared-testing\test-results\ux-accessibility-validatio-5afdb-ents-exist-on-all-key-pages-chromium\video.webm]]

[[ATTACHMENT|..\..\..\shared-testing\test-results\ux-accessibility-validatio-5afdb-ents-exist-on-all-key-pages-chromium\trace.zip]]
]]>
</system-out>
</testcase>
<testcase name="Phase 4 — Screen Reader Experience › ARIA live region present for announcements" classname="ux-accessibility-validation.spec.ts" time="3.439">
<system-out>
<![CDATA[
[[ATTACHMENT|..\..\..\shared-testing\test-results\ux-accessibility-validatio-00a6b-n-present-for-announcements-chromium\test-finished-1.png]]

[[ATTACHMENT|..\..\..\shared-testing\test-results\ux-accessibility-validatio-00a6b-n-present-for-announcements-chromium\video.webm]]

[[ATTACHMENT|..\..\..\shared-testing\test-results\ux-accessibility-validatio-00a6b-n-present-for-announcements-chromium\trace.zip]]
]]>
</system-out>
</testcase>
<testcase name="Phase 4 — Screen Reader Experience › Alert role elements announce errors" classname="ux-accessibility-validation.spec.ts" time="2.632">
<system-out>
<![CDATA[
[[ATTACHMENT|..\..\..\shared-testing\test-results\ux-accessibility-validatio-10a33-le-elements-announce-errors-chromium\test-finished-1.png]]

[[ATTACHMENT|..\..\..\shared-testing\test-results\ux-accessibility-validatio-10a33-le-elements-announce-errors-chromium\video.webm]]

[[ATTACHMENT|..\..\..\shared-testing\test-results\ux-accessibility-validatio-10a33-le-elements-announce-errors-chromium\trace.zip]]
]]>
</system-out>
</testcase>
<testcase name="Phase 4 — Screen Reader Experience › Status role elements announce success" classname="ux-accessibility-validation.spec.ts" time="2.127">
<system-out>
<![CDATA[
[[ATTACHMENT|..\..\..\shared-testing\test-results\ux-accessibility-validatio-6d4ea-e-elements-announce-success-chromium\test-finished-1.png]]

[[ATTACHMENT|..\..\..\shared-testing\test-results\ux-accessibility-validatio-6d4ea-e-elements-announce-success-chromium\video.webm]]

[[ATTACHMENT|..\..\..\shared-testing\test-results\ux-accessibility-validatio-6d4ea-e-elements-announce-success-chromium\trace.zip]]
]]>
</system-out>
</testcase>
<testcase name="Phase 4 — Screen Reader Experience › Form fields have proper reading order" classname="ux-accessibility-validation.spec.ts" time="1.883">
<system-out>
<![CDATA[
[[ATTACHMENT|..\..\..\shared-testing\test-results\ux-accessibility-validatio-f0f56-s-have-proper-reading-order-chromium\test-finished-1.png]]

[[ATTACHMENT|..\..\..\shared-testing\test-results\ux-accessibility-validatio-f0f56-s-have-proper-reading-order-chromium\video.webm]]

[[ATTACHMENT|..\..\..\shared-testing\test-results\ux-accessibility-validatio-f0f56-s-have-proper-reading-order-chromium\trace.zip]]
]]>
</system-out>
</testcase>
<testcase name="Phase 4 — Screen Reader Experience › Navigation landmarks have accessible labels" classname="ux-accessibility-validation.spec.ts" time="2.773">
<system-out>
<![CDATA[
[[ATTACHMENT|..\..\..\shared-testing\test-results\ux-accessibility-validatio-f26f1-arks-have-accessible-labels-chromium\test-finished-1.png]]

[[ATTACHMENT|..\..\..\shared-testing\test-results\ux-accessibility-validatio-f26f1-arks-have-accessible-labels-chromium\video.webm]]

[[ATTACHMENT|..\..\..\shared-testing\test-results\ux-accessibility-validatio-f26f1-arks-have-accessible-labels-chromium\trace.zip]]
]]>
</system-out>
</testcase>
<testcase name="Phase 5 — Form Experience › Login form has labeled input" classname="ux-accessibility-validation.spec.ts" time="2.21">
<system-out>
<![CDATA[
[[ATTACHMENT|..\..\..\shared-testing\test-results\ux-accessibility-validatio-378fd-ogin-form-has-labeled-input-chromium\test-finished-1.png]]

[[ATTACHMENT|..\..\..\shared-testing\test-results\ux-accessibility-validatio-378fd-ogin-form-has-labeled-input-chromium\video.webm]]

[[ATTACHMENT|..\..\..\shared-testing\test-results\ux-accessibility-validatio-378fd-ogin-form-has-labeled-input-chromium\trace.zip]]
]]>
</system-out>
</testcase>
<testcase name="Phase 5 — Form Experience › Validation error messages present when form submitted empty" classname="ux-accessibility-validation.spec.ts" time="3.542">
<system-out>
<![CDATA[
[[ATTACHMENT|..\..\..\shared-testing\test-results\ux-accessibility-validatio-83f85-t-when-form-submitted-empty-chromium\test-finished-1.png]]

[[ATTACHMENT|..\..\..\shared-testing\test-results\ux-accessibility-validatio-83f85-t-when-form-submitted-empty-chromium\video.webm]]

[[ATTACHMENT|..\..\..\shared-testing\test-results\ux-accessibility-validatio-83f85-t-when-form-submitted-empty-chromium\trace.zip]]
]]>
</system-out>
</testcase>
<testcase name="Phase 5 — Form Experience › Required fields visually indicated" classname="ux-accessibility-validation.spec.ts" time="2.291">
<system-out>
<![CDATA[
[[ATTACHMENT|..\..\..\shared-testing\test-results\ux-accessibility-validatio-a25d8-d-fields-visually-indicated-chromium\test-finished-1.png]]

[[ATTACHMENT|..\..\..\shared-testing\test-results\ux-accessibility-validatio-a25d8-d-fields-visually-indicated-chromium\video.webm]]

[[ATTACHMENT|..\..\..\shared-testing\test-results\ux-accessibility-validatio-a25d8-d-fields-visually-indicated-chromium\trace.zip]]
]]>
</system-out>
</testcase>
<testcase name="Phase 5 — Form Experience › Search input has accessible label" classname="ux-accessibility-validation.spec.ts" time="1.853">
<system-out>
<![CDATA[
[[ATTACHMENT|..\..\..\shared-testing\test-results\ux-accessibility-validatio-c25cb--input-has-accessible-label-chromium\test-finished-1.png]]

[[ATTACHMENT|..\..\..\shared-testing\test-results\ux-accessibility-validatio-c25cb--input-has-accessible-label-chromium\video.webm]]

[[ATTACHMENT|..\..\..\shared-testing\test-results\ux-accessibility-validatio-c25cb--input-has-accessible-label-chromium\trace.zip]]
]]>
</system-out>
</testcase>
<testcase name="Phase 5 — Form Experience › OTP input fields accessible" classname="ux-accessibility-validation.spec.ts" time="2.214">
<system-out>
<![CDATA[
[[ATTACHMENT|..\..\..\shared-testing\test-results\ux-accessibility-validatio-fd679-OTP-input-fields-accessible-chromium\test-finished-1.png]]

[[ATTACHMENT|..\..\..\shared-testing\test-results\ux-accessibility-validatio-fd679-OTP-input-fields-accessible-chromium\video.webm]]

[[ATTACHMENT|..\..\..\shared-testing\test-results\ux-accessibility-validatio-fd679-OTP-input-fields-accessible-chromium\trace.zip]]
]]>
</system-out>
</testcase>
<testcase name="Phase 5 — Form Experience › Checkbox has accessible label" classname="ux-accessibility-validation.spec.ts" time="2.118">
<system-out>
<![CDATA[
[[ATTACHMENT|..\..\..\shared-testing\test-results\ux-accessibility-validatio-0d315-eckbox-has-accessible-label-chromium\test-finished-1.png]]

[[ATTACHMENT|..\..\..\shared-testing\test-results\ux-accessibility-validatio-0d315-eckbox-has-accessible-label-chromium\video.webm]]

[[ATTACHMENT|..\..\..\shared-testing\test-results\ux-accessibility-validatio-0d315-eckbox-has-accessible-label-chromium\trace.zip]]
]]>
</system-out>
</testcase>
<testcase name="Phase 5 — Form Experience › Form submit button has descriptive text" classname="ux-accessibility-validation.spec.ts" time="3.994">
<system-out>
<![CDATA[
[[ATTACHMENT|..\..\..\shared-testing\test-results\ux-accessibility-validatio-c0564-button-has-descriptive-text-chromium\test-finished-1.png]]

[[ATTACHMENT|..\..\..\shared-testing\test-results\ux-accessibility-validatio-c0564-button-has-descriptive-text-chromium\video.webm]]

[[ATTACHMENT|..\..\..\shared-testing\test-results\ux-accessibility-validatio-c0564-button-has-descriptive-text-chromium\trace.zip]]
]]>
</system-out>
</testcase>
<testcase name="Phase 5 — Form Experience › Autocomplete attributes present on forms" classname="ux-accessibility-validation.spec.ts" time="2.139">
<system-out>
<![CDATA[
[[ATTACHMENT|..\..\..\shared-testing\test-results\ux-accessibility-validatio-82854-attributes-present-on-forms-chromium\test-finished-1.png]]

[[ATTACHMENT|..\..\..\shared-testing\test-results\ux-accessibility-validatio-82854-attributes-present-on-forms-chromium\video.webm]]

[[ATTACHMENT|..\..\..\shared-testing\test-results\ux-accessibility-validatio-82854-attributes-present-on-forms-chromium\trace.zip]]
]]>
</system-out>
</testcase>
<testcase name="Phase 6 — Design System Consistency › Button component renders consistently" classname="ux-accessibility-validation.spec.ts" time="18.225">
<system-out>
<![CDATA[
[[ATTACHMENT|..\..\..\shared-testing\test-results\ux-accessibility-validatio-f348a-ponent-renders-consistently-chromium\test-failed-1.png]]

[[ATTACHMENT|..\..\..\shared-testing\test-results\ux-accessibility-validatio-f348a-ponent-renders-consistently-chromium\video.webm]]

[[ATTACHMENT|..\..\..\shared-testing\test-results\ux-accessibility-validatio-f348a-ponent-renders-consistently-chromium\error-context.md]]

[[ATTACHMENT|..\..\..\shared-testing\test-results\ux-accessibility-validatio-f348a-ponent-renders-consistently-chromium\trace.zip]]

[[ATTACHMENT|..\..\..\shared-testing\test-results\ux-accessibility-validatio-f348a-ponent-renders-consistently-chromium-retry1\test-failed-1.png]]

[[ATTACHMENT|..\..\..\shared-testing\test-results\ux-accessibility-validatio-f348a-ponent-renders-consistently-chromium-retry1\video.webm]]

[[ATTACHMENT|..\..\..\shared-testing\test-results\ux-accessibility-validatio-f348a-ponent-renders-consistently-chromium-retry1\error-context.md]]

[[ATTACHMENT|..\..\..\shared-testing\test-results\ux-accessibility-validatio-f348a-ponent-renders-consistently-chromium-retry1\trace.zip]]
]]>
</system-out>
<failure message="expect(locator).toBeVisible() failed" type="expect.toBeVisible">
<![CDATA[  [chromium] › ux-accessibility-validation.spec.ts:551:7 › Phase 6 — Design System Consistency › Button component renders consistently 

    Error: expect(locator).toBeVisible() failed

    Locator:  locator('button').first()
    Expected: visible
    Received: hidden
    Timeout:  5000ms

    Call log:
      - Expect "toBeVisible" with timeout 5000ms
      - waiting for locator('button').first()
        13 × locator resolved to <button aria-label="Toggle navigation" class="sk-icon-btn sk-header__menu">☰</button>
           - unexpected value "hidden"


      555 |     expect(buttons.length).toBeGreaterThan(0);
      556 |     const firstBtn = buttons[0];
    > 557 |     await expect(firstBtn).toBeVisible();
          |                            ^
      558 |     const styles = await firstBtn.evaluate(el => {
      559 |       const s = getComputedStyle(el);
      560 |       return { display: s.display, borderRadius: s.borderRadius };
        at F:\The Pravara\clients\sporekart\sporekart\shared-testing\tests\ux-accessibility-validation.spec.ts:557:28

    attachment #1: screenshot (image/png) ──────────────────────────────────────────────────────────
    ..\test-results\ux-accessibility-validatio-f348a-ponent-renders-consistently-chromium\test-failed-1.png
    ────────────────────────────────────────────────────────────────────────────────────────────────

    attachment #2: video (video/webm) ──────────────────────────────────────────────────────────────
    ..\test-results\ux-accessibility-validatio-f348a-ponent-renders-consistently-chromium\video.webm
    ────────────────────────────────────────────────────────────────────────────────────────────────

    Error Context: ..\test-results\ux-accessibility-validatio-f348a-ponent-renders-consistently-chromium\error-context.md

    attachment #4: trace (application/zip) ─────────────────────────────────────────────────────────
    ..\test-results\ux-accessibility-validatio-f348a-ponent-renders-consistently-chromium\trace.zip
    Usage:

        npx playwright show-trace ..\test-results\ux-accessibility-validatio-f348a-ponent-renders-consistently-chromium\trace.zip

    ────────────────────────────────────────────────────────────────────────────────────────────────

    Retry #1 ───────────────────────────────────────────────────────────────────────────────────────

    Error: expect(locator).toBeVisible() failed

    Locator:  locator('button').first()
    Expected: visible
    Received: hidden
    Timeout:  5000ms

    Call log:
      - Expect "toBeVisible" with timeout 5000ms
      - waiting for locator('button').first()
        12 × locator resolved to <button aria-label="Toggle navigation" class="sk-icon-btn sk-header__menu">☰</button>
           - unexpected value "hidden"


      555 |     expect(buttons.length).toBeGreaterThan(0);
      556 |     const firstBtn = buttons[0];
    > 557 |     await expect(firstBtn).toBeVisible();
          |                            ^
      558 |     const styles = await firstBtn.evaluate(el => {
      559 |       const s = getComputedStyle(el);
      560 |       return { display: s.display, borderRadius: s.borderRadius };
        at F:\The Pravara\clients\sporekart\sporekart\shared-testing\tests\ux-accessibility-validation.spec.ts:557:28

    attachment #1: screenshot (image/png) ──────────────────────────────────────────────────────────
    ..\test-results\ux-accessibility-validatio-f348a-ponent-renders-consistently-chromium-retry1\test-failed-1.png
    ────────────────────────────────────────────────────────────────────────────────────────────────

    attachment #2: video (video/webm) ──────────────────────────────────────────────────────────────
    ..\test-results\ux-accessibility-validatio-f348a-ponent-renders-consistently-chromium-retry1\video.webm
    ────────────────────────────────────────────────────────────────────────────────────────────────

    Error Context: ..\test-results\ux-accessibility-validatio-f348a-ponent-renders-consistently-chromium-retry1\error-context.md

    attachment #4: trace (application/zip) ─────────────────────────────────────────────────────────
    ..\test-results\ux-accessibility-validatio-f348a-ponent-renders-consistently-chromium-retry1\trace.zip
    Usage:

        npx playwright show-trace ..\test-results\ux-accessibility-validatio-f348a-ponent-renders-consistently-chromium-retry1\trace.zip

    ────────────────────────────────────────────────────────────────────────────────────────────────
]]>
</failure>
</testcase>
<testcase name="Phase 6 — Design System Consistency › Input component renders with consistent styling" classname="ux-accessibility-validation.spec.ts" time="2.144">
<system-out>
<![CDATA[
[[ATTACHMENT|..\..\..\shared-testing\test-results\ux-accessibility-validatio-cc6ad-ers-with-consistent-styling-chromium\test-finished-1.png]]

[[ATTACHMENT|..\..\..\shared-testing\test-results\ux-accessibility-validatio-cc6ad-ers-with-consistent-styling-chromium\video.webm]]

[[ATTACHMENT|..\..\..\shared-testing\test-results\ux-accessibility-validatio-cc6ad-ers-with-consistent-styling-chromium\trace.zip]]
]]>
</system-out>
</testcase>
<testcase name="Phase 6 — Design System Consistency › Card components present on dashboard" classname="ux-accessibility-validation.spec.ts" time="2.631">
<system-out>
<![CDATA[
[[ATTACHMENT|..\..\..\shared-testing\test-results\ux-accessibility-validatio-ceb97-onents-present-on-dashboard-chromium\test-finished-1.png]]

[[ATTACHMENT|..\..\..\shared-testing\test-results\ux-accessibility-validatio-ceb97-onents-present-on-dashboard-chromium\video.webm]]

[[ATTACHMENT|..\..\..\shared-testing\test-results\ux-accessibility-validatio-ceb97-onents-present-on-dashboard-chromium\trace.zip]]
]]>
</system-out>
</testcase>
<testcase name="Phase 6 — Design System Consistency › Table present on admin pages" classname="ux-accessibility-validation.spec.ts" time="2.148">
<system-out>
<![CDATA[
[[ATTACHMENT|..\..\..\shared-testing\test-results\ux-accessibility-validatio-adf6a-able-present-on-admin-pages-chromium\test-finished-1.png]]

[[ATTACHMENT|..\..\..\shared-testing\test-results\ux-accessibility-validatio-adf6a-able-present-on-admin-pages-chromium\video.webm]]

[[ATTACHMENT|..\..\..\shared-testing\test-results\ux-accessibility-validatio-adf6a-able-present-on-admin-pages-chromium\trace.zip]]
]]>
</system-out>
</testcase>
<testcase name="Phase 6 — Design System Consistency › Badge and tag components render" classname="ux-accessibility-validation.spec.ts" time="3.216">
<system-out>
<![CDATA[
[[ATTACHMENT|..\..\..\shared-testing\test-results\ux-accessibility-validatio-18937-e-and-tag-components-render-chromium\test-finished-1.png]]

[[ATTACHMENT|..\..\..\shared-testing\test-results\ux-accessibility-validatio-18937-e-and-tag-components-render-chromium\video.webm]]

[[ATTACHMENT|..\..\..\shared-testing\test-results\ux-accessibility-validatio-18937-e-and-tag-components-render-chromium\trace.zip]]
]]>
</system-out>
</testcase>
<testcase name="Phase 6 — Design System Consistency › Loading skeleton or spinner present during navigation" classname="ux-accessibility-validation.spec.ts" time="2.566">
<system-out>
<![CDATA[
[[ATTACHMENT|..\..\..\shared-testing\test-results\ux-accessibility-validatio-5b9fb-r-present-during-navigation-chromium\test-finished-1.png]]

[[ATTACHMENT|..\..\..\shared-testing\test-results\ux-accessibility-validatio-5b9fb-r-present-during-navigation-chromium\video.webm]]

[[ATTACHMENT|..\..\..\shared-testing\test-results\ux-accessibility-validatio-5b9fb-r-present-during-navigation-chromium\trace.zip]]
]]>
</system-out>
</testcase>
<testcase name="Phase 6 — Design System Consistency › Dialog container renders with correct structure" classname="ux-accessibility-validation.spec.ts" time="1.478">
<system-out>
<![CDATA[
[[ATTACHMENT|..\..\..\shared-testing\test-results\ux-accessibility-validatio-ea489-ders-with-correct-structure-chromium\test-finished-1.png]]

[[ATTACHMENT|..\..\..\shared-testing\test-results\ux-accessibility-validatio-ea489-ders-with-correct-structure-chromium\video.webm]]

[[ATTACHMENT|..\..\..\shared-testing\test-results\ux-accessibility-validatio-ea489-ders-with-correct-structure-chromium\trace.zip]]
]]>
</system-out>
</testcase>
<testcase name="Phase 6 — Design System Consistency › Empty state component renders when no content" classname="ux-accessibility-validation.spec.ts" time="3.057">
<system-out>
<![CDATA[
[[ATTACHMENT|..\..\..\shared-testing\test-results\ux-accessibility-validatio-3852f-ent-renders-when-no-content-chromium\test-finished-1.png]]

[[ATTACHMENT|..\..\..\shared-testing\test-results\ux-accessibility-validatio-3852f-ent-renders-when-no-content-chromium\video.webm]]

[[ATTACHMENT|..\..\..\shared-testing\test-results\ux-accessibility-validatio-3852f-ent-renders-when-no-content-chromium\trace.zip]]
]]>
</system-out>
</testcase>
<testcase name="Phase 6 — Design System Consistency › Typography scale is consistent" classname="ux-accessibility-validation.spec.ts" time="3.316">
<system-out>
<![CDATA[
[[ATTACHMENT|..\..\..\shared-testing\test-results\ux-accessibility-validatio-85521-ography-scale-is-consistent-chromium\test-finished-1.png]]

[[ATTACHMENT|..\..\..\shared-testing\test-results\ux-accessibility-validatio-85521-ography-scale-is-consistent-chromium\video.webm]]

[[ATTACHMENT|..\..\..\shared-testing\test-results\ux-accessibility-validatio-85521-ography-scale-is-consistent-chromium\trace.zip]]
]]>
</system-out>
</testcase>
<testcase name="Phase 6 — Design System Consistency › Icons have aria-hidden or accessible labels" classname="ux-accessibility-validation.spec.ts" time="2.65">
<system-out>
<![CDATA[
[[ATTACHMENT|..\..\..\shared-testing\test-results\ux-accessibility-validatio-02921-hidden-or-accessible-labels-chromium\test-finished-1.png]]

[[ATTACHMENT|..\..\..\shared-testing\test-results\ux-accessibility-validatio-02921-hidden-or-accessible-labels-chromium\video.webm]]

[[ATTACHMENT|..\..\..\shared-testing\test-results\ux-accessibility-validatio-02921-hidden-or-accessible-labels-chromium\trace.zip]]
]]>
</system-out>
</testcase>
<testcase name="Phase 7 — Responsive Design › Desktop viewport displays all page content" classname="ux-accessibility-validation.spec.ts" time="7.684">
<system-out>
<![CDATA[
[[ATTACHMENT|..\..\..\shared-testing\test-results\ux-accessibility-validatio-726a7-t-displays-all-page-content-chromium\test-finished-1.png]]

[[ATTACHMENT|..\..\..\shared-testing\test-results\ux-accessibility-validatio-726a7-t-displays-all-page-content-chromium\video.webm]]

[[ATTACHMENT|..\..\..\shared-testing\test-results\ux-accessibility-validatio-726a7-t-displays-all-page-content-chromium\trace.zip]]
]]>
</system-out>
</testcase>
<testcase name="Phase 7 — Responsive Design › Tablet viewport displays all page content" classname="ux-accessibility-validation.spec.ts" time="6.81">
<system-out>
<![CDATA[
[[ATTACHMENT|..\..\..\shared-testing\test-results\ux-accessibility-validatio-80e76-t-displays-all-page-content-chromium\test-finished-1.png]]

[[ATTACHMENT|..\..\..\shared-testing\test-results\ux-accessibility-validatio-80e76-t-displays-all-page-content-chromium\video.webm]]

[[ATTACHMENT|..\..\..\shared-testing\test-results\ux-accessibility-validatio-80e76-t-displays-all-page-content-chromium\trace.zip]]
]]>
</system-out>
</testcase>
<testcase name="Phase 7 — Responsive Design › Mobile viewport displays all page content" classname="ux-accessibility-validation.spec.ts" time="6.509">
<system-out>
<![CDATA[
[[ATTACHMENT|..\..\..\shared-testing\test-results\ux-accessibility-validatio-1966d-t-displays-all-page-content-chromium\test-finished-1.png]]

[[ATTACHMENT|..\..\..\shared-testing\test-results\ux-accessibility-validatio-1966d-t-displays-all-page-content-chromium\video.webm]]

[[ATTACHMENT|..\..\..\shared-testing\test-results\ux-accessibility-validatio-1966d-t-displays-all-page-content-chromium\trace.zip]]
]]>
</system-out>
</testcase>
<testcase name="Phase 7 — Responsive Design › Small mobile viewport (320px) displays content" classname="ux-accessibility-validation.spec.ts" time="1.628">
<system-out>
<![CDATA[
[[ATTACHMENT|..\..\..\shared-testing\test-results\ux-accessibility-validatio-fc924-port-320px-displays-content-chromium\test-finished-1.png]]

[[ATTACHMENT|..\..\..\shared-testing\test-results\ux-accessibility-validatio-fc924-port-320px-displays-content-chromium\video.webm]]

[[ATTACHMENT|..\..\..\shared-testing\test-results\ux-accessibility-validatio-fc924-port-320px-displays-content-chromium\trace.zip]]
]]>
</system-out>
</testcase>
<testcase name="Phase 7 — Responsive Design › Orientation change maintains content visibility" classname="ux-accessibility-validation.spec.ts" time="3.326">
<system-out>
<![CDATA[
[[ATTACHMENT|..\..\..\shared-testing\test-results\ux-accessibility-validatio-0b25a-aintains-content-visibility-chromium\test-finished-1.png]]

[[ATTACHMENT|..\..\..\shared-testing\test-results\ux-accessibility-validatio-0b25a-aintains-content-visibility-chromium\video.webm]]

[[ATTACHMENT|..\..\..\shared-testing\test-results\ux-accessibility-validatio-0b25a-aintains-content-visibility-chromium\trace.zip]]
]]>
</system-out>
</testcase>
<testcase name="Phase 7 — Responsive Design › Touch targets meet minimum size (44x44px)" classname="ux-accessibility-validation.spec.ts" time="3.936">
<system-out>
<![CDATA[
[[ATTACHMENT|..\..\..\shared-testing\test-results\ux-accessibility-validatio-0f7d4--meet-minimum-size-44x44px--chromium\test-failed-1.png]]

[[ATTACHMENT|..\..\..\shared-testing\test-results\ux-accessibility-validatio-0f7d4--meet-minimum-size-44x44px--chromium\video.webm]]

[[ATTACHMENT|..\..\..\shared-testing\test-results\ux-accessibility-validatio-0f7d4--meet-minimum-size-44x44px--chromium\error-context.md]]

[[ATTACHMENT|..\..\..\shared-testing\test-results\ux-accessibility-validatio-0f7d4--meet-minimum-size-44x44px--chromium\trace.zip]]

[[ATTACHMENT|..\..\..\shared-testing\test-results\ux-accessibility-validatio-0f7d4--meet-minimum-size-44x44px--chromium-retry1\test-failed-1.png]]

[[ATTACHMENT|..\..\..\shared-testing\test-results\ux-accessibility-validatio-0f7d4--meet-minimum-size-44x44px--chromium-retry1\video.webm]]

[[ATTACHMENT|..\..\..\shared-testing\test-results\ux-accessibility-validatio-0f7d4--meet-minimum-size-44x44px--chromium-retry1\error-context.md]]

[[ATTACHMENT|..\..\..\shared-testing\test-results\ux-accessibility-validatio-0f7d4--meet-minimum-size-44x44px--chromium-retry1\trace.zip]]
]]>
</system-out>
<error message="buttons is not defined" type="ReferenceError">
<![CDATA[  [chromium] › ux-accessibility-validation.spec.ts:704:7 › Phase 7 — Responsive Design › Touch targets meet minimum size (44x44px) 

    ReferenceError: buttons is not defined

      713 |       }).length;
      714 |     });
    > 715 |     expect(smallTargets).toBeLessThan(buttons.length);
          |                                       ^
      716 |   });
      717 | });
      718 |
        at F:\The Pravara\clients\sporekart\sporekart\shared-testing\tests\ux-accessibility-validation.spec.ts:715:39

    attachment #1: screenshot (image/png) ──────────────────────────────────────────────────────────
    ..\test-results\ux-accessibility-validatio-0f7d4--meet-minimum-size-44x44px--chromium\test-failed-1.png
    ────────────────────────────────────────────────────────────────────────────────────────────────

    attachment #2: video (video/webm) ──────────────────────────────────────────────────────────────
    ..\test-results\ux-accessibility-validatio-0f7d4--meet-minimum-size-44x44px--chromium\video.webm
    ────────────────────────────────────────────────────────────────────────────────────────────────

    Error Context: ..\test-results\ux-accessibility-validatio-0f7d4--meet-minimum-size-44x44px--chromium\error-context.md

    attachment #4: trace (application/zip) ─────────────────────────────────────────────────────────
    ..\test-results\ux-accessibility-validatio-0f7d4--meet-minimum-size-44x44px--chromium\trace.zip
    Usage:

        npx playwright show-trace ..\test-results\ux-accessibility-validatio-0f7d4--meet-minimum-size-44x44px--chromium\trace.zip

    ────────────────────────────────────────────────────────────────────────────────────────────────

    Retry #1 ───────────────────────────────────────────────────────────────────────────────────────

    ReferenceError: buttons is not defined

      713 |       }).length;
      714 |     });
    > 715 |     expect(smallTargets).toBeLessThan(buttons.length);
          |                                       ^
      716 |   });
      717 | });
      718 |
        at F:\The Pravara\clients\sporekart\sporekart\shared-testing\tests\ux-accessibility-validation.spec.ts:715:39

    attachment #1: screenshot (image/png) ──────────────────────────────────────────────────────────
    ..\test-results\ux-accessibility-validatio-0f7d4--meet-minimum-size-44x44px--chromium-retry1\test-failed-1.png
    ────────────────────────────────────────────────────────────────────────────────────────────────

    attachment #2: video (video/webm) ──────────────────────────────────────────────────────────────
    ..\test-results\ux-accessibility-validatio-0f7d4--meet-minimum-size-44x44px--chromium-retry1\video.webm
    ────────────────────────────────────────────────────────────────────────────────────────────────

    Error Context: ..\test-results\ux-accessibility-validatio-0f7d4--meet-minimum-size-44x44px--chromium-retry1\error-context.md

    attachment #4: trace (application/zip) ─────────────────────────────────────────────────────────
    ..\test-results\ux-accessibility-validatio-0f7d4--meet-minimum-size-44x44px--chromium-retry1\trace.zip
    Usage:

        npx playwright show-trace ..\test-results\ux-accessibility-validatio-0f7d4--meet-minimum-size-44x44px--chromium-retry1\trace.zip

    ────────────────────────────────────────────────────────────────────────────────────────────────
]]>
</error>
</testcase>
<testcase name="Phase 8 — User Experience › Navigation elements present on all pages" classname="ux-accessibility-validation.spec.ts" time="5.394">
<system-out>
<![CDATA[
[[ATTACHMENT|..\..\..\shared-testing\test-results\ux-accessibility-validatio-dbb17-ements-present-on-all-pages-chromium\test-finished-1.png]]

[[ATTACHMENT|..\..\..\shared-testing\test-results\ux-accessibility-validatio-dbb17-ements-present-on-all-pages-chromium\video.webm]]

[[ATTACHMENT|..\..\..\shared-testing\test-results\ux-accessibility-validatio-dbb17-ements-present-on-all-pages-chromium\trace.zip]]
]]>
</system-out>
</testcase>
<testcase name="Phase 8 — User Experience › Loading state indicated during actions" classname="ux-accessibility-validation.spec.ts" time="4.016">
<system-out>
<![CDATA[
[[ATTACHMENT|..\..\..\shared-testing\test-results\ux-accessibility-validatio-75cd6-te-indicated-during-actions-chromium\test-finished-1.png]]

[[ATTACHMENT|..\..\..\shared-testing\test-results\ux-accessibility-validatio-75cd6-te-indicated-during-actions-chromium\video.webm]]

[[ATTACHMENT|..\..\..\shared-testing\test-results\ux-accessibility-validatio-75cd6-te-indicated-during-actions-chromium\trace.zip]]
]]>
</system-out>
</testcase>
<testcase name="Phase 8 — User Experience › Error recovery guidance present" classname="ux-accessibility-validation.spec.ts" time="3.48">
<system-out>
<![CDATA[
[[ATTACHMENT|..\..\..\shared-testing\test-results\ux-accessibility-validatio-e8305-r-recovery-guidance-present-chromium\test-finished-1.png]]

[[ATTACHMENT|..\..\..\shared-testing\test-results\ux-accessibility-validatio-e8305-r-recovery-guidance-present-chromium\video.webm]]

[[ATTACHMENT|..\..\..\shared-testing\test-results\ux-accessibility-validatio-e8305-r-recovery-guidance-present-chromium\trace.zip]]
]]>
</system-out>
</testcase>
<testcase name="Phase 8 — User Experience › Empty state provides guidance" classname="ux-accessibility-validation.spec.ts" time="1.773">
<system-out>
<![CDATA[
[[ATTACHMENT|..\..\..\shared-testing\test-results\ux-accessibility-validatio-972e5-pty-state-provides-guidance-chromium\test-finished-1.png]]

[[ATTACHMENT|..\..\..\shared-testing\test-results\ux-accessibility-validatio-972e5-pty-state-provides-guidance-chromium\video.webm]]

[[ATTACHMENT|..\..\..\shared-testing\test-results\ux-accessibility-validatio-972e5-pty-state-provides-guidance-chromium\trace.zip]]
]]>
</system-out>
</testcase>
<testcase name="Phase 8 — User Experience › Confirmation or feedback shown after actions" classname="ux-accessibility-validation.spec.ts" time="2.054">
<system-out>
<![CDATA[
[[ATTACHMENT|..\..\..\shared-testing\test-results\ux-accessibility-validatio-aef34-eedback-shown-after-actions-chromium\test-finished-1.png]]

[[ATTACHMENT|..\..\..\shared-testing\test-results\ux-accessibility-validatio-aef34-eedback-shown-after-actions-chromium\video.webm]]

[[ATTACHMENT|..\..\..\shared-testing\test-results\ux-accessibility-validatio-aef34-eedback-shown-after-actions-chromium\trace.zip]]
]]>
</system-out>
</testcase>
<testcase name="Phase 8 — User Experience › Page content is scannable with clear hierarchy" classname="ux-accessibility-validation.spec.ts" time="3.773">
<system-out>
<![CDATA[
[[ATTACHMENT|..\..\..\shared-testing\test-results\ux-accessibility-validatio-7bc72-nnable-with-clear-hierarchy-chromium\test-finished-1.png]]

[[ATTACHMENT|..\..\..\shared-testing\test-results\ux-accessibility-validatio-7bc72-nnable-with-clear-hierarchy-chromium\video.webm]]

[[ATTACHMENT|..\..\..\shared-testing\test-results\ux-accessibility-validatio-7bc72-nnable-with-clear-hierarchy-chromium\trace.zip]]
]]>
</system-out>
</testcase>
<testcase name="Phase 9 — Visual Consistency › Typography scale produces consistent heading sizes" classname="ux-accessibility-validation.spec.ts" time="4.121">
<system-out>
<![CDATA[
[[ATTACHMENT|..\..\..\shared-testing\test-results\ux-accessibility-validatio-9bb6f-es-consistent-heading-sizes-chromium\test-finished-1.png]]

[[ATTACHMENT|..\..\..\shared-testing\test-results\ux-accessibility-validatio-9bb6f-es-consistent-heading-sizes-chromium\video.webm]]

[[ATTACHMENT|..\..\..\shared-testing\test-results\ux-accessibility-validatio-9bb6f-es-consistent-heading-sizes-chromium\trace.zip]]
]]>
</system-out>
</testcase>
<testcase name="Phase 9 — Visual Consistency › Spacing and alignment consistent across pages" classname="ux-accessibility-validation.spec.ts" time="4.84">
<system-out>
<![CDATA[
[[ATTACHMENT|..\..\..\shared-testing\test-results\ux-accessibility-validatio-53368-ent-consistent-across-pages-chromium\test-finished-1.png]]

[[ATTACHMENT|..\..\..\shared-testing\test-results\ux-accessibility-validatio-53368-ent-consistent-across-pages-chromium\video.webm]]

[[ATTACHMENT|..\..\..\shared-testing\test-results\ux-accessibility-validatio-53368-ent-consistent-across-pages-chromium\trace.zip]]
]]>
</system-out>
</testcase>
<testcase name="Phase 9 — Visual Consistency › Layout does not break across viewport sizes" classname="ux-accessibility-validation.spec.ts" time="7.279">
<system-out>
<![CDATA[
[[ATTACHMENT|..\..\..\shared-testing\test-results\ux-accessibility-validatio-475ff-break-across-viewport-sizes-chromium\test-finished-1.png]]

[[ATTACHMENT|..\..\..\shared-testing\test-results\ux-accessibility-validatio-475ff-break-across-viewport-sizes-chromium\video.webm]]

[[ATTACHMENT|..\..\..\shared-testing\test-results\ux-accessibility-validatio-475ff-break-across-viewport-sizes-chromium\trace.zip]]
]]>
</system-out>
</testcase>
<testcase name="Phase 9 — Visual Consistency › Component spacing appears consistent" classname="ux-accessibility-validation.spec.ts" time="2.354">
<system-out>
<![CDATA[
[[ATTACHMENT|..\..\..\shared-testing\test-results\ux-accessibility-validatio-919d1--spacing-appears-consistent-chromium\test-finished-1.png]]

[[ATTACHMENT|..\..\..\shared-testing\test-results\ux-accessibility-validatio-919d1--spacing-appears-consistent-chromium\video.webm]]

[[ATTACHMENT|..\..\..\shared-testing\test-results\ux-accessibility-validatio-919d1--spacing-appears-consistent-chromium\trace.zip]]
]]>
</system-out>
</testcase>
<testcase name="Phase 9 — Visual Consistency › Brand colors used consistently" classname="ux-accessibility-validation.spec.ts" time="2.833">
<system-out>
<![CDATA[
[[ATTACHMENT|..\..\..\shared-testing\test-results\ux-accessibility-validatio-8644b-nd-colors-used-consistently-chromium\test-finished-1.png]]

[[ATTACHMENT|..\..\..\shared-testing\test-results\ux-accessibility-validatio-8644b-nd-colors-used-consistently-chromium\video.webm]]

[[ATTACHMENT|..\..\..\shared-testing\test-results\ux-accessibility-validatio-8644b-nd-colors-used-consistently-chromium\trace.zip]]
]]>
</system-out>
</testcase>
<testcase name="Phase 10 — Error Experience › 404 page shows friendly message and navigation option" classname="ux-accessibility-validation.spec.ts" time="1.64">
<system-out>
<![CDATA[
[[ATTACHMENT|..\..\..\shared-testing\test-results\ux-accessibility-validatio-47aec-ssage-and-navigation-option-chromium\test-finished-1.png]]

[[ATTACHMENT|..\..\..\shared-testing\test-results\ux-accessibility-validatio-47aec-ssage-and-navigation-option-chromium\video.webm]]

[[ATTACHMENT|..\..\..\shared-testing\test-results\ux-accessibility-validatio-47aec-ssage-and-navigation-option-chromium\trace.zip]]
]]>
</system-out>
</testcase>
<testcase name="Phase 10 — Error Experience › 403 access denied page shows recovery options" classname="ux-accessibility-validation.spec.ts" time="1.709">
<system-out>
<![CDATA[
[[ATTACHMENT|..\..\..\shared-testing\test-results\ux-accessibility-validatio-ff841-page-shows-recovery-options-chromium\test-finished-1.png]]

[[ATTACHMENT|..\..\..\shared-testing\test-results\ux-accessibility-validatio-ff841-page-shows-recovery-options-chromium\video.webm]]

[[ATTACHMENT|..\..\..\shared-testing\test-results\ux-accessibility-validatio-ff841-page-shows-recovery-options-chromium\trace.zip]]
]]>
</system-out>
</testcase>
<testcase name="Phase 10 — Error Experience › Session expired page guides user to re-authenticate" classname="ux-accessibility-validation.spec.ts" time="1.87">
<system-out>
<![CDATA[
[[ATTACHMENT|..\..\..\shared-testing\test-results\ux-accessibility-validatio-8f8fd-des-user-to-re-authenticate-chromium\test-finished-1.png]]

[[ATTACHMENT|..\..\..\shared-testing\test-results\ux-accessibility-validatio-8f8fd-des-user-to-re-authenticate-chromium\video.webm]]

[[ATTACHMENT|..\..\..\shared-testing\test-results\ux-accessibility-validatio-8f8fd-des-user-to-re-authenticate-chromium\trace.zip]]
]]>
</system-out>
</testcase>
<testcase name="Phase 10 — Error Experience › Auth error page displays informative message" classname="ux-accessibility-validation.spec.ts" time="1.714">
<system-out>
<![CDATA[
[[ATTACHMENT|..\..\..\shared-testing\test-results\ux-accessibility-validatio-983cf-isplays-informative-message-chromium\test-finished-1.png]]

[[ATTACHMENT|..\..\..\shared-testing\test-results\ux-accessibility-validatio-983cf-isplays-informative-message-chromium\video.webm]]

[[ATTACHMENT|..\..\..\shared-testing\test-results\ux-accessibility-validatio-983cf-isplays-informative-message-chromium\trace.zip]]
]]>
</system-out>
</testcase>
<testcase name="Phase 10 — Error Experience › Forgot password page guides recovery flow" classname="ux-accessibility-validation.spec.ts" time="2.461">
<system-out>
<![CDATA[
[[ATTACHMENT|..\..\..\shared-testing\test-results\ux-accessibility-validatio-7e5de-d-page-guides-recovery-flow-chromium\test-finished-1.png]]

[[ATTACHMENT|..\..\..\shared-testing\test-results\ux-accessibility-validatio-7e5de-d-page-guides-recovery-flow-chromium\video.webm]]

[[ATTACHMENT|..\..\..\shared-testing\test-results\ux-accessibility-validatio-7e5de-d-page-guides-recovery-flow-chromium\trace.zip]]
]]>
</system-out>
</testcase>
<testcase name="Phase 10 — Error Experience › Validation errors show on invalid form submission" classname="ux-accessibility-validation.spec.ts" time="3.305">
<system-out>
<![CDATA[
[[ATTACHMENT|..\..\..\shared-testing\test-results\ux-accessibility-validatio-880ad--on-invalid-form-submission-chromium\test-finished-1.png]]

[[ATTACHMENT|..\..\..\shared-testing\test-results\ux-accessibility-validatio-880ad--on-invalid-form-submission-chromium\video.webm]]

[[ATTACHMENT|..\..\..\shared-testing\test-results\ux-accessibility-validatio-880ad--on-invalid-form-submission-chromium\trace.zip]]
]]>
</system-out>
</testcase>
<testcase name="Phase 10 — Error Experience › Empty list page displays meaningful message" classname="ux-accessibility-validation.spec.ts" time="2.196">
<system-out>
<![CDATA[
[[ATTACHMENT|..\..\..\shared-testing\test-results\ux-accessibility-validatio-9d037-displays-meaningful-message-chromium\test-finished-1.png]]

[[ATTACHMENT|..\..\..\shared-testing\test-results\ux-accessibility-validatio-9d037-displays-meaningful-message-chromium\video.webm]]

[[ATTACHMENT|..\..\..\shared-testing\test-results\ux-accessibility-validatio-9d037-displays-meaningful-message-chromium\trace.zip]]
]]>
</system-out>
</testcase>
<testcase name="Phase 11 — Cross-Browser UX Consistency › Key pages render across browsers" classname="ux-accessibility-validation.spec.ts" time="7.387">
<system-out>
<![CDATA[
[[ATTACHMENT|..\..\..\shared-testing\test-results\ux-accessibility-validatio-992e2-ages-render-across-browsers-chromium\test-finished-1.png]]

[[ATTACHMENT|..\..\..\shared-testing\test-results\ux-accessibility-validatio-992e2-ages-render-across-browsers-chromium\video.webm]]

[[ATTACHMENT|..\..\..\shared-testing\test-results\ux-accessibility-validatio-992e2-ages-render-across-browsers-chromium\trace.zip]]
]]>
</system-out>
</testcase>
<testcase name="Phase 11 — Cross-Browser UX Consistency › Interactive elements are consistently focusable" classname="ux-accessibility-validation.spec.ts" time="3.02">
<system-out>
<![CDATA[
[[ATTACHMENT|..\..\..\shared-testing\test-results\ux-accessibility-validatio-4906a--are-consistently-focusable-chromium\test-finished-1.png]]

[[ATTACHMENT|..\..\..\shared-testing\test-results\ux-accessibility-validatio-4906a--are-consistently-focusable-chromium\video.webm]]

[[ATTACHMENT|..\..\..\shared-testing\test-results\ux-accessibility-validatio-4906a--are-consistently-focusable-chromium\trace.zip]]
]]>
</system-out>
</testcase>
<testcase name="Phase 11 — Cross-Browser UX Consistency › ARIA attributes preserved across browsers" classname="ux-accessibility-validation.spec.ts" time="2.382">
<system-out>
<![CDATA[
[[ATTACHMENT|..\..\..\shared-testing\test-results\ux-accessibility-validatio-0fc1c-s-preserved-across-browsers-chromium\test-finished-1.png]]

[[ATTACHMENT|..\..\..\shared-testing\test-results\ux-accessibility-validatio-0fc1c-s-preserved-across-browsers-chromium\video.webm]]

[[ATTACHMENT|..\..\..\shared-testing\test-results\ux-accessibility-validatio-0fc1c-s-preserved-across-browsers-chromium\trace.zip]]
]]>
</system-out>
</testcase>
<testcase name="Phase 12 — Performance Impact of UX Features › Page load times within acceptable range for UX" classname="ux-accessibility-validation.spec.ts" time="7.692">
<system-out>
<![CDATA[
[[ATTACHMENT|..\..\..\shared-testing\test-results\ux-accessibility-validatio-774be-hin-acceptable-range-for-UX-chromium\test-finished-1.png]]

[[ATTACHMENT|..\..\..\shared-testing\test-results\ux-accessibility-validatio-774be-hin-acceptable-range-for-UX-chromium\video.webm]]

[[ATTACHMENT|..\..\..\shared-testing\test-results\ux-accessibility-validatio-774be-hin-acceptable-range-for-UX-chromium\trace.zip]]
]]>
</system-out>
</testcase>
<testcase name="Phase 12 — Performance Impact of UX Features › No layout shifts on key pages" classname="ux-accessibility-validation.spec.ts" time="5.174">
<system-out>
<![CDATA[
[[ATTACHMENT|..\..\..\shared-testing\test-results\ux-accessibility-validatio-54f17--layout-shifts-on-key-pages-chromium\test-finished-1.png]]

[[ATTACHMENT|..\..\..\shared-testing\test-results\ux-accessibility-validatio-54f17--layout-shifts-on-key-pages-chromium\video.webm]]

[[ATTACHMENT|..\..\..\shared-testing\test-results\ux-accessibility-validatio-54f17--layout-shifts-on-key-pages-chromium\trace.zip]]
]]>
</system-out>
</testcase>
<testcase name="Phase 12 — Performance Impact of UX Features › Animations do not block interaction" classname="ux-accessibility-validation.spec.ts" time="42.854">
<system-out>
<![CDATA[
[[ATTACHMENT|..\..\..\shared-testing\test-results\ux-accessibility-validatio-9f943-ns-do-not-block-interaction-chromium\test-failed-1.png]]

[[ATTACHMENT|..\..\..\shared-testing\test-results\ux-accessibility-validatio-9f943-ns-do-not-block-interaction-chromium\video.webm]]

[[ATTACHMENT|..\..\..\shared-testing\test-results\ux-accessibility-validatio-9f943-ns-do-not-block-interaction-chromium\error-context.md]]

[[ATTACHMENT|..\..\..\shared-testing\test-results\ux-accessibility-validatio-9f943-ns-do-not-block-interaction-chromium\trace.zip]]

[[ATTACHMENT|..\..\..\shared-testing\test-results\ux-accessibility-validatio-9f943-ns-do-not-block-interaction-chromium-retry1\test-failed-1.png]]

[...]

[[ATTACHMENT|..\..\..\shared-testing\test-results\ux-accessibility-validatio-ff841-page-shows-recovery-options-mobile-safari\trace.zip]]
]]>
</system-out>
</testcase>
<testcase name="Phase 10 — Error Experience › Session expired page guides user to re-authenticate" classname="ux-accessibility-validation.spec.ts" time="3.709">
<system-out>
<![CDATA[
[[ATTACHMENT|..\..\..\shared-testing\test-results\ux-accessibility-validatio-8f8fd-des-user-to-re-authenticate-mobile-safari\test-finished-1.png]]

[[ATTACHMENT|..\..\..\shared-testing\test-results\ux-accessibility-validatio-8f8fd-des-user-to-re-authenticate-mobile-safari\video.webm]]

[[ATTACHMENT|..\..\..\shared-testing\test-results\ux-accessibility-validatio-8f8fd-des-user-to-re-authenticate-mobile-safari\trace.zip]]
]]>
</system-out>
</testcase>
<testcase name="Phase 10 — Error Experience › Auth error page displays informative message" classname="ux-accessibility-validation.spec.ts" time="3.762">
<system-out>
<![CDATA[
[[ATTACHMENT|..\..\..\shared-testing\test-results\ux-accessibility-validatio-983cf-isplays-informative-message-mobile-safari\test-finished-1.png]]

[[ATTACHMENT|..\..\..\shared-testing\test-results\ux-accessibility-validatio-983cf-isplays-informative-message-mobile-safari\video.webm]]

[[ATTACHMENT|..\..\..\shared-testing\test-results\ux-accessibility-validatio-983cf-isplays-informative-message-mobile-safari\trace.zip]]
]]>
</system-out>
</testcase>
<testcase name="Phase 10 — Error Experience › Forgot password page guides recovery flow" classname="ux-accessibility-validation.spec.ts" time="3.824">
<system-out>
<![CDATA[
[[ATTACHMENT|..\..\..\shared-testing\test-results\ux-accessibility-validatio-7e5de-d-page-guides-recovery-flow-mobile-safari\test-finished-1.png]]

[[ATTACHMENT|..\..\..\shared-testing\test-results\ux-accessibility-validatio-7e5de-d-page-guides-recovery-flow-mobile-safari\video.webm]]

[[ATTACHMENT|..\..\..\shared-testing\test-results\ux-accessibility-validatio-7e5de-d-page-guides-recovery-flow-mobile-safari\trace.zip]]
]]>
</system-out>
</testcase>
<testcase name="Phase 10 — Error Experience › Validation errors show on invalid form submission" classname="ux-accessibility-validation.spec.ts" time="5.829">
<system-out>
<![CDATA[
[[ATTACHMENT|..\..\..\shared-testing\test-results\ux-accessibility-validatio-880ad--on-invalid-form-submission-mobile-safari\test-finished-1.png]]

[[ATTACHMENT|..\..\..\shared-testing\test-results\ux-accessibility-validatio-880ad--on-invalid-form-submission-mobile-safari\video.webm]]

[[ATTACHMENT|..\..\..\shared-testing\test-results\ux-accessibility-validatio-880ad--on-invalid-form-submission-mobile-safari\trace.zip]]
]]>
</system-out>
</testcase>
<testcase name="Phase 10 — Error Experience › Empty list page displays meaningful message" classname="ux-accessibility-validation.spec.ts" time="4.146">
<system-out>
<![CDATA[
[[ATTACHMENT|..\..\..\shared-testing\test-results\ux-accessibility-validatio-9d037-displays-meaningful-message-mobile-safari\test-finished-1.png]]

[[ATTACHMENT|..\..\..\shared-testing\test-results\ux-accessibility-validatio-9d037-displays-meaningful-message-mobile-safari\video.webm]]

[[ATTACHMENT|..\..\..\shared-testing\test-results\ux-accessibility-validatio-9d037-displays-meaningful-message-mobile-safari\trace.zip]]
]]>
</system-out>
</testcase>
<testcase name="Phase 11 — Cross-Browser UX Consistency › Key pages render across browsers" classname="ux-accessibility-validation.spec.ts" time="12.355">
<system-out>
<![CDATA[
[[ATTACHMENT|..\..\..\shared-testing\test-results\ux-accessibility-validatio-992e2-ages-render-across-browsers-mobile-safari\test-finished-1.png]]

[[ATTACHMENT|..\..\..\shared-testing\test-results\ux-accessibility-validatio-992e2-ages-render-across-browsers-mobile-safari\video.webm]]

[[ATTACHMENT|..\..\..\shared-testing\test-results\ux-accessibility-validatio-992e2-ages-render-across-browsers-mobile-safari\trace.zip]]
]]>
</system-out>
</testcase>
<testcase name="Phase 11 — Cross-Browser UX Consistency › Interactive elements are consistently focusable" classname="ux-accessibility-validation.spec.ts" time="4.826">
<system-out>
<![CDATA[
[[ATTACHMENT|..\..\..\shared-testing\test-results\ux-accessibility-validatio-4906a--are-consistently-focusable-mobile-safari\test-finished-1.png]]

[[ATTACHMENT|..\..\..\shared-testing\test-results\ux-accessibility-validatio-4906a--are-consistently-focusable-mobile-safari\video.webm]]

[[ATTACHMENT|..\..\..\shared-testing\test-results\ux-accessibility-validatio-4906a--are-consistently-focusable-mobile-safari\trace.zip]]
]]>
</system-out>
</testcase>
<testcase name="Phase 11 — Cross-Browser UX Consistency › ARIA attributes preserved across browsers" classname="ux-accessibility-validation.spec.ts" time="3.831">
<system-out>
<![CDATA[
[[ATTACHMENT|..\..\..\shared-testing\test-results\ux-accessibility-validatio-0fc1c-s-preserved-across-browsers-mobile-safari\test-finished-1.png]]

[[ATTACHMENT|..\..\..\shared-testing\test-results\ux-accessibility-validatio-0fc1c-s-preserved-across-browsers-mobile-safari\video.webm]]

[[ATTACHMENT|..\..\..\shared-testing\test-results\ux-accessibility-validatio-0fc1c-s-preserved-across-browsers-mobile-safari\trace.zip]]
]]>
</system-out>
</testcase>
<testcase name="Phase 12 — Performance Impact of UX Features › Page load times within acceptable range for UX" classname="ux-accessibility-validation.spec.ts" time="11.418">
<system-out>
<![CDATA[
[[ATTACHMENT|..\..\..\shared-testing\test-results\ux-accessibility-validatio-774be-hin-acceptable-range-for-UX-mobile-safari\test-finished-1.png]]

[[ATTACHMENT|..\..\..\shared-testing\test-results\ux-accessibility-validatio-774be-hin-acceptable-range-for-UX-mobile-safari\video.webm]]

[[ATTACHMENT|..\..\..\shared-testing\test-results\ux-accessibility-validatio-774be-hin-acceptable-range-for-UX-mobile-safari\trace.zip]]
]]>
</system-out>
</testcase>
<testcase name="Phase 12 — Performance Impact of UX Features › No layout shifts on key pages" classname="ux-accessibility-validation.spec.ts" time="9.466">
<system-out>
<![CDATA[
[[ATTACHMENT|..\..\..\shared-testing\test-results\ux-accessibility-validatio-54f17--layout-shifts-on-key-pages-mobile-safari\test-finished-1.png]]

[[ATTACHMENT|..\..\..\shared-testing\test-results\ux-accessibility-validatio-54f17--layout-shifts-on-key-pages-mobile-safari\video.webm]]

[[ATTACHMENT|..\..\..\shared-testing\test-results\ux-accessibility-validatio-54f17--layout-shifts-on-key-pages-mobile-safari\trace.zip]]
]]>
</system-out>
</testcase>
<testcase name="Phase 12 — Performance Impact of UX Features › Animations do not block interaction" classname="ux-accessibility-validation.spec.ts" time="45.282">
<system-out>
<![CDATA[
[[ATTACHMENT|..\..\..\shared-testing\test-results\ux-accessibility-validatio-9f943-ns-do-not-block-interaction-mobile-safari\test-failed-1.png]]

[[ATTACHMENT|..\..\..\shared-testing\test-results\ux-accessibility-validatio-9f943-ns-do-not-block-interaction-mobile-safari\video.webm]]

[[ATTACHMENT|..\..\..\shared-testing\test-results\ux-accessibility-validatio-9f943-ns-do-not-block-interaction-mobile-safari\error-context.md]]

[[ATTACHMENT|..\..\..\shared-testing\test-results\ux-accessibility-validatio-9f943-ns-do-not-block-interaction-mobile-safari\trace.zip]]

[[ATTACHMENT|..\..\..\shared-testing\test-results\ux-accessibility-validatio-9f943-ns-do-not-block-interaction-mobile-safari-retry1\test-failed-1.png]]

[[ATTACHMENT|..\..\..\shared-testing\test-results\ux-accessibility-validatio-9f943-ns-do-not-block-interaction-mobile-safari-retry1\video.webm]]

[[ATTACHMENT|..\..\..\shared-testing\test-results\ux-accessibility-validatio-9f943-ns-do-not-block-interaction-mobile-safari-retry1\error-context.md]]

[[ATTACHMENT|..\..\..\shared-testing\test-results\ux-accessibility-validatio-9f943-ns-do-not-block-interaction-mobile-safari-retry1\trace.zip]]
]]>
</system-out>
<failure message="expect(received).toBeLessThan(expected)" type="expect.toBeLessThan">
<![CDATA[  [mobile-safari] › ux-accessibility-validation.spec.ts:991:7 › Phase 12 — Performance Impact of UX Features › Animations do not block interaction 

    Error: expect(received).toBeLessThan(expected)

    Expected: < 2000
    Received:   15836

       997 |       await firstBtn.click().catch(() => {});
       998 |       const clickTime = Date.now() - start;
    >  999 |       expect(clickTime).toBeLessThan(2000);
           |                         ^
      1000 |     }
      1001 |   });
      1002 |
        at F:\The Pravara\clients\sporekart\sporekart\shared-testing\tests\ux-accessibility-validation.spec.ts:999:25

    attachment #1: screenshot (image/png) ──────────────────────────────────────────────────────────
    ..\test-results\ux-accessibility-validatio-9f943-ns-do-not-block-interaction-mobile-safari\test-failed-1.png
    ────────────────────────────────────────────────────────────────────────────────────────────────

    attachment #2: video (video/webm) ──────────────────────────────────────────────────────────────
    ..\test-results\ux-accessibility-validatio-9f943-ns-do-not-block-interaction-mobile-safari\video.webm
    ────────────────────────────────────────────────────────────────────────────────────────────────

    Error Context: ..\test-results\ux-accessibility-validatio-9f943-ns-do-not-block-interaction-mobile-safari\error-context.md

    attachment #4: trace (application/zip) ─────────────────────────────────────────────────────────
    ..\test-results\ux-accessibility-validatio-9f943-ns-do-not-block-interaction-mobile-safari\trace.zip
    Usage:

        npx playwright show-trace ..\test-results\ux-accessibility-validatio-9f943-ns-do-not-block-interaction-mobile-safari\trace.zip

    ────────────────────────────────────────────────────────────────────────────────────────────────

    Retry #1 ───────────────────────────────────────────────────────────────────────────────────────

    Error: expect(received).toBeLessThan(expected)

    Expected: < 2000
    Received:   15621

       997 |       await firstBtn.click().catch(() => {});
       998 |       const clickTime = Date.now() - start;
    >  999 |       expect(clickTime).toBeLessThan(2000);
           |                         ^
      1000 |     }
      1001 |   });
      1002 |
        at F:\The Pravara\clients\sporekart\sporekart\shared-testing\tests\ux-accessibility-validation.spec.ts:999:25

    attachment #1: screenshot (image/png) ──────────────────────────────────────────────────────────
    ..\test-results\ux-accessibility-validatio-9f943-ns-do-not-block-interaction-mobile-safari-retry1\test-failed-1.png
    ────────────────────────────────────────────────────────────────────────────────────────────────

    attachment #2: video (video/webm) ──────────────────────────────────────────────────────────────
    ..\test-results\ux-accessibility-validatio-9f943-ns-do-not-block-interaction-mobile-safari-retry1\video.webm
    ────────────────────────────────────────────────────────────────────────────────────────────────

    Error Context: ..\test-results\ux-accessibility-validatio-9f943-ns-do-not-block-interaction-mobile-safari-retry1\error-context.md

    attachment #4: trace (application/zip) ─────────────────────────────────────────────────────────
    ..\test-results\ux-accessibility-validatio-9f943-ns-do-not-block-interaction-mobile-safari-retry1\trace.zip
    Usage:

        npx playwright show-trace ..\test-results\ux-accessibility-validatio-9f943-ns-do-not-block-interaction-mobile-safari-retry1\trace.zip

    ────────────────────────────────────────────────────────────────────────────────────────────────
]]>
</failure>
</testcase>
<testcase name="Phase 12 — Performance Impact of UX Features › Interaction latencies acceptable on list pages" classname="ux-accessibility-validation.spec.ts" time="3.62">
<system-out>
<![CDATA[
[[ATTACHMENT|..\..\..\shared-testing\test-results\ux-accessibility-validatio-7e94c-es-acceptable-on-list-pages-mobile-safari\test-finished-1.png]]

[[ATTACHMENT|..\..\..\shared-testing\test-results\ux-accessibility-validatio-7e94c-es-acceptable-on-list-pages-mobile-safari\video.webm]]

[[ATTACHMENT|..\..\..\shared-testing\test-results\ux-accessibility-validatio-7e94c-es-acceptable-on-list-pages-mobile-safari\trace.zip]]
]]>
</system-out>
</testcase>
<testcase name="Phase 13 — Heuristic Evaluation › Nielsen 1: Visibility of system status" classname="ux-accessibility-validation.spec.ts" time="2.985">
<system-out>
<![CDATA[
[[ATTACHMENT|..\..\..\shared-testing\test-results\ux-accessibility-validatio-f5a96-Visibility-of-system-status-mobile-safari\test-finished-1.png]]

[[ATTACHMENT|..\..\..\shared-testing\test-results\ux-accessibility-validatio-f5a96-Visibility-of-system-status-mobile-safari\video.webm]]

[[ATTACHMENT|..\..\..\shared-testing\test-results\ux-accessibility-validatio-f5a96-Visibility-of-system-status-mobile-safari\trace.zip]]
]]>
</system-out>
</testcase>
<testcase name="Phase 13 — Heuristic Evaluation › Nielsen 2: Match between system and real world" classname="ux-accessibility-validation.spec.ts" time="6.21">
<system-out>
<![CDATA[
[[ATTACHMENT|..\..\..\shared-testing\test-results\ux-accessibility-validatio-24236-tween-system-and-real-world-mobile-safari\test-finished-1.png]]

[[ATTACHMENT|..\..\..\shared-testing\test-results\ux-accessibility-validatio-24236-tween-system-and-real-world-mobile-safari\video.webm]]

[[ATTACHMENT|..\..\..\shared-testing\test-results\ux-accessibility-validatio-24236-tween-system-and-real-world-mobile-safari\trace.zip]]
]]>
</system-out>
</testcase>
<testcase name="Phase 13 — Heuristic Evaluation › Nielsen 3: User control and freedom" classname="ux-accessibility-validation.spec.ts" time="8.579">
<system-out>
<![CDATA[
[[ATTACHMENT|..\..\..\shared-testing\test-results\ux-accessibility-validatio-074de--3-User-control-and-freedom-mobile-safari\test-finished-1.png]]

[[ATTACHMENT|..\..\..\shared-testing\test-results\ux-accessibility-validatio-074de--3-User-control-and-freedom-mobile-safari\video.webm]]

[[ATTACHMENT|..\..\..\shared-testing\test-results\ux-accessibility-validatio-074de--3-User-control-and-freedom-mobile-safari\trace.zip]]
]]>
</system-out>
</testcase>
<testcase name="Phase 13 — Heuristic Evaluation › Nielsen 4: Consistency and standards" classname="ux-accessibility-validation.spec.ts" time="6.268">
<system-out>
<![CDATA[
[[ATTACHMENT|..\..\..\shared-testing\test-results\ux-accessibility-validatio-08f24-4-Consistency-and-standards-mobile-safari\test-finished-1.png]]

[[ATTACHMENT|..\..\..\shared-testing\test-results\ux-accessibility-validatio-08f24-4-Consistency-and-standards-mobile-safari\video.webm]]

[[ATTACHMENT|..\..\..\shared-testing\test-results\ux-accessibility-validatio-08f24-4-Consistency-and-standards-mobile-safari\trace.zip]]
]]>
</system-out>
</testcase>
<testcase name="Phase 13 — Heuristic Evaluation › Nielsen 5: Error prevention" classname="ux-accessibility-validation.spec.ts" time="3.326">
<system-out>
<![CDATA[
[[ATTACHMENT|..\..\..\shared-testing\test-results\ux-accessibility-validatio-104a1--Nielsen-5-Error-prevention-mobile-safari\test-finished-1.png]]

[[ATTACHMENT|..\..\..\shared-testing\test-results\ux-accessibility-validatio-104a1--Nielsen-5-Error-prevention-mobile-safari\video.webm]]

[[ATTACHMENT|..\..\..\shared-testing\test-results\ux-accessibility-validatio-104a1--Nielsen-5-Error-prevention-mobile-safari\trace.zip]]
]]>
</system-out>
</testcase>
<testcase name="Phase 13 — Heuristic Evaluation › Nielsen 6: Recognition rather than recall" classname="ux-accessibility-validation.spec.ts" time="6.581">
<system-out>
<![CDATA[
[[ATTACHMENT|..\..\..\shared-testing\test-results\ux-accessibility-validatio-adc93-ognition-rather-than-recall-mobile-safari\test-finished-1.png]]

[[ATTACHMENT|..\..\..\shared-testing\test-results\ux-accessibility-validatio-adc93-ognition-rather-than-recall-mobile-safari\video.webm]]

[[ATTACHMENT|..\..\..\shared-testing\test-results\ux-accessibility-validatio-adc93-ognition-rather-than-recall-mobile-safari\trace.zip]]
]]>
</system-out>
</testcase>
<testcase name="Phase 13 — Heuristic Evaluation › Nielsen 7: Aesthetic and minimalist design" classname="ux-accessibility-validation.spec.ts" time="5.256">
<system-out>
<![CDATA[
[[ATTACHMENT|..\..\..\shared-testing\test-results\ux-accessibility-validatio-a7ba2-hetic-and-minimalist-design-mobile-safari\test-finished-1.png]]

[[ATTACHMENT|..\..\..\shared-testing\test-results\ux-accessibility-validatio-a7ba2-hetic-and-minimalist-design-mobile-safari\video.webm]]

[[ATTACHMENT|..\..\..\shared-testing\test-results\ux-accessibility-validatio-a7ba2-hetic-and-minimalist-design-mobile-safari\trace.zip]]
]]>
</system-out>
</testcase>
<testcase name="Phase 13 — Heuristic Evaluation › Nielsen 8: Help users recognize, diagnose, and recover from errors" classname="ux-accessibility-validation.spec.ts" time="5.147">
<system-out>
<![CDATA[
[[ATTACHMENT|..\..\..\shared-testing\test-results\ux-accessibility-validatio-7f40e-ose-and-recover-from-errors-mobile-safari\test-finished-1.png]]

[[ATTACHMENT|..\..\..\shared-testing\test-results\ux-accessibility-validatio-7f40e-ose-and-recover-from-errors-mobile-safari\video.webm]]

[[ATTACHMENT|..\..\..\shared-testing\test-results\ux-accessibility-validatio-7f40e-ose-and-recover-from-errors-mobile-safari\trace.zip]]
]]>
</system-out>
</testcase>
<testcase name="Phase 13 — Heuristic Evaluation › Nielsen 9: Help and documentation" classname="ux-accessibility-validation.spec.ts" time="4.096">
<system-out>
<![CDATA[
[[ATTACHMENT|..\..\..\shared-testing\test-results\ux-accessibility-validatio-524e8-en-9-Help-and-documentation-mobile-safari\test-finished-1.png]]

[[ATTACHMENT|..\..\..\shared-testing\test-results\ux-accessibility-validatio-524e8-en-9-Help-and-documentation-mobile-safari\video.webm]]

[[ATTACHMENT|..\..\..\shared-testing\test-results\ux-accessibility-validatio-524e8-en-9-Help-and-documentation-mobile-safari\trace.zip]]
]]>
</system-out>
</testcase>
<testcase name="Phase 14 — Evidence Collection › Browser and viewport info captured" classname="ux-accessibility-validation.spec.ts" time="1.365">
<system-out>
<![CDATA[
[[ATTACHMENT|..\..\..\shared-testing\test-results\ux-accessibility-validatio-a5a9f--and-viewport-info-captured-mobile-safari\test-finished-1.png]]

[[ATTACHMENT|..\..\..\shared-testing\test-results\ux-accessibility-validatio-a5a9f--and-viewport-info-captured-mobile-safari\video.webm]]

[[ATTACHMENT|..\..\..\shared-testing\test-results\ux-accessibility-validatio-a5a9f--and-viewport-info-captured-mobile-safari\trace.zip]]
]]>
</system-out>
</testcase>
<testcase name="Phase 14 — Evidence Collection › Console logs captured during UX validation" classname="ux-accessibility-validation.spec.ts" time="6.167">
<system-out>
<![CDATA[
[[ATTACHMENT|..\..\..\shared-testing\test-results\ux-accessibility-validatio-f06ba-ptured-during-UX-validation-mobile-safari\test-finished-1.png]]

[[ATTACHMENT|..\..\..\shared-testing\test-results\ux-accessibility-validatio-f06ba-ptured-during-UX-validation-mobile-safari\video.webm]]

[[ATTACHMENT|..\..\..\shared-testing\test-results\ux-accessibility-validatio-f06ba-ptured-during-UX-validation-mobile-safari\trace.zip]]
]]>
</system-out>
</testcase>
<testcase name="Phase 14 — Evidence Collection › Network requests captured during UX flow" classname="ux-accessibility-validation.spec.ts" time="3.092">
<system-out>
<![CDATA[
[[ATTACHMENT|..\..\..\shared-testing\test-results\ux-accessibility-validatio-29404-sts-captured-during-UX-flow-mobile-safari\test-finished-1.png]]

[[ATTACHMENT|..\..\..\shared-testing\test-results\ux-accessibility-validatio-29404-sts-captured-during-UX-flow-mobile-safari\video.webm]]

[[ATTACHMENT|..\..\..\shared-testing\test-results\ux-accessibility-validatio-29404-sts-captured-during-UX-flow-mobile-safari\trace.zip]]
]]>
</system-out>
</testcase>
</testsuite>
</testsuites>