<testsuites id="" name="" tests="221" failures="0" skipped="0" errors="1" time="463.03740899999997">
<testsuite name="part-02-validation.spec.ts" timestamp="2026-07-18T05:15:36.091Z" hostname="chromium" tests="221" failures="0" skipped="0" time="427.094" errors="1">
<testcase name="1. Training Platform › 1.1 Loads: /training/courses" classname="part-02-validation.spec.ts" time="3.273">
<system-out>
<![CDATA[
[[ATTACHMENT|..\..\..\shared-testing\test-results\part-02-validation-1-Train-7571a--1-1-Loads-training-courses-chromium\test-finished-1.png]]

[[ATTACHMENT|..\..\..\shared-testing\test-results\part-02-validation-1-Train-7571a--1-1-Loads-training-courses-chromium\video.webm]]

[[ATTACHMENT|..\..\..\shared-testing\test-results\part-02-validation-1-Train-7571a--1-1-Loads-training-courses-chromium\trace.zip]]
]]>
</system-out>
</testcase>
<testcase name="1. Training Platform › 1.2 Loads: /training/courses/compare" classname="part-02-validation.spec.ts" time="2.077">
<system-out>
<![CDATA[
[[ATTACHMENT|..\..\..\shared-testing\test-results\part-02-validation-1-Train-6ebc4-ds-training-courses-compare-chromium\test-finished-1.png]]

[[ATTACHMENT|..\..\..\shared-testing\test-results\part-02-validation-1-Train-6ebc4-ds-training-courses-compare-chromium\video.webm]]

[[ATTACHMENT|..\..\..\shared-testing\test-results\part-02-validation-1-Train-6ebc4-ds-training-courses-compare-chromium\trace.zip]]
]]>
</system-out>
</testcase>
<testcase name="1. Training Platform › 1.3 Loads: /training/learning-paths" classname="part-02-validation.spec.ts" time="2.183">
<system-out>
<![CDATA[
[[ATTACHMENT|..\..\..\shared-testing\test-results\part-02-validation-1-Train-5a344-ads-training-learning-paths-chromium\test-finished-1.png]]

[[ATTACHMENT|..\..\..\shared-testing\test-results\part-02-validation-1-Train-5a344-ads-training-learning-paths-chromium\video.webm]]

[[ATTACHMENT|..\..\..\shared-testing\test-results\part-02-validation-1-Train-5a344-ads-training-learning-paths-chromium\trace.zip]]
]]>
</system-out>
</testcase>
<testcase name="1. Training Platform › 1.4 Loads: /training" classname="part-02-validation.spec.ts" time="2.97">
<system-out>
<![CDATA[
[[ATTACHMENT|..\..\..\shared-testing\test-results\part-02-validation-1-Training-Platform-1-4-Loads-training-chromium\test-finished-1.png]]

[[ATTACHMENT|..\..\..\shared-testing\test-results\part-02-validation-1-Training-Platform-1-4-Loads-training-chromium\video.webm]]

[[ATTACHMENT|..\..\..\shared-testing\test-results\part-02-validation-1-Training-Platform-1-4-Loads-training-chromium\trace.zip]]
]]>
</system-out>
</testcase>
<testcase name="1. Training Platform › 1.5 Loads: /certifications" classname="part-02-validation.spec.ts" time="2.562">
<system-out>
<![CDATA[
[[ATTACHMENT|..\..\..\shared-testing\test-results\part-02-validation-1-Train-20750-rm-1-5-Loads-certifications-chromium\test-finished-1.png]]

[[ATTACHMENT|..\..\..\shared-testing\test-results\part-02-validation-1-Train-20750-rm-1-5-Loads-certifications-chromium\video.webm]]

[[ATTACHMENT|..\..\..\shared-testing\test-results\part-02-validation-1-Train-20750-rm-1-5-Loads-certifications-chromium\trace.zip]]
]]>
</system-out>
</testcase>
<testcase name="1. Training Platform › 1.6 Loads: /training/courses/mushroom-cultivation-masterclass" classname="part-02-validation.spec.ts" time="2.244">
<system-out>
<![CDATA[
[[ATTACHMENT|..\..\..\shared-testing\test-results\part-02-validation-1-Train-f41b5-oom-cultivation-masterclass-chromium\test-finished-1.png]]

[[ATTACHMENT|..\..\..\shared-testing\test-results\part-02-validation-1-Train-f41b5-oom-cultivation-masterclass-chromium\video.webm]]

[[ATTACHMENT|..\..\..\shared-testing\test-results\part-02-validation-1-Train-f41b5-oom-cultivation-masterclass-chromium\trace.zip]]
]]>
</system-out>
</testcase>
<testcase name="1. Training Platform › 1.7 Loads: /training/enroll" classname="part-02-validation.spec.ts" time="2.057">
<system-out>
<![CDATA[
[[ATTACHMENT|..\..\..\shared-testing\test-results\part-02-validation-1-Train-84417-m-1-7-Loads-training-enroll-chromium\test-finished-1.png]]

[[ATTACHMENT|..\..\..\shared-testing\test-results\part-02-validation-1-Train-84417-m-1-7-Loads-training-enroll-chromium\video.webm]]

[[ATTACHMENT|..\..\..\shared-testing\test-results\part-02-validation-1-Train-84417-m-1-7-Loads-training-enroll-chromium\trace.zip]]
]]>
</system-out>
</testcase>
<testcase name="1. Training Platform › 1.8 Loads: /dashboard/training" classname="part-02-validation.spec.ts" time="2.245">
<system-out>
<![CDATA[
[[ATTACHMENT|..\..\..\shared-testing\test-results\part-02-validation-1-Train-f5af5--8-Loads-dashboard-training-chromium\test-finished-1.png]]

[[ATTACHMENT|..\..\..\shared-testing\test-results\part-02-validation-1-Train-f5af5--8-Loads-dashboard-training-chromium\video.webm]]

[[ATTACHMENT|..\..\..\shared-testing\test-results\part-02-validation-1-Train-f5af5--8-Loads-dashboard-training-chromium\trace.zip]]
]]>
</system-out>
</testcase>
<testcase name="1. Training Platform › 1.9 Loads: /dashboard/training/courses" classname="part-02-validation.spec.ts" time="2.116">
<system-out>
<![CDATA[
[[ATTACHMENT|..\..\..\shared-testing\test-results\part-02-validation-1-Train-20495--dashboard-training-courses-chromium\test-finished-1.png]]

[[ATTACHMENT|..\..\..\shared-testing\test-results\part-02-validation-1-Train-20495--dashboard-training-courses-chromium\video.webm]]

[[ATTACHMENT|..\..\..\shared-testing\test-results\part-02-validation-1-Train-20495--dashboard-training-courses-chromium\trace.zip]]
]]>
</system-out>
</testcase>
<testcase name="1. Training Platform › 1.10 Loads: /dashboard/training/my-learning" classname="part-02-validation.spec.ts" time="2.227">
<system-out>
<![CDATA[
[[ATTACHMENT|..\..\..\shared-testing\test-results\part-02-validation-1-Train-425e2-hboard-training-my-learning-chromium\test-finished-1.png]]

[[ATTACHMENT|..\..\..\shared-testing\test-results\part-02-validation-1-Train-425e2-hboard-training-my-learning-chromium\video.webm]]

[[ATTACHMENT|..\..\..\shared-testing\test-results\part-02-validation-1-Train-425e2-hboard-training-my-learning-chromium\trace.zip]]
]]>
</system-out>
</testcase>
<testcase name="1. Training Platform › 1.11 Loads: /dashboard/training/schedule" classname="part-02-validation.spec.ts" time="2.44">
<system-out>
<![CDATA[
[[ATTACHMENT|..\..\..\shared-testing\test-results\part-02-validation-1-Train-f038b-dashboard-training-schedule-chromium\test-finished-1.png]]

[[ATTACHMENT|..\..\..\shared-testing\test-results\part-02-validation-1-Train-f038b-dashboard-training-schedule-chromium\video.webm]]

[[ATTACHMENT|..\..\..\shared-testing\test-results\part-02-validation-1-Train-f038b-dashboard-training-schedule-chromium\trace.zip]]
]]>
</system-out>
</testcase>
<testcase name="1. Training Platform › 1.12 Loads: /dashboard/training/certificates" classname="part-02-validation.spec.ts" time="2.119">
<system-out>
<![CDATA[
[[ATTACHMENT|..\..\..\shared-testing\test-results\part-02-validation-1-Train-fb92f-board-training-certificates-chromium\test-finished-1.png]]

[[ATTACHMENT|..\..\..\shared-testing\test-results\part-02-validation-1-Train-fb92f-board-training-certificates-chromium\video.webm]]

[[ATTACHMENT|..\..\..\shared-testing\test-results\part-02-validation-1-Train-fb92f-board-training-certificates-chromium\trace.zip]]
]]>
</system-out>
</testcase>
<testcase name="1. Training Platform › 1.13 Loads: /dashboard/training/course/crs-001" classname="part-02-validation.spec.ts" time="2.096">
<system-out>
<![CDATA[
[[ATTACHMENT|..\..\..\shared-testing\test-results\part-02-validation-1-Train-4d329-ard-training-course-crs-001-chromium\test-finished-1.png]]

[[ATTACHMENT|..\..\..\shared-testing\test-results\part-02-validation-1-Train-4d329-ard-training-course-crs-001-chromium\video.webm]]

[[ATTACHMENT|..\..\..\shared-testing\test-results\part-02-validation-1-Train-4d329-ard-training-course-crs-001-chromium\trace.zip]]
]]>
</system-out>
</testcase>
<testcase name="1. Training Platform › 1.14 Loads: /dashboard/training/classroom/crs-001" classname="part-02-validation.spec.ts" time="2.177">
<system-out>
<![CDATA[
[[ATTACHMENT|..\..\..\shared-testing\test-results\part-02-validation-1-Train-6c962--training-classroom-crs-001-chromium\test-finished-1.png]]

[[ATTACHMENT|..\..\..\shared-testing\test-results\part-02-validation-1-Train-6c962--training-classroom-crs-001-chromium\video.webm]]

[[ATTACHMENT|..\..\..\shared-testing\test-results\part-02-validation-1-Train-6c962--training-classroom-crs-001-chromium\trace.zip]]
]]>
</system-out>
</testcase>
<testcase name="1. Training Platform › 1.20 Training catalog search exists" classname="part-02-validation.spec.ts" time="2.313">
<system-out>
<![CDATA[
[[ATTACHMENT|..\..\..\shared-testing\test-results\part-02-validation-1-Train-db5a2-ining-catalog-search-exists-chromium\test-finished-1.png]]

[[ATTACHMENT|..\..\..\shared-testing\test-results\part-02-validation-1-Train-db5a2-ining-catalog-search-exists-chromium\video.webm]]

[[ATTACHMENT|..\..\..\shared-testing\test-results\part-02-validation-1-Train-db5a2-ining-catalog-search-exists-chromium\trace.zip]]
]]>
</system-out>
</testcase>
<testcase name="1. Training Platform › 1.21 Training page empty state" classname="part-02-validation.spec.ts" time="1.419">
<system-out>
<![CDATA[
[[ATTACHMENT|..\..\..\shared-testing\test-results\part-02-validation-1-Train-cccc6-1-Training-page-empty-state-chromium\test-finished-1.png]]

[[ATTACHMENT|..\..\..\shared-testing\test-results\part-02-validation-1-Train-cccc6-1-Training-page-empty-state-chromium\video.webm]]

[[ATTACHMENT|..\..\..\shared-testing\test-results\part-02-validation-1-Train-cccc6-1-Training-page-empty-state-chromium\trace.zip]]
]]>
</system-out>
</testcase>
<testcase name="1. Training Platform › 1.22 Training page refresh persists" classname="part-02-validation.spec.ts" time="2.159">
<system-out>
<![CDATA[
[[ATTACHMENT|..\..\..\shared-testing\test-results\part-02-validation-1-Train-0ee3f-ining-page-refresh-persists-chromium\test-finished-1.png]]

[[ATTACHMENT|..\..\..\shared-testing\test-results\part-02-validation-1-Train-0ee3f-ining-page-refresh-persists-chromium\video.webm]]

[[ATTACHMENT|..\..\..\shared-testing\test-results\part-02-validation-1-Train-0ee3f-ining-page-refresh-persists-chromium\trace.zip]]
]]>
</system-out>
</testcase>
<testcase name="1. Training Platform › 1.23 Browser refresh on training" classname="part-02-validation.spec.ts" time="2.141">
<system-out>
<![CDATA[
[[ATTACHMENT|..\..\..\shared-testing\test-results\part-02-validation-1-Train-87899-Browser-refresh-on-training-chromium\test-finished-1.png]]

[[ATTACHMENT|..\..\..\shared-testing\test-results\part-02-validation-1-Train-87899-Browser-refresh-on-training-chromium\video.webm]]

[[ATTACHMENT|..\..\..\shared-testing\test-results\part-02-validation-1-Train-87899-Browser-refresh-on-training-chromium\trace.zip]]
]]>
</system-out>
</testcase>
<testcase name="1. Training Platform › 1.24 Training session recovery" classname="part-02-validation.spec.ts" time="1.392">
<system-out>
<![CDATA[
[[ATTACHMENT|..\..\..\shared-testing\test-results\part-02-validation-1-Train-d46a0-4-Training-session-recovery-chromium\test-finished-1.png]]

[[ATTACHMENT|..\..\..\shared-testing\test-results\part-02-validation-1-Train-d46a0-4-Training-session-recovery-chromium\video.webm]]

[[ATTACHMENT|..\..\..\shared-testing\test-results\part-02-validation-1-Train-d46a0-4-Training-session-recovery-chromium\trace.zip]]
]]>
</system-out>
</testcase>
<testcase name="1. Training Platform › 1.25 Course detail with invalid ID" classname="part-02-validation.spec.ts" time="1.512">
<system-out>
<![CDATA[
[[ATTACHMENT|..\..\..\shared-testing\test-results\part-02-validation-1-Train-e0ed9-urse-detail-with-invalid-ID-chromium\test-finished-1.png]]

[[ATTACHMENT|..\..\..\shared-testing\test-results\part-02-validation-1-Train-e0ed9-urse-detail-with-invalid-ID-chromium\video.webm]]

[[ATTACHMENT|..\..\..\shared-testing\test-results\part-02-validation-1-Train-e0ed9-urse-detail-with-invalid-ID-chromium\trace.zip]]
]]>
</system-out>
</testcase>
<testcase name="2. Grower Dashboard › 2.1 Grower route: /dashboard" classname="part-02-validation.spec.ts" time="2.231">
<system-out>
<![CDATA[
[[ATTACHMENT|..\..\..\shared-testing\test-results\part-02-validation-2-Growe-bd1d4--2-1-Grower-route-dashboard-chromium\test-finished-1.png]]

[[ATTACHMENT|..\..\..\shared-testing\test-results\part-02-validation-2-Growe-bd1d4--2-1-Grower-route-dashboard-chromium\video.webm]]

[[ATTACHMENT|..\..\..\shared-testing\test-results\part-02-validation-2-Growe-bd1d4--2-1-Grower-route-dashboard-chromium\trace.zip]]
]]>
</system-out>
</testcase>
<testcase name="2. Grower Dashboard › 2.2 Grower route: /dashboard/training" classname="part-02-validation.spec.ts" time="2.105">
<system-out>
<![CDATA[
[[ATTACHMENT|..\..\..\shared-testing\test-results\part-02-validation-2-Growe-c245f-er-route-dashboard-training-chromium\test-finished-1.png]]

[[ATTACHMENT|..\..\..\shared-testing\test-results\part-02-validation-2-Growe-c245f-er-route-dashboard-training-chromium\video.webm]]

[[ATTACHMENT|..\..\..\shared-testing\test-results\part-02-validation-2-Growe-c245f-er-route-dashboard-training-chromium\trace.zip]]
]]>
</system-out>
</testcase>
<testcase name="2. Grower Dashboard › 2.3 Grower route: /dashboard/products" classname="part-02-validation.spec.ts" time="2.207">
<system-out>
<![CDATA[
[[ATTACHMENT|..\..\..\shared-testing\test-results\part-02-validation-2-Growe-c1d4d-er-route-dashboard-products-chromium\test-finished-1.png]]

[[ATTACHMENT|..\..\..\shared-testing\test-results\part-02-validation-2-Growe-c1d4d-er-route-dashboard-products-chromium\video.webm]]

[[ATTACHMENT|..\..\..\shared-testing\test-results\part-02-validation-2-Growe-c1d4d-er-route-dashboard-products-chromium\trace.zip]]
]]>
</system-out>
</testcase>
<testcase name="2. Grower Dashboard › 2.4 Grower route: /dashboard/orders" classname="part-02-validation.spec.ts" time="2.174">
<system-out>
<![CDATA[
[[ATTACHMENT|..\..\..\shared-testing\test-results\part-02-validation-2-Growe-8b7a9-ower-route-dashboard-orders-chromium\test-finished-1.png]]

[[ATTACHMENT|..\..\..\shared-testing\test-results\part-02-validation-2-Growe-8b7a9-ower-route-dashboard-orders-chromium\video.webm]]

[[ATTACHMENT|..\..\..\shared-testing\test-results\part-02-validation-2-Growe-8b7a9-ower-route-dashboard-orders-chromium\trace.zip]]
]]>
</system-out>
</testcase>
<testcase name="2. Grower Dashboard › 2.5 Grower route: /dashboard/notifications" classname="part-02-validation.spec.ts" time="2.062">
<system-out>
<![CDATA[
[[ATTACHMENT|..\..\..\shared-testing\test-results\part-02-validation-2-Growe-d1de7-ute-dashboard-notifications-chromium\test-finished-1.png]]

[[ATTACHMENT|..\..\..\shared-testing\test-results\part-02-validation-2-Growe-d1de7-ute-dashboard-notifications-chromium\video.webm]]

[[ATTACHMENT|..\..\..\shared-testing\test-results\part-02-validation-2-Growe-d1de7-ute-dashboard-notifications-chromium\trace.zip]]
]]>
</system-out>
</testcase>
<testcase name="2. Grower Dashboard › 2.6 Grower dashboard loads" classname="part-02-validation.spec.ts" time="1.697">
<system-out>
<![CDATA[
[[ATTACHMENT|..\..\..\shared-testing\test-results\part-02-validation-2-Growe-ee738--2-6-Grower-dashboard-loads-chromium\test-finished-1.png]]

[[ATTACHMENT|..\..\..\shared-testing\test-results\part-02-validation-2-Growe-ee738--2-6-Grower-dashboard-loads-chromium\video.webm]]

[[ATTACHMENT|..\..\..\shared-testing\test-results\part-02-validation-2-Growe-ee738--2-6-Grower-dashboard-loads-chromium\trace.zip]]
]]>
</system-out>
</testcase>
<testcase name="2. Grower Dashboard › 2.7 Grower deep link" classname="part-02-validation.spec.ts" time="1.429">
<system-out>
<![CDATA[
[[ATTACHMENT|..\..\..\shared-testing\test-results\part-02-validation-2-Grower-Dashboard-2-7-Grower-deep-link-chromium\test-finished-1.png]]

[[ATTACHMENT|..\..\..\shared-testing\test-results\part-02-validation-2-Grower-Dashboard-2-7-Grower-deep-link-chromium\video.webm]]

[[ATTACHMENT|..\..\..\shared-testing\test-results\part-02-validation-2-Grower-Dashboard-2-7-Grower-deep-link-chromium\trace.zip]]
]]>
</system-out>
</testcase>
<testcase name="3. Admin Dashboard › 3.1 Loads: /admin/dashboard" classname="part-02-validation.spec.ts" time="1.398">
<system-out>
<![CDATA[
[[ATTACHMENT|..\..\..\shared-testing\test-results\part-02-validation-3-Admin-ff443-d-3-1-Loads-admin-dashboard-chromium\test-finished-1.png]]

[[ATTACHMENT|..\..\..\shared-testing\test-results\part-02-validation-3-Admin-ff443-d-3-1-Loads-admin-dashboard-chromium\video.webm]]

[[ATTACHMENT|..\..\..\shared-testing\test-results\part-02-validation-3-Admin-ff443-d-3-1-Loads-admin-dashboard-chromium\trace.zip]]
]]>
</system-out>
</testcase>
<testcase name="3. Admin Dashboard › 3.2 Loads: /admin/users" classname="part-02-validation.spec.ts" time="1.531">
<system-out>
<![CDATA[
[[ATTACHMENT|..\..\..\shared-testing\test-results\part-02-validation-3-Admin-Dashboard-3-2-Loads-admin-users-chromium\test-finished-1.png]]

[[ATTACHMENT|..\..\..\shared-testing\test-results\part-02-validation-3-Admin-Dashboard-3-2-Loads-admin-users-chromium\video.webm]]

[[ATTACHMENT|..\..\..\shared-testing\test-results\part-02-validation-3-Admin-Dashboard-3-2-Loads-admin-users-chromium\trace.zip]]
]]>
</system-out>
</testcase>
<testcase name="3. Admin Dashboard › 3.3 Loads: /admin/products" classname="part-02-validation.spec.ts" time="1.363">
<system-out>
<![CDATA[
[[ATTACHMENT|..\..\..\shared-testing\test-results\part-02-validation-3-Admin-c0dad-rd-3-3-Loads-admin-products-chromium\test-finished-1.png]]

[[ATTACHMENT|..\..\..\shared-testing\test-results\part-02-validation-3-Admin-c0dad-rd-3-3-Loads-admin-products-chromium\video.webm]]

[[ATTACHMENT|..\..\..\shared-testing\test-results\part-02-validation-3-Admin-c0dad-rd-3-3-Loads-admin-products-chromium\trace.zip]]
]]>
</system-out>
</testcase>
<testcase name="3. Admin Dashboard › 3.4 Loads: /admin/orders" classname="part-02-validation.spec.ts" time="1.9">
<system-out>
<![CDATA[
[[ATTACHMENT|..\..\..\shared-testing\test-results\part-02-validation-3-Admin-Dashboard-3-4-Loads-admin-orders-chromium\test-finished-1.png]]

[[ATTACHMENT|..\..\..\shared-testing\test-results\part-02-validation-3-Admin-Dashboard-3-4-Loads-admin-orders-chromium\video.webm]]

[[ATTACHMENT|..\..\..\shared-testing\test-results\part-02-validation-3-Admin-Dashboard-3-4-Loads-admin-orders-chromium\trace.zip]]
]]>
</system-out>
</testcase>
<testcase name="3. Admin Dashboard › 3.5 Loads: /admin/training" classname="part-02-validation.spec.ts" time="1.257">
<system-out>
<![CDATA[
[[ATTACHMENT|..\..\..\shared-testing\test-results\part-02-validation-3-Admin-21b72-rd-3-5-Loads-admin-training-chromium\test-finished-1.png]]

[[ATTACHMENT|..\..\..\shared-testing\test-results\part-02-validation-3-Admin-21b72-rd-3-5-Loads-admin-training-chromium\video.webm]]

[[ATTACHMENT|..\..\..\shared-testing\test-results\part-02-validation-3-Admin-21b72-rd-3-5-Loads-admin-training-chromium\trace.zip]]
]]>
</system-out>
</testcase>
<testcase name="3. Admin Dashboard › 3.6 Loads: /admin/training/dashboard" classname="part-02-validation.spec.ts" time="1.721">
<system-out>
<![CDATA[
[[ATTACHMENT|..\..\..\shared-testing\test-results\part-02-validation-3-Admin-ea747-ds-admin-training-dashboard-chromium\test-finished-1.png]]

[[ATTACHMENT|..\..\..\shared-testing\test-results\part-02-validation-3-Admin-ea747-ds-admin-training-dashboard-chromium\video.webm]]

[[ATTACHMENT|..\..\..\shared-testing\test-results\part-02-validation-3-Admin-ea747-ds-admin-training-dashboard-chromium\trace.zip]]
]]>
</system-out>
</testcase>
<testcase name="3. Admin Dashboard › 3.7 Loads: /admin/training/courses" classname="part-02-validation.spec.ts" time="1.503">
<system-out>
<![CDATA[
[[ATTACHMENT|..\..\..\shared-testing\test-results\part-02-validation-3-Admin-46377-oads-admin-training-courses-chromium\test-finished-1.png]]

[[ATTACHMENT|..\..\..\shared-testing\test-results\part-02-validation-3-Admin-46377-oads-admin-training-courses-chromium\video.webm]]

[[ATTACHMENT|..\..\..\shared-testing\test-results\part-02-validation-3-Admin-46377-oads-admin-training-courses-chromium\trace.zip]]
]]>
</system-out>
</testcase>
<testcase name="3. Admin Dashboard › 3.8 Loads: /admin/training/courses/builder" classname="part-02-validation.spec.ts" time="1.471">
<system-out>
<![CDATA[
[[ATTACHMENT|..\..\..\shared-testing\test-results\part-02-validation-3-Admin-0275a-in-training-courses-builder-chromium\test-finished-1.png]]

[[ATTACHMENT|..\..\..\shared-testing\test-results\part-02-validation-3-Admin-0275a-in-training-courses-builder-chromium\video.webm]]

[[ATTACHMENT|..\..\..\shared-testing\test-results\part-02-validation-3-Admin-0275a-in-training-courses-builder-chromium\trace.zip]]
]]>
</system-out>
</testcase>
<testcase name="3. Admin Dashboard › 3.9 Loads: /admin/training/curriculum" classname="part-02-validation.spec.ts" time="1.66">
<system-out>
<![CDATA[
[[ATTACHMENT|..\..\..\shared-testing\test-results\part-02-validation-3-Admin-707f1-s-admin-training-curriculum-chromium\test-finished-1.png]]

[[ATTACHMENT|..\..\..\shared-testing\test-results\part-02-validation-3-Admin-707f1-s-admin-training-curriculum-chromium\video.webm]]

[[ATTACHMENT|..\..\..\shared-testing\test-results\part-02-validation-3-Admin-707f1-s-admin-training-curriculum-chromium\trace.zip]]
]]>
</system-out>
</testcase>
<testcase name="3. Admin Dashboard › 3.10 Loads: /admin/training/enrollment" classname="part-02-validation.spec.ts" time="1.479">
<system-out>
<![CDATA[
[[ATTACHMENT|..\..\..\shared-testing\test-results\part-02-validation-3-Admin-6037a-s-admin-training-enrollment-chromium\test-finished-1.png]]

[[ATTACHMENT|..\..\..\shared-testing\test-results\part-02-validation-3-Admin-6037a-s-admin-training-enrollment-chromium\video.webm]]

[[ATTACHMENT|..\..\..\shared-testing\test-results\part-02-validation-3-Admin-6037a-s-admin-training-enrollment-chromium\trace.zip]]
]]>
</system-out>
</testcase>
<testcase name="3. Admin Dashboard › 3.11 Loads: /admin/training/taxonomy" classname="part-02-validation.spec.ts" time="1.435">
<system-out>
<![CDATA[
[[ATTACHMENT|..\..\..\shared-testing\test-results\part-02-validation-3-Admin-a39c7-ads-admin-training-taxonomy-chromium\test-finished-1.png]]

[[ATTACHMENT|..\..\..\shared-testing\test-results\part-02-validation-3-Admin-a39c7-ads-admin-training-taxonomy-chromium\video.webm]]

[[ATTACHMENT|..\..\..\shared-testing\test-results\part-02-validation-3-Admin-a39c7-ads-admin-training-taxonomy-chromium\trace.zip]]
]]>
</system-out>
</testcase>
<testcase name="3. Admin Dashboard › 3.12 Loads: /admin/training/resources" classname="part-02-validation.spec.ts" time="1.395">
<system-out>
<![CDATA[
[[ATTACHMENT|..\..\..\shared-testing\test-results\part-02-validation-3-Admin-d9584-ds-admin-training-resources-chromium\test-finished-1.png]]

[[ATTACHMENT|..\..\..\shared-testing\test-results\part-02-validation-3-Admin-d9584-ds-admin-training-resources-chromium\video.webm]]

[[ATTACHMENT|..\..\..\shared-testing\test-results\part-02-validation-3-Admin-d9584-ds-admin-training-resources-chromium\trace.zip]]
]]>
</system-out>
</testcase>
<testcase name="3. Admin Dashboard › 3.13 Loads: /admin/training/lms-analytics/executive" classname="part-02-validation.spec.ts" time="1.628">
<system-out>
<![CDATA[
[[ATTACHMENT|..\..\..\shared-testing\test-results\part-02-validation-3-Admin-52aba-ing-lms-analytics-executive-chromium\test-finished-1.png]]

[[ATTACHMENT|..\..\..\shared-testing\test-results\part-02-validation-3-Admin-52aba-ing-lms-analytics-executive-chromium\video.webm]]

[[ATTACHMENT|..\..\..\shared-testing\test-results\part-02-validation-3-Admin-52aba-ing-lms-analytics-executive-chromium\trace.zip]]
]]>
</system-out>
</testcase>
<testcase name="3. Admin Dashboard › 3.14 Loads: /admin/training/communication" classname="part-02-validation.spec.ts" time="1.793">
<system-out>
<![CDATA[
[[ATTACHMENT|..\..\..\shared-testing\test-results\part-02-validation-3-Admin-b7b5b-dmin-training-communication-chromium\test-finished-1.png]]

[[ATTACHMENT|..\..\..\shared-testing\test-results\part-02-validation-3-Admin-b7b5b-dmin-training-communication-chromium\video.webm]]

[[ATTACHMENT|..\..\..\shared-testing\test-results\part-02-validation-3-Admin-b7b5b-dmin-training-communication-chromium\trace.zip]]
]]>
</system-out>
</testcase>
<testcase name="3. Admin Dashboard › 3.15 Loads: /admin/training/student-workspace" classname="part-02-validation.spec.ts" time="1.318">
<system-out>
<![CDATA[
[[ATTACHMENT|..\..\..\shared-testing\test-results\part-02-validation-3-Admin-8aac7--training-student-workspace-chromium\test-finished-1.png]]

[[ATTACHMENT|..\..\..\shared-testing\test-results\part-02-validation-3-Admin-8aac7--training-student-workspace-chromium\video.webm]]

[[ATTACHMENT|..\..\..\shared-testing\test-results\part-02-validation-3-Admin-8aac7--training-student-workspace-chromium\trace.zip]]
]]>
</system-out>
</testcase>
<testcase name="3. Admin Dashboard › 3.16 Loads: /admin/training/certificates" classname="part-02-validation.spec.ts" time="1.443">
<system-out>
<![CDATA[
[[ATTACHMENT|..\..\..\shared-testing\test-results\part-02-validation-3-Admin-cb1ab-admin-training-certificates-chromium\test-finished-1.png]]

[[ATTACHMENT|..\..\..\shared-testing\test-results\part-02-validation-3-Admin-cb1ab-admin-training-certificates-chromium\video.webm]]

[[ATTACHMENT|..\..\..\shared-testing\test-results\part-02-validation-3-Admin-cb1ab-admin-training-certificates-chromium\trace.zip]]
]]>
</system-out>
</testcase>
<testcase name="3. Admin Dashboard › 3.17 Loads: /admin/training/attendance" classname="part-02-validation.spec.ts" time="1.746">
<system-out>
<![CDATA[
[[ATTACHMENT|..\..\..\shared-testing\test-results\part-02-validation-3-Admin-b97b2-s-admin-training-attendance-chromium\test-finished-1.png]]

[[ATTACHMENT|..\..\..\shared-testing\test-results\part-02-validation-3-Admin-b97b2-s-admin-training-attendance-chromium\video.webm]]

[[ATTACHMENT|..\..\..\shared-testing\test-results\part-02-validation-3-Admin-b97b2-s-admin-training-attendance-chromium\trace.zip]]
]]>
</system-out>
</testcase>
<testcase name="3. Admin Dashboard › 3.18 Loads: /admin/training/assessments" classname="part-02-validation.spec.ts" time="1.665">
<system-out>
<![CDATA[
[[ATTACHMENT|..\..\..\shared-testing\test-results\part-02-validation-3-Admin-78ebc--admin-training-assessments-chromium\test-finished-1.png]]

[[ATTACHMENT|..\..\..\shared-testing\test-results\part-02-validation-3-Admin-78ebc--admin-training-assessments-chromium\video.webm]]

[[ATTACHMENT|..\..\..\shared-testing\test-results\part-02-validation-3-Admin-78ebc--admin-training-assessments-chromium\trace.zip]]
]]>
</system-out>
</testcase>
<testcase name="3. Admin Dashboard › 3.19 Loads: /admin/training/trainers" classname="part-02-validation.spec.ts" time="1.375">
<system-out>
<![CDATA[
[[ATTACHMENT|..\..\..\shared-testing\test-results\part-02-validation-3-Admin-56b02-ads-admin-training-trainers-chromium\test-finished-1.png]]

[[ATTACHMENT|..\..\..\shared-testing\test-results\part-02-validation-3-Admin-56b02-ads-admin-training-trainers-chromium\video.webm]]

[[ATTACHMENT|..\..\..\shared-testing\test-results\part-02-validation-3-Admin-56b02-ads-admin-training-trainers-chromium\trace.zip]]
]]>
</system-out>
</testcase>
<testcase name="3. Admin Dashboard › 3.20 Loads: /admin/settings" classname="part-02-validation.spec.ts" time="1.278">
<system-out>
<![CDATA[
[[ATTACHMENT|..\..\..\shared-testing\test-results\part-02-validation-3-Admin-dc22f-d-3-20-Loads-admin-settings-chromium\test-finished-1.png]]

[[ATTACHMENT|..\..\..\shared-testing\test-results\part-02-validation-3-Admin-dc22f-d-3-20-Loads-admin-settings-chromium\video.webm]]

[[ATTACHMENT|..\..\..\shared-testing\test-results\part-02-validation-3-Admin-dc22f-d-3-20-Loads-admin-settings-chromium\trace.zip]]
]]>
</system-out>
</testcase>
<testcase name="3. Admin Dashboard › 3.21 Loads: /admin/profile" classname="part-02-validation.spec.ts" time="1.692">
<system-out>
<![CDATA[
[[ATTACHMENT|..\..\..\shared-testing\test-results\part-02-validation-3-Admin-457f2-rd-3-21-Loads-admin-profile-chromium\test-finished-1.png]]

[[ATTACHMENT|..\..\..\shared-testing\test-results\part-02-validation-3-Admin-457f2-rd-3-21-Loads-admin-profile-chromium\video.webm]]

[[ATTACHMENT|..\..\..\shared-testing\test-results\part-02-validation-3-Admin-457f2-rd-3-21-Loads-admin-profile-chromium\trace.zip]]
]]>
</system-out>
</testcase>
<testcase name="3. Admin Dashboard › 3.22 Loads: /admin/system" classname="part-02-validation.spec.ts" time="1.431">
<system-out>
<![CDATA[
[[ATTACHMENT|..\..\..\shared-testing\test-results\part-02-validation-3-Admin-Dashboard-3-22-Loads-admin-system-chromium\test-finished-1.png]]

[[ATTACHMENT|..\..\..\shared-testing\test-results\part-02-validation-3-Admin-Dashboard-3-22-Loads-admin-system-chromium\video.webm]]

[[ATTACHMENT|..\..\..\shared-testing\test-results\part-02-validation-3-Admin-Dashboard-3-22-Loads-admin-system-chromium\trace.zip]]
]]>
</system-out>
</testcase>
<testcase name="3. Admin Dashboard › 3.23 Loads: /admin/help" classname="part-02-validation.spec.ts" time="1.701">
<system-out>
<![CDATA[
[[ATTACHMENT|..\..\..\shared-testing\test-results\part-02-validation-3-Admin-Dashboard-3-23-Loads-admin-help-chromium\test-finished-1.png]]

[[ATTACHMENT|..\..\..\shared-testing\test-results\part-02-validation-3-Admin-Dashboard-3-23-Loads-admin-help-chromium\video.webm]]

[[ATTACHMENT|..\..\..\shared-testing\test-results\part-02-validation-3-Admin-Dashboard-3-23-Loads-admin-help-chromium\trace.zip]]
]]>
</system-out>
</testcase>
<testcase name="3. Admin Dashboard › 3.24 Loads: /admin/analytics" classname="part-02-validation.spec.ts" time="1.5">
<system-out>
<![CDATA[
[[ATTACHMENT|..\..\..\shared-testing\test-results\part-02-validation-3-Admin-934d3--3-24-Loads-admin-analytics-chromium\test-finished-1.png]]

[[ATTACHMENT|..\..\..\shared-testing\test-results\part-02-validation-3-Admin-934d3--3-24-Loads-admin-analytics-chromium\video.webm]]

[[ATTACHMENT|..\..\..\shared-testing\test-results\part-02-validation-3-Admin-934d3--3-24-Loads-admin-analytics-chromium\trace.zip]]
]]>
</system-out>
</testcase>
<testcase name="3. Admin Dashboard › 3.25 Loads: /admin/reports" classname="part-02-validation.spec.ts" time="1.502">
<system-out>
<![CDATA[
[[ATTACHMENT|..\..\..\shared-testing\test-results\part-02-validation-3-Admin-a722e-rd-3-25-Loads-admin-reports-chromium\test-finished-1.png]]

[[ATTACHMENT|..\..\..\shared-testing\test-results\part-02-validation-3-Admin-a722e-rd-3-25-Loads-admin-reports-chromium\video.webm]]

[[ATTACHMENT|..\..\..\shared-testing\test-results\part-02-validation-3-Admin-a722e-rd-3-25-Loads-admin-reports-chromium\trace.zip]]
]]>
</system-out>
</testcase>
<testcase name="3. Admin Dashboard › 3.26 Loads: /admin/finance" classname="part-02-validation.spec.ts" time="1.424">
<system-out>
<![CDATA[
[[ATTACHMENT|..\..\..\shared-testing\test-results\part-02-validation-3-Admin-44c46-rd-3-26-Loads-admin-finance-chromium\test-finished-1.png]]

[[ATTACHMENT|..\..\..\shared-testing\test-results\part-02-validation-3-Admin-44c46-rd-3-26-Loads-admin-finance-chromium\video.webm]]

[[ATTACHMENT|..\..\..\shared-testing\test-results\part-02-validation-3-Admin-44c46-rd-3-26-Loads-admin-finance-chromium\trace.zip]]
]]>
</system-out>
</testcase>
<testcase name="3. Admin Dashboard › 3.27 Loads: /admin/shipping" classname="part-02-validation.spec.ts" time="1.47">
<system-out>
<![CDATA[
[[ATTACHMENT|..\..\..\shared-testing\test-results\part-02-validation-3-Admin-54d85-d-3-27-Loads-admin-shipping-chromium\test-finished-1.png]]

[[ATTACHMENT|..\..\..\shared-testing\test-results\part-02-validation-3-Admin-54d85-d-3-27-Loads-admin-shipping-chromium\video.webm]]

[[ATTACHMENT|..\..\..\shared-testing\test-results\part-02-validation-3-Admin-54d85-d-3-27-Loads-admin-shipping-chromium\trace.zip]]
]]>
</system-out>
</testcase>
<testcase name="3. Admin Dashboard › 3.28 Loads: /admin/coupons" classname="part-02-validation.spec.ts" time="1.409">
<system-out>
<![CDATA[
[[ATTACHMENT|..\..\..\shared-testing\test-results\part-02-validation-3-Admin-a9e92-rd-3-28-Loads-admin-coupons-chromium\test-finished-1.png]]

[[ATTACHMENT|..\..\..\shared-testing\test-results\part-02-validation-3-Admin-a9e92-rd-3-28-Loads-admin-coupons-chromium\video.webm]]

[[ATTACHMENT|..\..\..\shared-testing\test-results\part-02-validation-3-Admin-a9e92-rd-3-28-Loads-admin-coupons-chromium\trace.zip]]
]]>
</system-out>
</testcase>
<testcase name="3. Admin Dashboard › 3.29 Loads: /admin/discounts" classname="part-02-validation.spec.ts" time="1.641">
<system-out>
<![CDATA[
[[ATTACHMENT|..\..\..\shared-testing\test-results\part-02-validation-3-Admin-a2b78--3-29-Loads-admin-discounts-chromium\test-finished-1.png]]

[[ATTACHMENT|..\..\..\shared-testing\test-results\part-02-validation-3-Admin-a2b78--3-29-Loads-admin-discounts-chromium\video.webm]]

[[ATTACHMENT|..\..\..\shared-testing\test-results\part-02-validation-3-Admin-a2b78--3-29-Loads-admin-discounts-chromium\trace.zip]]
]]>
</system-out>
</testcase>
<testcase name="3. Admin Dashboard › 3.30 Loads: /admin/promo" classname="part-02-validation.spec.ts" time="1.438">
<system-out>
<![CDATA[
[[ATTACHMENT|..\..\..\shared-testing\test-results\part-02-validation-3-Admin-Dashboard-3-30-Loads-admin-promo-chromium\test-finished-1.png]]

[[ATTACHMENT|..\..\..\shared-testing\test-results\part-02-validation-3-Admin-Dashboard-3-30-Loads-admin-promo-chromium\video.webm]]

[[ATTACHMENT|..\..\..\shared-testing\test-results\part-02-validation-3-Admin-Dashboard-3-30-Loads-admin-promo-chromium\trace.zip]]
]]>
</system-out>
</testcase>
<testcase name="3. Admin Dashboard › 3.31 Loads: /admin/pricing" classname="part-02-validation.spec.ts" time="1.284">
<system-out>
<![CDATA[
[[ATTACHMENT|..\..\..\shared-testing\test-results\part-02-validation-3-Admin-69d53-rd-3-31-Loads-admin-pricing-chromium\test-finished-1.png]]

[[ATTACHMENT|..\..\..\shared-testing\test-results\part-02-validation-3-Admin-69d53-rd-3-31-Loads-admin-pricing-chromium\video.webm]]

[[ATTACHMENT|..\..\..\shared-testing\test-results\part-02-validation-3-Admin-69d53-rd-3-31-Loads-admin-pricing-chromium\trace.zip]]
]]>
</system-out>
</testcase>
<testcase name="3. Admin Dashboard › 3.32 Loads: /admin/inventory" classname="part-02-validation.spec.ts" time="1.81">
<system-out>
<![CDATA[
[[ATTACHMENT|..\..\..\shared-testing\test-results\part-02-validation-3-Admin-e8c0d--3-32-Loads-admin-inventory-chromium\test-finished-1.png]]

[[ATTACHMENT|..\..\..\shared-testing\test-results\part-02-validation-3-Admin-e8c0d--3-32-Loads-admin-inventory-chromium\video.webm]]

[[ATTACHMENT|..\..\..\shared-testing\test-results\part-02-validation-3-Admin-e8c0d--3-32-Loads-admin-inventory-chromium\trace.zip]]
]]>
</system-out>
</testcase>
<testcase name="3. Admin Dashboard › 3.33 Loads: /admin/warehouse" classname="part-02-validation.spec.ts" time="1.559">
<system-out>
<![CDATA[
[[ATTACHMENT|..\..\..\shared-testing\test-results\part-02-validation-3-Admin-050b2--3-33-Loads-admin-warehouse-chromium\test-finished-1.png]]

[[ATTACHMENT|..\..\..\shared-testing\test-results\part-02-validation-3-Admin-050b2--3-33-Loads-admin-warehouse-chromium\video.webm]]

[[ATTACHMENT|..\..\..\shared-testing\test-results\part-02-validation-3-Admin-050b2--3-33-Loads-admin-warehouse-chromium\trace.zip]]
]]>
</system-out>
</testcase>
<testcase name="3. Admin Dashboard › 3.34 Loads: /admin/stock" classname="part-02-validation.spec.ts" time="1.421">
<system-out>
<![CDATA[
[[ATTACHMENT|..\..\..\shared-testing\test-results\part-02-validation-3-Admin-Dashboard-3-34-Loads-admin-stock-chromium\test-finished-1.png]]

[[ATTACHMENT|..\..\..\shared-testing\test-results\part-02-validation-3-Admin-Dashboard-3-34-Loads-admin-stock-chromium\video.webm]]

[[ATTACHMENT|..\..\..\shared-testing\test-results\part-02-validation-3-Admin-Dashboard-3-34-Loads-admin-stock-chromium\trace.zip]]
]]>
</system-out>
</testcase>
<testcase name="3. Admin Dashboard › 3.35 Loads: /admin/batch" classname="part-02-validation.spec.ts" time="1.5">
<system-out>
<![CDATA[
[[ATTACHMENT|..\..\..\shared-testing\test-results\part-02-validation-3-Admin-Dashboard-3-35-Loads-admin-batch-chromium\test-finished-1.png]]

[[ATTACHMENT|..\..\..\shared-testing\test-results\part-02-validation-3-Admin-Dashboard-3-35-Loads-admin-batch-chromium\video.webm]]

[[ATTACHMENT|..\..\..\shared-testing\test-results\part-02-validation-3-Admin-Dashboard-3-35-Loads-admin-batch-chromium\trace.zip]]
]]>
</system-out>
</testcase>
<testcase name="3. Admin Dashboard › 3.36 Loads: /admin/movements" classname="part-02-validation.spec.ts" time="1.485">
<system-out>
<![CDATA[
[[ATTACHMENT|..\..\..\shared-testing\test-results\part-02-validation-3-Admin-88ee2--3-36-Loads-admin-movements-chromium\test-finished-1.png]]

[[ATTACHMENT|..\..\..\shared-testing\test-results\part-02-validation-3-Admin-88ee2--3-36-Loads-admin-movements-chromium\video.webm]]

[[ATTACHMENT|..\..\..\shared-testing\test-results\part-02-validation-3-Admin-88ee2--3-36-Loads-admin-movements-chromium\trace.zip]]
]]>
</system-out>
</testcase>
<testcase name="3. Admin Dashboard › 3.37 Loads: /admin/customers" classname="part-02-validation.spec.ts" time="1.72">
<system-out>
<![CDATA[
[[ATTACHMENT|..\..\..\shared-testing\test-results\part-02-validation-3-Admin-d4edc--3-37-Loads-admin-customers-chromium\test-finished-1.png]]

[[ATTACHMENT|..\..\..\shared-testing\test-results\part-02-validation-3-Admin-d4edc--3-37-Loads-admin-customers-chromium\video.webm]]

[[ATTACHMENT|..\..\..\shared-testing\test-results\part-02-validation-3-Admin-d4edc--3-37-Loads-admin-customers-chromium\trace.zip]]
]]>
</system-out>
</testcase>
<testcase name="3. Admin Dashboard › 3.38 Loads: /admin/roles" classname="part-02-validation.spec.ts" time="1.454">
<system-out>
<![CDATA[
[[ATTACHMENT|..\..\..\shared-testing\test-results\part-02-validation-3-Admin-Dashboard-3-38-Loads-admin-roles-chromium\test-finished-1.png]]

[[ATTACHMENT|..\..\..\shared-testing\test-results\part-02-validation-3-Admin-Dashboard-3-38-Loads-admin-roles-chromium\video.webm]]

[[ATTACHMENT|..\..\..\shared-testing\test-results\part-02-validation-3-Admin-Dashboard-3-38-Loads-admin-roles-chromium\trace.zip]]
]]>
</system-out>
</testcase>
<testcase name="3. Admin Dashboard › 3.40 Admin sidebar navigation renders" classname="part-02-validation.spec.ts" time="1.508">
<system-out>
<![CDATA[
[[ATTACHMENT|..\..\..\shared-testing\test-results\part-02-validation-3-Admin-00522--sidebar-navigation-renders-chromium\test-finished-1.png]]

[[ATTACHMENT|..\..\..\shared-testing\test-results\part-02-validation-3-Admin-00522--sidebar-navigation-renders-chromium\video.webm]]

[[ATTACHMENT|..\..\..\shared-testing\test-results\part-02-validation-3-Admin-00522--sidebar-navigation-renders-chromium\trace.zip]]
]]>
</system-out>
</testcase>
<testcase name="3. Admin Dashboard › 3.41 Admin search input exists" classname="part-02-validation.spec.ts" time="1.544">
<system-out>
<![CDATA[
[[ATTACHMENT|..\..\..\shared-testing\test-results\part-02-validation-3-Admin-e74bf-1-Admin-search-input-exists-chromium\test-finished-1.png]]

[[ATTACHMENT|..\..\..\shared-testing\test-results\part-02-validation-3-Admin-e74bf-1-Admin-search-input-exists-chromium\video.webm]]

[[ATTACHMENT|..\..\..\shared-testing\test-results\part-02-validation-3-Admin-e74bf-1-Admin-search-input-exists-chromium\trace.zip]]
]]>
</system-out>
</testcase>
<testcase name="3. Admin Dashboard › 3.42 Admin filters" classname="part-02-validation.spec.ts" time="1.553">
<system-out>
<![CDATA[
[[ATTACHMENT|..\..\..\shared-testing\test-results\part-02-validation-3-Admin-Dashboard-3-42-Admin-filters-chromium\test-finished-1.png]]

[[ATTACHMENT|..\..\..\shared-testing\test-results\part-02-validation-3-Admin-Dashboard-3-42-Admin-filters-chromium\video.webm]]

[[ATTACHMENT|..\..\..\shared-testing\test-results\part-02-validation-3-Admin-Dashboard-3-42-Admin-filters-chromium\trace.zip]]
]]>
</system-out>
</testcase>
<testcase name="3. Admin Dashboard › 3.43 Admin loading state" classname="part-02-validation.spec.ts" time="0.96">
<system-out>
<![CDATA[
[[ATTACHMENT|..\..\..\shared-testing\test-results\part-02-validation-3-Admin-83735-rd-3-43-Admin-loading-state-chromium\test-finished-1.png]]

[[ATTACHMENT|..\..\..\shared-testing\test-results\part-02-validation-3-Admin-83735-rd-3-43-Admin-loading-state-chromium\video.webm]]

[[ATTACHMENT|..\..\..\shared-testing\test-results\part-02-validation-3-Admin-83735-rd-3-43-Admin-loading-state-chromium\trace.zip]]
]]>
</system-out>
</testcase>
<testcase name="3. Admin Dashboard › 3.44 Admin empty state" classname="part-02-validation.spec.ts" time="1.435">
<system-out>
<![CDATA[
[[ATTACHMENT|..\..\..\shared-testing\test-results\part-02-validation-3-Admin-Dashboard-3-44-Admin-empty-state-chromium\test-finished-1.png]]

[[ATTACHMENT|..\..\..\shared-testing\test-results\part-02-validation-3-Admin-Dashboard-3-44-Admin-empty-state-chromium\video.webm]]

[[ATTACHMENT|..\..\..\shared-testing\test-results\part-02-validation-3-Admin-Dashboard-3-44-Admin-empty-state-chromium\trace.zip]]
]]>
</system-out>
</testcase>
<testcase name="3. Admin Dashboard › 3.45 Admin bulk actions" classname="part-02-validation.spec.ts" time="1.483">
<system-out>
<![CDATA[
[[ATTACHMENT|..\..\..\shared-testing\test-results\part-02-validation-3-Admin-Dashboard-3-45-Admin-bulk-actions-chromium\test-finished-1.png]]

[[ATTACHMENT|..\..\..\shared-testing\test-results\part-02-validation-3-Admin-Dashboard-3-45-Admin-bulk-actions-chromium\video.webm]]

[[ATTACHMENT|..\..\..\shared-testing\test-results\part-02-validation-3-Admin-Dashboard-3-45-Admin-bulk-actions-chromium\trace.zip]]
]]>
</system-out>
</testcase>
<testcase name="3. Admin Dashboard › 3.46 Admin export" classname="part-02-validation.spec.ts" time="1.545">
<system-out>
<![CDATA[
[[ATTACHMENT|..\..\..\shared-testing\test-results\part-02-validation-3-Admin-Dashboard-3-46-Admin-export-chromium\test-finished-1.png]]

[[ATTACHMENT|..\..\..\shared-testing\test-results\part-02-validation-3-Admin-Dashboard-3-46-Admin-export-chromium\video.webm]]

[[ATTACHMENT|..\..\..\shared-testing\test-results\part-02-validation-3-Admin-Dashboard-3-46-Admin-export-chromium\trace.zip]]
]]>
</system-out>
</testcase>
<testcase name="3. Admin Dashboard › 3.47 Admin audit trail" classname="part-02-validation.spec.ts" time="1.421">
<system-out>
<![CDATA[
[[ATTACHMENT|..\..\..\shared-testing\test-results\part-02-validation-3-Admin-Dashboard-3-47-Admin-audit-trail-chromium\test-finished-1.png]]

[[ATTACHMENT|..\..\..\shared-testing\test-results\part-02-validation-3-Admin-Dashboard-3-47-Admin-audit-trail-chromium\video.webm]]

[[ATTACHMENT|..\..\..\shared-testing\test-results\part-02-validation-3-Admin-Dashboard-3-47-Admin-audit-trail-chromium\trace.zip]]
]]>
</system-out>
</testcase>
<testcase name="3. Admin Dashboard › 3.48 Admin refresh persists" classname="part-02-validation.spec.ts" time="2.172">
<system-out>
<![CDATA[
[[ATTACHMENT|..\..\..\shared-testing\test-results\part-02-validation-3-Admin-9e5dc-3-48-Admin-refresh-persists-chromium\test-finished-1.png]]

[[ATTACHMENT|..\..\..\shared-testing\test-results\part-02-validation-3-Admin-9e5dc-3-48-Admin-refresh-persists-chromium\video.webm]]

[[ATTACHMENT|..\..\..\shared-testing\test-results\part-02-validation-3-Admin-9e5dc-3-48-Admin-refresh-persists-chromium\trace.zip]]
]]>
</system-out>
</testcase>
<testcase name="4. RBAC Validation › 4.1 Role exists in system: guest" classname="part-02-validation.spec.ts" time="2.731">
<system-out>
<![CDATA[
[[ATTACHMENT|..\..\..\shared-testing\test-results\part-02-validation-4-RBAC--ad989-Role-exists-in-system-guest-chromium\test-finished-1.png]]

[[ATTACHMENT|..\..\..\shared-testing\test-results\part-02-validation-4-RBAC--ad989-Role-exists-in-system-guest-chromium\video.webm]]

[[ATTACHMENT|..\..\..\shared-testing\test-results\part-02-validation-4-RBAC--ad989-Role-exists-in-system-guest-chromium\trace.zip]]
]]>
</system-out>
</testcase>
<testcase name="4. RBAC Validation › 4.2 Role exists in system: customer" classname="part-02-validation.spec.ts" time="3.142">
<system-out>
<![CDATA[
[[ATTACHMENT|..\..\..\shared-testing\test-results\part-02-validation-4-RBAC--9d315-e-exists-in-system-customer-chromium\test-finished-1.png]]

[[ATTACHMENT|..\..\..\shared-testing\test-results\part-02-validation-4-RBAC--9d315-e-exists-in-system-customer-chromium\video.webm]]

[[ATTACHMENT|..\..\..\shared-testing\test-results\part-02-validation-4-RBAC--9d315-e-exists-in-system-customer-chromium\trace.zip]]
]]>
</system-out>
</testcase>
<testcase name="4. RBAC Validation › 4.3 Role exists in system: grower" classname="part-02-validation.spec.ts" time="2.942">
<system-out>
<![CDATA[
[[ATTACHMENT|..\..\..\shared-testing\test-results\part-02-validation-4-RBAC--ffe2d-ole-exists-in-system-grower-chromium\test-finished-1.png]]

[[ATTACHMENT|..\..\..\shared-testing\test-results\part-02-validation-4-RBAC--ffe2d-ole-exists-in-system-grower-chromium\video.webm]]

[[ATTACHMENT|..\..\..\shared-testing\test-results\part-02-validation-4-RBAC--ffe2d-ole-exists-in-system-grower-chromium\trace.zip]]
]]>
</system-out>
</testcase>
<testcase name="4. RBAC Validation › 4.4 Role exists in system: sales" classname="part-02-validation.spec.ts" time="2.775">
<system-out>
<![CDATA[
[[ATTACHMENT|..\..\..\shared-testing\test-results\part-02-validation-4-RBAC--12985-Role-exists-in-system-sales-chromium\test-finished-1.png]]

[[ATTACHMENT|..\..\..\shared-testing\test-results\part-02-validation-4-RBAC--12985-Role-exists-in-system-sales-chromium\video.webm]]

[[ATTACHMENT|..\..\..\shared-testing\test-results\part-02-validation-4-RBAC--12985-Role-exists-in-system-sales-chromium\trace.zip]]
]]>
</system-out>
</testcase>
<testcase name="4. RBAC Validation › 4.5 Role exists in system: support" classname="part-02-validation.spec.ts" time="2.992">
<system-out>
<![CDATA[
[[ATTACHMENT|..\..\..\shared-testing\test-results\part-02-validation-4-RBAC--e1ba8-le-exists-in-system-support-chromium\test-finished-1.png]]

[[ATTACHMENT|..\..\..\shared-testing\test-results\part-02-validation-4-RBAC--e1ba8-le-exists-in-system-support-chromium\video.webm]]

[[ATTACHMENT|..\..\..\shared-testing\test-results\part-02-validation-4-RBAC--e1ba8-le-exists-in-system-support-chromium\trace.zip]]
]]>
</system-out>
</testcase>
<testcase name="4. RBAC Validation › 4.6 Role exists in system: training_manager" classname="part-02-validation.spec.ts" time="3.314">
<system-out>
<![CDATA[
[[ATTACHMENT|..\..\..\shared-testing\test-results\part-02-validation-4-RBAC--a3d0c--in-system-training-manager-chromium\test-finished-1.png]]

[[ATTACHMENT|..\..\..\shared-testing\test-results\part-02-validation-4-RBAC--a3d0c--in-system-training-manager-chromium\video.webm]]

[[ATTACHMENT|..\..\..\shared-testing\test-results\part-02-validation-4-RBAC--a3d0c--in-system-training-manager-chromium\trace.zip]]
]]>
</system-out>
</testcase>
<testcase name="4. RBAC Validation › 4.7 Role exists in system: operations" classname="part-02-validation.spec.ts" time="4.276">
<system-out>
<![CDATA[
[[ATTACHMENT|..\..\..\shared-testing\test-results\part-02-validation-4-RBAC--855ec-exists-in-system-operations-chromium\test-finished-1.png]]

[[ATTACHMENT|..\..\..\shared-testing\test-results\part-02-validation-4-RBAC--855ec-exists-in-system-operations-chromium\video.webm]]

[[ATTACHMENT|..\..\..\shared-testing\test-results\part-02-validation-4-RBAC--855ec-exists-in-system-operations-chromium\trace.zip]]
]]>
</system-out>
</testcase>
<testcase name="4. RBAC Validation › 4.8 Role exists in system: administrator" classname="part-02-validation.spec.ts" time="4.446">
<system-out>
<![CDATA[
[[ATTACHMENT|..\..\..\shared-testing\test-results\part-02-validation-4-RBAC--c800a-sts-in-system-administrator-chromium\test-finished-1.png]]

[[ATTACHMENT|..\..\..\shared-testing\test-results\part-02-validation-4-RBAC--c800a-sts-in-system-administrator-chromium\video.webm]]

[[ATTACHMENT|..\..\..\shared-testing\test-results\part-02-validation-4-RBAC--c800a-sts-in-system-administrator-chromium\trace.zip]]
]]>
</system-out>
</testcase>
<testcase name="4. RBAC Validation › 4.9 Role exists in system: business_owner" classname="part-02-validation.spec.ts" time="3.978">
<system-out>
<![CDATA[
[[ATTACHMENT|..\..\..\shared-testing\test-results\part-02-validation-4-RBAC--7549f-ts-in-system-business-owner-chromium\test-finished-1.png]]

[[ATTACHMENT|..\..\..\shared-testing\test-results\part-02-validation-4-RBAC--7549f-ts-in-system-business-owner-chromium\video.webm]]

[[ATTACHMENT|..\..\..\shared-testing\test-results\part-02-validation-4-RBAC--7549f-ts-in-system-business-owner-chromium\trace.zip]]
]]>
</system-out>
</testcase>
<testcase name="4. RBAC Validation › 4.10 Route protection (guest): /admin/dashboard" classname="part-02-validation.spec.ts" time="1.579">
<system-out>
<![CDATA[
[[ATTACHMENT|..\..\..\shared-testing\test-results\part-02-validation-4-RBAC--d8923-ction-guest-admin-dashboard-chromium\test-finished-1.png]]

[[ATTACHMENT|..\..\..\shared-testing\test-results\part-02-validation-4-RBAC--d8923-ction-guest-admin-dashboard-chromium\video.webm]]

[[ATTACHMENT|..\..\..\shared-testing\test-results\part-02-validation-4-RBAC--d8923-ction-guest-admin-dashboard-chromium\trace.zip]]
]]>
</system-out>
</testcase>
<testcase name="4. RBAC Validation › 4.10 Route protection (guest): /admin/users" classname="part-02-validation.spec.ts" time="1.588">
<system-out>
<![CDATA[
[[ATTACHMENT|..\..\..\shared-testing\test-results\part-02-validation-4-RBAC--afef7-rotection-guest-admin-users-chromium\test-finished-1.png]]

[[ATTACHMENT|..\..\..\shared-testing\test-results\part-02-validation-4-RBAC--afef7-rotection-guest-admin-users-chromium\video.webm]]

[[ATTACHMENT|..\..\..\shared-testing\test-results\part-02-validation-4-RBAC--afef7-rotection-guest-admin-users-chromium\trace.zip]]
]]>
</system-out>
</testcase>
<testcase name="4. RBAC Validation › 4.10 Route protection (guest): /admin/products" classname="part-02-validation.spec.ts" time="1.59">
<system-out>
<![CDATA[
[[ATTACHMENT|..\..\..\shared-testing\test-results\part-02-validation-4-RBAC--78413-ection-guest-admin-products-chromium\test-finished-1.png]]

[[ATTACHMENT|..\..\..\shared-testing\test-results\part-02-validation-4-RBAC--78413-ection-guest-admin-products-chromium\video.webm]]

[[ATTACHMENT|..\..\..\shared-testing\test-results\part-02-validation-4-RBAC--78413-ection-guest-admin-products-chromium\trace.zip]]
]]>
</system-out>
</testcase>
<testcase name="4. RBAC Validation › 4.10 Route protection (guest): /admin/orders" classname="part-02-validation.spec.ts" time="1.378">
<system-out>
<![CDATA[
[[ATTACHMENT|..\..\..\shared-testing\test-results\part-02-validation-4-RBAC--4606c-otection-guest-admin-orders-chromium\test-finished-1.png]]

[[ATTACHMENT|..\..\..\shared-testing\test-results\part-02-validation-4-RBAC--4606c-otection-guest-admin-orders-chromium\video.webm]]

[[ATTACHMENT|..\..\..\shared-testing\test-results\part-02-validation-4-RBAC--4606c-otection-guest-admin-orders-chromium\trace.zip]]
]]>
</system-out>
</testcase>
<testcase name="4. RBAC Validation › 4.15 RBAC cross-role leakage check" classname="part-02-validation.spec.ts" time="1.309">
<system-out>
<![CDATA[
[[ATTACHMENT|..\..\..\shared-testing\test-results\part-02-validation-4-RBAC--cee36-AC-cross-role-leakage-check-chromium\test-finished-1.png]]

[[ATTACHMENT|..\..\..\shared-testing\test-results\part-02-validation-4-RBAC--cee36-AC-cross-role-leakage-check-chromium\video.webm]]

[[ATTACHMENT|..\..\..\shared-testing\test-results\part-02-validation-4-RBAC--cee36-AC-cross-role-leakage-check-chromium\trace.zip]]
]]>
</system-out>
</testcase>
<testcase name="4. RBAC Validation › 4.16 RBAC admin route accessible" classname="part-02-validation.spec.ts" time="1.462">
<system-out>
<![CDATA[
[[ATTACHMENT|..\..\..\shared-testing\test-results\part-02-validation-4-RBAC--83cf0-RBAC-admin-route-accessible-chromium\test-finished-1.png]]

[[ATTACHMENT|..\..\..\shared-testing\test-results\part-02-validation-4-RBAC--83cf0-RBAC-admin-route-accessible-chromium\video.webm]]

[[ATTACHMENT|..\..\..\shared-testing\test-results\part-02-validation-4-RBAC--83cf0-RBAC-admin-route-accessible-chromium\trace.zip]]
]]>
</system-out>
</testcase>
<testcase name="4. RBAC Validation › 4.17 RBAC customer route accessible" classname="part-02-validation.spec.ts" time="1.294">
<system-out>
<![CDATA[
[[ATTACHMENT|..\..\..\shared-testing\test-results\part-02-validation-4-RBAC--89824-C-customer-route-accessible-chromium\test-finished-1.png]]

[[ATTACHMENT|..\..\..\shared-testing\test-results\part-02-validation-4-RBAC--89824-C-customer-route-accessible-chromium\video.webm]]

[[ATTACHMENT|..\..\..\shared-testing\test-results\part-02-validation-4-RBAC--89824-C-customer-route-accessible-chromium\trace.zip]]
]]>
</system-out>
</testcase>
<testcase name="4. RBAC Validation › 4.18 RBAC no role switcher present" classname="part-02-validation.spec.ts" time="3.909">
<system-out>
<![CDATA[
[[ATTACHMENT|..\..\..\shared-testing\test-results\part-02-validation-4-RBAC--ddb27-AC-no-role-switcher-present-chromium\test-finished-1.png]]

[[ATTACHMENT|..\..\..\shared-testing\test-results\part-02-validation-4-RBAC--ddb27-AC-no-role-switcher-present-chromium\video.webm]]

[[ATTACHMENT|..\..\..\shared-testing\test-results\part-02-validation-4-RBAC--ddb27-AC-no-role-switcher-present-chromium\trace.zip]]
]]>
</system-out>
</testcase>
<testcase name="4. RBAC Validation › 4.19 RBAC permission persistence" classname="part-02-validation.spec.ts" time="2.362">
<system-out>
<![CDATA[
[[ATTACHMENT|..\..\..\shared-testing\test-results\part-02-validation-4-RBAC--031b5-RBAC-permission-persistence-chromium\test-finished-1.png]]

[[ATTACHMENT|..\..\..\shared-testing\test-results\part-02-validation-4-RBAC--031b5-RBAC-permission-persistence-chromium\video.webm]]

[[ATTACHMENT|..\..\..\shared-testing\test-results\part-02-validation-4-RBAC--031b5-RBAC-permission-persistence-chromium\trace.zip]]
]]>
</system-out>
</testcase>
<testcase name="4. RBAC Validation › 4.20 RBAC expired session redirect" classname="part-02-validation.spec.ts" time="1.504">
<system-out>
<![CDATA[
[[ATTACHMENT|..\..\..\shared-testing\test-results\part-02-validation-4-RBAC--27d65-AC-expired-session-redirect-chromium\test-finished-1.png]]

[[ATTACHMENT|..\..\..\shared-testing\test-results\part-02-validation-4-RBAC--27d65-AC-expired-session-redirect-chromium\video.webm]]

[[ATTACHMENT|..\..\..\shared-testing\test-results\part-02-validation-4-RBAC--27d65-AC-expired-session-redirect-chromium\trace.zip]]
]]>
</system-out>
</testcase>
<testcase name="5. Route Protection › 5.1 Protected route: /admin" classname="part-02-validation.spec.ts" time="1.585">
<system-out>
<![CDATA[
[[ATTACHMENT|..\..\..\shared-testing\test-results\part-02-validation-5-Route-8f31c-n-5-1-Protected-route-admin-chromium\test-finished-1.png]]

[[ATTACHMENT|..\..\..\shared-testing\test-results\part-02-validation-5-Route-8f31c-n-5-1-Protected-route-admin-chromium\video.webm]]

[[ATTACHMENT|..\..\..\shared-testing\test-results\part-02-validation-5-Route-8f31c-n-5-1-Protected-route-admin-chromium\trace.zip]]
]]>
</system-out>
</testcase>
<testcase name="5. Route Protection › 5.2 Protected route: /admin/dashboard" classname="part-02-validation.spec.ts" time="1.601">
<system-out>
<![CDATA[
[[ATTACHMENT|..\..\..\shared-testing\test-results\part-02-validation-5-Route-32846-ected-route-admin-dashboard-chromium\test-finished-1.png]]

[[ATTACHMENT|..\..\..\shared-testing\test-results\part-02-validation-5-Route-32846-ected-route-admin-dashboard-chromium\video.webm]]

[[ATTACHMENT|..\..\..\shared-testing\test-results\part-02-validation-5-Route-32846-ected-route-admin-dashboard-chromium\trace.zip]]
]]>
</system-out>
</testcase>
<testcase name="5. Route Protection › 5.3 Protected route: /admin/users" classname="part-02-validation.spec.ts" time="1.662">
<system-out>
<![CDATA[
[[ATTACHMENT|..\..\..\shared-testing\test-results\part-02-validation-5-Route-ebcfb-Protected-route-admin-users-chromium\test-finished-1.png]]

[[ATTACHMENT|..\..\..\shared-testing\test-results\part-02-validation-5-Route-ebcfb-Protected-route-admin-users-chromium\video.webm]]

[[ATTACHMENT|..\..\..\shared-testing\test-results\part-02-validation-5-Route-ebcfb-Protected-route-admin-users-chromium\trace.zip]]
]]>
</system-out>
</testcase>
<testcase name="5. Route Protection › 5.4 Protected route: /admin/products" classname="part-02-validation.spec.ts" time="1.6">
<system-out>
<![CDATA[
[[ATTACHMENT|..\..\..\shared-testing\test-results\part-02-validation-5-Route-42366-tected-route-admin-products-chromium\test-finished-1.png]]

[[ATTACHMENT|..\..\..\shared-testing\test-results\part-02-validation-5-Route-42366-tected-route-admin-products-chromium\video.webm]]

[[ATTACHMENT|..\..\..\shared-testing\test-results\part-02-validation-5-Route-42366-tected-route-admin-products-chromium\trace.zip]]
]]>
</system-out>
</testcase>
<testcase name="5. Route Protection › 5.5 Protected route: /admin/orders" classname="part-02-validation.spec.ts" time="1.633">
<system-out>
<![CDATA[
[[ATTACHMENT|..\..\..\shared-testing\test-results\part-02-validation-5-Route-a798c-rotected-route-admin-orders-chromium\test-finished-1.png]]

[[ATTACHMENT|..\..\..\shared-testing\test-results\part-02-validation-5-Route-a798c-rotected-route-admin-orders-chromium\video.webm]]

[[ATTACHMENT|..\..\..\shared-testing\test-results\part-02-validation-5-Route-a798c-rotected-route-admin-orders-chromium\trace.zip]]
]]>
</system-out>
</testcase>
<testcase name="5. Route Protection › 5.6 Protected route: /admin/training" classname="part-02-validation.spec.ts" time="1.812">
<system-out>
<![CDATA[
[[ATTACHMENT|..\..\..\shared-testing\test-results\part-02-validation-5-Route-9c415-tected-route-admin-training-chromium\test-finished-1.png]]

[[ATTACHMENT|..\..\..\shared-testing\test-results\part-02-validation-5-Route-9c415-tected-route-admin-training-chromium\video.webm]]

[[ATTACHMENT|..\..\..\shared-testing\test-results\part-02-validation-5-Route-9c415-tected-route-admin-training-chromium\trace.zip]]
]]>
</system-out>
</testcase>
<testcase name="5. Route Protection › 5.7 Protected route: /grower" classname="part-02-validation.spec.ts" time="1.366">
<system-out>
<![CDATA[
[[ATTACHMENT|..\..\..\shared-testing\test-results\part-02-validation-5-Route-3c679--5-7-Protected-route-grower-chromium\test-finished-1.png]]

[[ATTACHMENT|..\..\..\shared-testing\test-results\part-02-validation-5-Route-3c679--5-7-Protected-route-grower-chromium\video.webm]]

[[ATTACHMENT|..\..\..\shared-testing\test-results\part-02-validation-5-Route-3c679--5-7-Protected-route-grower-chromium\trace.zip]]
]]>
</system-out>
</testcase>
<testcase name="5. Route Protection › 5.8 Protected route: /dashboard" classname="part-02-validation.spec.ts" time="1.539">
<system-out>
<![CDATA[
[[ATTACHMENT|..\..\..\shared-testing\test-results\part-02-validation-5-Route-4db60-8-Protected-route-dashboard-chromium\test-finished-1.png]]

[[ATTACHMENT|..\..\..\shared-testing\test-results\part-02-validation-5-Route-4db60-8-Protected-route-dashboard-chromium\video.webm]]

[[ATTACHMENT|..\..\..\shared-testing\test-results\part-02-validation-5-Route-4db60-8-Protected-route-dashboard-chromium\trace.zip]]
]]>
</system-out>
</testcase>
<testcase name="5. Route Protection › 5.9 Protected route: /profile" classname="part-02-validation.spec.ts" time="1.251">
<system-out>
<![CDATA[
[[ATTACHMENT|..\..\..\shared-testing\test-results\part-02-validation-5-Route-615ad-5-9-Protected-route-profile-chromium\test-finished-1.png]]

[[ATTACHMENT|..\..\..\shared-testing\test-results\part-02-validation-5-Route-615ad-5-9-Protected-route-profile-chromium\video.webm]]

[[ATTACHMENT|..\..\..\shared-testing\test-results\part-02-validation-5-Route-615ad-5-9-Protected-route-profile-chromium\trace.zip]]
]]>
</system-out>
</testcase>
<testcase name="5. Route Protection › 5.10 Protected route: /settings" classname="part-02-validation.spec.ts" time="1.297">
<system-out>
<![CDATA[
[[ATTACHMENT|..\..\..\shared-testing\test-results\part-02-validation-5-Route-e2734-10-Protected-route-settings-chromium\test-finished-1.png]]

[[ATTACHMENT|..\..\..\shared-testing\test-results\part-02-validation-5-Route-e2734-10-Protected-route-settings-chromium\video.webm]]

[[ATTACHMENT|..\..\..\shared-testing\test-results\part-02-validation-5-Route-e2734-10-Protected-route-settings-chromium\trace.zip]]
]]>
</system-out>
</testcase>
<testcase name="5. Route Protection › 5.11 Protected route: /admin/roles" classname="part-02-validation.spec.ts" time="1.608">
<system-out>
<![CDATA[
[[ATTACHMENT|..\..\..\shared-testing\test-results\part-02-validation-5-Route-c83b6-Protected-route-admin-roles-chromium\test-finished-1.png]]

[[ATTACHMENT|..\..\..\shared-testing\test-results\part-02-validation-5-Route-c83b6-Protected-route-admin-roles-chromium\video.webm]]

[[ATTACHMENT|..\..\..\shared-testing\test-results\part-02-validation-5-Route-c83b6-Protected-route-admin-roles-chromium\trace.zip]]
]]>
</system-out>
</testcase>
<testcase name="5. Route Protection › 5.12 Protected route: /admin/customers" classname="part-02-validation.spec.ts" time="1.789">
<system-out>
<![CDATA[
[[ATTACHMENT|..\..\..\shared-testing\test-results\part-02-validation-5-Route-efea9-ected-route-admin-customers-chromium\test-finished-1.png]]

[[ATTACHMENT|..\..\..\shared-testing\test-results\part-02-validation-5-Route-efea9-ected-route-admin-customers-chromium\video.webm]]

[[ATTACHMENT|..\..\..\shared-testing\test-results\part-02-validation-5-Route-efea9-ected-route-admin-customers-chromium\trace.zip]]
]]>
</system-out>
</testcase>
<testcase name="5. Route Protection › 5.13 Protected route: /admin/finance" classname="part-02-validation.spec.ts" time="1.677">
<system-out>
<![CDATA[
[[ATTACHMENT|..\..\..\shared-testing\test-results\part-02-validation-5-Route-14697-otected-route-admin-finance-chromium\test-finished-1.png]]

[[ATTACHMENT|..\..\..\shared-testing\test-results\part-02-validation-5-Route-14697-otected-route-admin-finance-chromium\video.webm]]

[[ATTACHMENT|..\..\..\shared-testing\test-results\part-02-validation-5-Route-14697-otected-route-admin-finance-chromium\trace.zip]]
]]>
</system-out>
</testcase>
<testcase name="5. Route Protection › 5.14 Protected route: /admin/analytics" classname="part-02-validation.spec.ts" time="1.583">
<system-out>
<![CDATA[
[[ATTACHMENT|..\..\..\shared-testing\test-results\part-02-validation-5-Route-c501a-ected-route-admin-analytics-chromium\test-finished-1.png]]

[[ATTACHMENT|..\..\..\shared-testing\test-results\part-02-validation-5-Route-c501a-ected-route-admin-analytics-chromium\video.webm]]

[[ATTACHMENT|..\..\..\shared-testing\test-results\part-02-validation-5-Route-c501a-ected-route-admin-analytics-chromium\trace.zip]]
]]>
</system-out>
</testcase>
<testcase name="5. Route Protection › 5.15 Route protection: invalid admin deep link" classname="part-02-validation.spec.ts" time="1.698">
<system-out>
<![CDATA[
[[ATTACHMENT|..\..\..\shared-testing\test-results\part-02-validation-5-Route-702c6-ion-invalid-admin-deep-link-chromium\test-finished-1.png]]

[[ATTACHMENT|..\..\..\shared-testing\test-results\part-02-validation-5-Route-702c6-ion-invalid-admin-deep-link-chromium\video.webm]]

[[ATTACHMENT|..\..\..\shared-testing\test-results\part-02-validation-5-Route-702c6-ion-invalid-admin-deep-link-chromium\trace.zip]]
]]>
</system-out>
</testcase>
<testcase name="5. Route Protection › 5.16 Route protection: direct URL to auth page bypasses" classname="part-02-validation.spec.ts" time="1.336">
<system-out>
<![CDATA[
[[ATTACHMENT|..\..\..\shared-testing\test-results\part-02-validation-5-Route-ad820-t-URL-to-auth-page-bypasses-chromium\test-finished-1.png]]

[[ATTACHMENT|..\..\..\shared-testing\test-results\part-02-validation-5-Route-ad820-t-URL-to-auth-page-bypasses-chromium\video.webm]]

[[ATTACHMENT|..\..\..\shared-testing\test-results\part-02-validation-5-Route-ad820-t-URL-to-auth-page-bypasses-chromium\trace.zip]]
]]>
</system-out>
</testcase>
<testcase name="6. API Validation › 6.1 API route: /api/training/courses" classname="part-02-validation.spec.ts" time="1.43">
<system-out>
<![CDATA[
[[ATTACHMENT|..\..\..\shared-testing\test-results\part-02-validation-6-API-V-43d83--route-api-training-courses-chromium\test-finished-1.png]]

[[ATTACHMENT|..\..\..\shared-testing\test-results\part-02-validation-6-API-V-43d83--route-api-training-courses-chromium\video.webm]]

[[ATTACHMENT|..\..\..\shared-testing\test-results\part-02-validation-6-API-V-43d83--route-api-training-courses-chromium\trace.zip]]
]]>
</system-out>
</testcase>
<testcase name="6. API Validation › 6.2 API route: /api/enrollment" classname="part-02-validation.spec.ts" time="1.234">
<system-out>
<![CDATA[
[[ATTACHMENT|..\..\..\shared-testing\test-results\part-02-validation-6-API-V-093bf--2-API-route-api-enrollment-chromium\test-finished-1.png]]

[[ATTACHMENT|..\..\..\shared-testing\test-results\part-02-validation-6-API-V-093bf--2-API-route-api-enrollment-chromium\video.webm]]

[[ATTACHMENT|..\..\..\shared-testing\test-results\part-02-validation-6-API-V-093bf--2-API-route-api-enrollment-chromium\trace.zip]]
]]>
</system-out>
</testcase>
<testcase name="6. API Validation › 6.3 API route: /api/admin/dashboard" classname="part-02-validation.spec.ts" time="1.315">
<system-out>
<![CDATA[
[[ATTACHMENT|..\..\..\shared-testing\test-results\part-02-validation-6-API-V-6c96f-I-route-api-admin-dashboard-chromium\test-finished-1.png]]

[[ATTACHMENT|..\..\..\shared-testing\test-results\part-02-validation-6-API-V-6c96f-I-route-api-admin-dashboard-chromium\video.webm]]

[[ATTACHMENT|..\..\..\shared-testing\test-results\part-02-validation-6-API-V-6c96f-I-route-api-admin-dashboard-chromium\trace.zip]]
]]>
</system-out>
</testcase>
<testcase name="6. API Validation › 6.4 API route: /api/analytics" classname="part-02-validation.spec.ts" time="1.239">
<system-out>
<![CDATA[
[[ATTACHMENT|..\..\..\shared-testing\test-results\part-02-validation-6-API-V-e8ee7-6-4-API-route-api-analytics-chromium\test-finished-1.png]]

[[ATTACHMENT|..\..\..\shared-testing\test-results\part-02-validation-6-API-V-e8ee7-6-4-API-route-api-analytics-chromium\video.webm]]

[[ATTACHMENT|..\..\..\shared-testing\test-results\part-02-validation-6-API-V-e8ee7-6-4-API-route-api-analytics-chromium\trace.zip]]
]]>
</system-out>
</testcase>
<testcase name="6. API Validation › 6.5 API route: /api/notifications" classname="part-02-validation.spec.ts" time="1.507">
<system-out>
<![CDATA[
[[ATTACHMENT|..\..\..\shared-testing\test-results\part-02-validation-6-API-V-c1d72-API-route-api-notifications-chromium\test-finished-1.png]]

[[ATTACHMENT|..\..\..\shared-testing\test-results\part-02-validation-6-API-V-c1d72-API-route-api-notifications-chromium\video.webm]]

[[ATTACHMENT|..\..\..\shared-testing\test-results\part-02-validation-6-API-V-c1d72-API-route-api-notifications-chromium\trace.zip]]
]]>
</system-out>
</testcase>
<testcase name="6. API Validation › 6.6 API route: /api/settings" classname="part-02-validation.spec.ts" time="1.386">
<system-out>
<![CDATA[
[[ATTACHMENT|..\..\..\shared-testing\test-results\part-02-validation-6-API-V-c109b--6-6-API-route-api-settings-chromium\test-finished-1.png]]

[[ATTACHMENT|..\..\..\shared-testing\test-results\part-02-validation-6-API-V-c109b--6-6-API-route-api-settings-chromium\video.webm]]

[[ATTACHMENT|..\..\..\shared-testing\test-results\part-02-validation-6-API-V-c109b--6-6-API-route-api-settings-chromium\trace.zip]]
]]>
</system-out>
</testcase>
<testcase name="6. API Validation › 6.7 API invalid payload" classname="part-02-validation.spec.ts" time="1.358">
<system-out>
<![CDATA[
[[ATTACHMENT|..\..\..\shared-testing\test-results\part-02-validation-6-API-Validation-6-7-API-invalid-payload-chromium\test-finished-1.png]]

[[ATTACHMENT|..\..\..\shared-testing\test-results\part-02-validation-6-API-Validation-6-7-API-invalid-payload-chromium\video.webm]]

[[ATTACHMENT|..\..\..\shared-testing\test-results\part-02-validation-6-API-Validation-6-7-API-invalid-payload-chromium\trace.zip]]
]]>
</system-out>
</testcase>
<testcase name="6. API Validation › 6.8 API duplicate request" classname="part-02-validation.spec.ts" time="2.465">
<system-out>
<![CDATA[
[[ATTACHMENT|..\..\..\shared-testing\test-results\part-02-validation-6-API-V-cfac4-n-6-8-API-duplicate-request-chromium\test-finished-1.png]]

[[ATTACHMENT|..\..\..\shared-testing\test-results\part-02-validation-6-API-V-cfac4-n-6-8-API-duplicate-request-chromium\video.webm]]

[[ATTACHMENT|..\..\..\shared-testing\test-results\part-02-validation-6-API-V-cfac4-n-6-8-API-duplicate-request-chromium\trace.zip]]
]]>
</system-out>
</testcase>
<testcase name="7. Security Validation › 7.1 No production secrets in training pages" classname="part-02-validation.spec.ts" time="3.103">
<system-out>
<![CDATA[
[[ATTACHMENT|..\..\..\shared-testing\test-results\part-02-validation-7-Secur-3da71-n-secrets-in-training-pages-chromium\test-finished-1.png]]

[[ATTACHMENT|..\..\..\shared-testing\test-results\part-02-validation-7-Secur-3da71-n-secrets-in-training-pages-chromium\video.webm]]

[[ATTACHMENT|..\..\..\shared-testing\test-results\part-02-validation-7-Secur-3da71-n-secrets-in-training-pages-chromium\trace.zip]]
]]>
</system-out>
</testcase>
<testcase name="7. Security Validation › 7.2 No production secrets in admin pages" classname="part-02-validation.spec.ts" time="1.75">
<system-out>
<![CDATA[
[[ATTACHMENT|..\..\..\shared-testing\test-results\part-02-validation-7-Secur-d3c99-tion-secrets-in-admin-pages-chromium\test-finished-1.png]]

[[ATTACHMENT|..\..\..\shared-testing\test-results\part-02-validation-7-Secur-d3c99-tion-secrets-in-admin-pages-chromium\video.webm]]

[[ATTACHMENT|..\..\..\shared-testing\test-results\part-02-validation-7-Secur-d3c99-tion-secrets-in-admin-pages-chromium\trace.zip]]
]]>
</system-out>
</testcase>
<testcase name="7. Security Validation › 7.3 localStorage no auth tokens" classname="part-02-validation.spec.ts" time="1.809">
<system-out>
<![CDATA[
[[ATTACHMENT|..\..\..\shared-testing\test-results\part-02-validation-7-Secur-1e97b-localStorage-no-auth-tokens-chromium\test-finished-1.png]]

[[ATTACHMENT|..\..\..\shared-testing\test-results\part-02-validation-7-Secur-1e97b-localStorage-no-auth-tokens-chromium\video.webm]]

[[ATTACHMENT|..\..\..\shared-testing\test-results\part-02-validation-7-Secur-1e97b-localStorage-no-auth-tokens-chromium\trace.zip]]
]]>
</system-out>
</testcase>
<testcase name="7. Security Validation › 7.4 sessionStorage no auth tokens" classname="part-02-validation.spec.ts" time="1.486">
<system-out>
<![CDATA[
[[ATTACHMENT|..\..\..\shared-testing\test-results\part-02-validation-7-Secur-cfb26-ssionStorage-no-auth-tokens-chromium\test-finished-1.png]]

[[ATTACHMENT|..\..\..\shared-testing\test-results\part-02-validation-7-Secur-cfb26-ssionStorage-no-auth-tokens-chromium\video.webm]]

[[ATTACHMENT|..\..\..\shared-testing\test-results\part-02-validation-7-Secur-cfb26-ssionStorage-no-auth-tokens-chromium\trace.zip]]
]]>
</system-out>
</testcase>
<testcase name="7. Security Validation › 7.5 Console errors on training pages" classname="part-02-validation.spec.ts" time="3.017">
<system-out>
<![CDATA[
[[ATTACHMENT|..\..\..\shared-testing\test-results\part-02-validation-7-Secur-b74c8-le-errors-on-training-pages-chromium\test-finished-1.png]]

[[ATTACHMENT|..\..\..\shared-testing\test-results\part-02-validation-7-Secur-b74c8-le-errors-on-training-pages-chromium\video.webm]]

[[ATTACHMENT|..\..\..\shared-testing\test-results\part-02-validation-7-Secur-b74c8-le-errors-on-training-pages-chromium\trace.zip]]
]]>
</system-out>
</testcase>
<testcase name="7. Security Validation › 7.6 Console errors on admin pages" classname="part-02-validation.spec.ts" time="1.67">
<system-out>
<![CDATA[
[[ATTACHMENT|..\..\..\shared-testing\test-results\part-02-validation-7-Secur-50f34-nsole-errors-on-admin-pages-chromium\test-finished-1.png]]

[[ATTACHMENT|..\..\..\shared-testing\test-results\part-02-validation-7-Secur-50f34-nsole-errors-on-admin-pages-chromium\video.webm]]

[[ATTACHMENT|..\..\..\shared-testing\test-results\part-02-validation-7-Secur-50f34-nsole-errors-on-admin-pages-chromium\trace.zip]]
]]>
</system-out>
</testcase>
<testcase name="7. Security Validation › 7.7 Direct URL manipulation to protected data" classname="part-02-validation.spec.ts" time="1.4">
<system-out>
<![CDATA[
[[ATTACHMENT|..\..\..\shared-testing\test-results\part-02-validation-7-Secur-b8eae-ipulation-to-protected-data-chromium\test-finished-1.png]]

[[ATTACHMENT|..\..\..\shared-testing\test-results\part-02-validation-7-Secur-b8eae-ipulation-to-protected-data-chromium\video.webm]]

[[ATTACHMENT|..\..\..\shared-testing\test-results\part-02-validation-7-Secur-b8eae-ipulation-to-protected-data-chromium\trace.zip]]
]]>
</system-out>
</testcase>
<testcase name="7. Security Validation › 7.8 Browser history no tokens in training flow" classname="part-02-validation.spec.ts" time="2.826">
<system-out>
<![CDATA[
[[ATTACHMENT|..\..\..\shared-testing\test-results\part-02-validation-7-Secur-dc626--no-tokens-in-training-flow-chromium\test-finished-1.png]]

[[ATTACHMENT|..\..\..\shared-testing\test-results\part-02-validation-7-Secur-dc626--no-tokens-in-training-flow-chromium\video.webm]]

[[ATTACHMENT|..\..\..\shared-testing\test-results\part-02-validation-7-Secur-dc626--no-tokens-in-training-flow-chromium\trace.zip]]
]]>
</system-out>
</testcase>
<testcase name="8. Performance › 8.0 Load time: Training dashboard" classname="part-02-validation.spec.ts" time="1.511">
<system-out>
<![CDATA[
[[ATTACHMENT|..\..\..\shared-testing\test-results\part-02-validation-8-Perfo-10411-oad-time-Training-dashboard-chromium\test-finished-1.png]]

[[ATTACHMENT|..\..\..\shared-testing\test-results\part-02-validation-8-Perfo-10411-oad-time-Training-dashboard-chromium\video.webm]]

[[ATTACHMENT|..\..\..\shared-testing\test-results\part-02-validation-8-Perfo-10411-oad-time-Training-dashboard-chromium\trace.zip]]
]]>
</system-out>
</testcase>
<testcase name="8. Performance › 8.0 Load time: Course catalog" classname="part-02-validation.spec.ts" time="2.896">
<system-out>
<![CDATA[
[[ATTACHMENT|..\..\..\shared-testing\test-results\part-02-validation-8-Perfo-d2fe9--0-Load-time-Course-catalog-chromium\test-finished-1.png]]

[[ATTACHMENT|..\..\..\shared-testing\test-results\part-02-validation-8-Perfo-d2fe9--0-Load-time-Course-catalog-chromium\video.webm]]

[[ATTACHMENT|..\..\..\shared-testing\test-results\part-02-validation-8-Perfo-d2fe9--0-Load-time-Course-catalog-chromium\trace.zip]]
]]>
</system-out>
</testcase>
<testcase name="8. Performance › 8.0 Load time: Admin dashboard" classname="part-02-validation.spec.ts" time="1.7">
<system-out>
<![CDATA[
[[ATTACHMENT|..\..\..\shared-testing\test-results\part-02-validation-8-Perfo-c9bbd-0-Load-time-Admin-dashboard-chromium\test-finished-1.png]]

[[ATTACHMENT|..\..\..\shared-testing\test-results\part-02-validation-8-Perfo-c9bbd-0-Load-time-Admin-dashboard-chromium\video.webm]]

[[ATTACHMENT|..\..\..\shared-testing\test-results\part-02-validation-8-Perfo-c9bbd-0-Load-time-Admin-dashboard-chromium\trace.zip]]
]]>
</system-out>
</testcase>
<testcase name="8. Performance › 8.0 Load time: Admin users" classname="part-02-validation.spec.ts" time="1.608">
<system-out>
<![CDATA[
[[ATTACHMENT|..\..\..\shared-testing\test-results\part-02-validation-8-Performance-8-0-Load-time-Admin-users-chromium\test-finished-1.png]]

[[ATTACHMENT|..\..\..\shared-testing\test-results\part-02-validation-8-Performance-8-0-Load-time-Admin-users-chromium\video.webm]]

[[ATTACHMENT|..\..\..\shared-testing\test-results\part-02-validation-8-Performance-8-0-Load-time-Admin-users-chromium\trace.zip]]
]]>
</system-out>
</testcase>
<testcase name="8. Performance › 8.0 Load time: Admin analytics" classname="part-02-validation.spec.ts" time="1.618">
<system-out>
<![CDATA[
[[ATTACHMENT|..\..\..\shared-testing\test-results\part-02-validation-8-Perfo-07a96-0-Load-time-Admin-analytics-chromium\test-finished-1.png]]

[[ATTACHMENT|..\..\..\shared-testing\test-results\part-02-validation-8-Perfo-07a96-0-Load-time-Admin-analytics-chromium\video.webm]]

[[ATTACHMENT|..\..\..\shared-testing\test-results\part-02-validation-8-Perfo-07a96-0-Load-time-Admin-analytics-chromium\trace.zip]]
]]>
</system-out>
</testcase>
<testcase name="8. Performance › 8.6 Admin table rendering" classname="part-02-validation.spec.ts" time="1.771">
<system-out>
<![CDATA[
[[ATTACHMENT|..\..\..\shared-testing\test-results\part-02-validation-8-Performance-8-6-Admin-table-rendering-chromium\test-finished-1.png]]

[[ATTACHMENT|..\..\..\shared-testing\test-results\part-02-validation-8-Performance-8-6-Admin-table-rendering-chromium\video.webm]]

[[ATTACHMENT|..\..\..\shared-testing\test-results\part-02-validation-8-Performance-8-6-Admin-table-rendering-chromium\trace.zip]]
]]>
</system-out>
</testcase>
<testcase name="8. Performance › 8.7 Network requests on admin dashboard" classname="part-02-validation.spec.ts" time="1.7">
<system-out>
<![CDATA[
[[ATTACHMENT|..\..\..\shared-testing\test-results\part-02-validation-8-Perfo-7bf5f-requests-on-admin-dashboard-chromium\test-finished-1.png]]

[[ATTACHMENT|..\..\..\shared-testing\test-results\part-02-validation-8-Perfo-7bf5f-requests-on-admin-dashboard-chromium\video.webm]]

[[ATTACHMENT|..\..\..\shared-testing\test-results\part-02-validation-8-Perfo-7bf5f-requests-on-admin-dashboard-chromium\trace.zip]]
]]>
</system-out>
</testcase>
<testcase name="9. Responsive › 9.1 Training catalog at desktop" classname="part-02-validation.spec.ts" time="3.023">
<system-out>
<![CDATA[
[[ATTACHMENT|..\..\..\shared-testing\test-results\part-02-validation-9-Respo-d0d16-Training-catalog-at-desktop-chromium\test-finished-1.png]]

[[ATTACHMENT|..\..\..\shared-testing\test-results\part-02-validation-9-Respo-d0d16-Training-catalog-at-desktop-chromium\video.webm]]

[[ATTACHMENT|..\..\..\shared-testing\test-results\part-02-validation-9-Respo-d0d16-Training-catalog-at-desktop-chromium\trace.zip]]
]]>
</system-out>
</testcase>
<testcase name="9. Responsive › 9.4 Admin dashboard at desktop" classname="part-02-validation.spec.ts" time="1.759">
<system-out>
<![CDATA[
[[ATTACHMENT|..\..\..\shared-testing\test-results\part-02-validation-9-Respo-7ed0f--Admin-dashboard-at-desktop-chromium\test-finished-1.png]]

[[ATTACHMENT|..\..\..\shared-testing\test-results\part-02-validation-9-Respo-7ed0f--Admin-dashboard-at-desktop-chromium\video.webm]]

[[ATTACHMENT|..\..\..\shared-testing\test-results\part-02-validation-9-Respo-7ed0f--Admin-dashboard-at-desktop-chromium\trace.zip]]
]]>
</system-out>
</testcase>
<testcase name="9. Responsive › 9.2 Training catalog at tablet" classname="part-02-validation.spec.ts" time="2.41">
<system-out>
<![CDATA[
[[ATTACHMENT|..\..\..\shared-testing\test-results\part-02-validation-9-Respo-8726e--Training-catalog-at-tablet-chromium\test-finished-1.png]]

[[ATTACHMENT|..\..\..\shared-testing\test-results\part-02-validation-9-Respo-8726e--Training-catalog-at-tablet-chromium\video.webm]]

[[ATTACHMENT|..\..\..\shared-testing\test-results\part-02-validation-9-Respo-8726e--Training-catalog-at-tablet-chromium\trace.zip]]
]]>
</system-out>
</testcase>
<testcase name="9. Responsive › 9.5 Admin dashboard at tablet" classname="part-02-validation.spec.ts" time="1.429">
<system-out>
<![CDATA[
[[ATTACHMENT|..\..\..\shared-testing\test-results\part-02-validation-9-Respo-4587e-5-Admin-dashboard-at-tablet-chromium\test-finished-1.png]]

[[ATTACHMENT|..\..\..\shared-testing\test-results\part-02-validation-9-Respo-4587e-5-Admin-dashboard-at-tablet-chromium\video.webm]]

[[ATTACHMENT|..\..\..\shared-testing\test-results\part-02-validation-9-Respo-4587e-5-Admin-dashboard-at-tablet-chromium\trace.zip]]
]]>
[...]
<testcase name="X. Cross-Cutting: Console Error Audit › Console errors: /admin/training/trainers" classname="part-02-validation.spec.ts" time="1.968">
<system-out>
<![CDATA[
[[ATTACHMENT|..\..\..\shared-testing\test-results\part-02-validation-X-Cross-786a3-ors-admin-training-trainers-chromium\test-finished-1.png]]

[[ATTACHMENT|..\..\..\shared-testing\test-results\part-02-validation-X-Cross-786a3-ors-admin-training-trainers-chromium\video.webm]]

[[ATTACHMENT|..\..\..\shared-testing\test-results\part-02-validation-X-Cross-786a3-ors-admin-training-trainers-chromium\trace.zip]]
]]>
</system-out>
</testcase>
<testcase name="X. Cross-Cutting: Console Error Audit › Console errors: /admin/settings" classname="part-02-validation.spec.ts" time="1.526">
<system-out>
<![CDATA[
[[ATTACHMENT|..\..\..\shared-testing\test-results\part-02-validation-X-Cross-d980c-nsole-errors-admin-settings-chromium\test-finished-1.png]]

[[ATTACHMENT|..\..\..\shared-testing\test-results\part-02-validation-X-Cross-d980c-nsole-errors-admin-settings-chromium\video.webm]]

[[ATTACHMENT|..\..\..\shared-testing\test-results\part-02-validation-X-Cross-d980c-nsole-errors-admin-settings-chromium\trace.zip]]
]]>
</system-out>
</testcase>
<testcase name="X. Cross-Cutting: Console Error Audit › Console errors: /admin/profile" classname="part-02-validation.spec.ts" time="1.597">
<system-out>
<![CDATA[
[[ATTACHMENT|..\..\..\shared-testing\test-results\part-02-validation-X-Cross-67bca-onsole-errors-admin-profile-chromium\test-finished-1.png]]

[[ATTACHMENT|..\..\..\shared-testing\test-results\part-02-validation-X-Cross-67bca-onsole-errors-admin-profile-chromium\video.webm]]

[[ATTACHMENT|..\..\..\shared-testing\test-results\part-02-validation-X-Cross-67bca-onsole-errors-admin-profile-chromium\trace.zip]]
]]>
</system-out>
</testcase>
<testcase name="X. Cross-Cutting: Console Error Audit › Console errors: /admin/system" classname="part-02-validation.spec.ts" time="1.796">
<system-out>
<![CDATA[
[[ATTACHMENT|..\..\..\shared-testing\test-results\part-02-validation-X-Cross-4d2c0-Console-errors-admin-system-chromium\test-finished-1.png]]

[[ATTACHMENT|..\..\..\shared-testing\test-results\part-02-validation-X-Cross-4d2c0-Console-errors-admin-system-chromium\video.webm]]

[[ATTACHMENT|..\..\..\shared-testing\test-results\part-02-validation-X-Cross-4d2c0-Console-errors-admin-system-chromium\trace.zip]]
]]>
</system-out>
</testcase>
<testcase name="X. Cross-Cutting: Console Error Audit › Console errors: /admin/help" classname="part-02-validation.spec.ts" time="1.639">
<system-out>
<![CDATA[
[[ATTACHMENT|..\..\..\shared-testing\test-results\part-02-validation-X-Cross-682df-t-Console-errors-admin-help-chromium\test-finished-1.png]]

[[ATTACHMENT|..\..\..\shared-testing\test-results\part-02-validation-X-Cross-682df-t-Console-errors-admin-help-chromium\video.webm]]

[[ATTACHMENT|..\..\..\shared-testing\test-results\part-02-validation-X-Cross-682df-t-Console-errors-admin-help-chromium\trace.zip]]
]]>
</system-out>
</testcase>
<testcase name="X. Cross-Cutting: Console Error Audit › Console errors: /admin/analytics" classname="part-02-validation.spec.ts" time="1.45">
<system-out>
<![CDATA[
[[ATTACHMENT|..\..\..\shared-testing\test-results\part-02-validation-X-Cross-06d3f-sole-errors-admin-analytics-chromium\test-finished-1.png]]

[[ATTACHMENT|..\..\..\shared-testing\test-results\part-02-validation-X-Cross-06d3f-sole-errors-admin-analytics-chromium\video.webm]]

[[ATTACHMENT|..\..\..\shared-testing\test-results\part-02-validation-X-Cross-06d3f-sole-errors-admin-analytics-chromium\trace.zip]]
]]>
</system-out>
</testcase>
<testcase name="X. Cross-Cutting: Console Error Audit › Console errors: /admin/reports" classname="part-02-validation.spec.ts" time="1.55">
<system-out>
<![CDATA[
[[ATTACHMENT|..\..\..\shared-testing\test-results\part-02-validation-X-Cross-a5039-onsole-errors-admin-reports-chromium\test-finished-1.png]]

[[ATTACHMENT|..\..\..\shared-testing\test-results\part-02-validation-X-Cross-a5039-onsole-errors-admin-reports-chromium\video.webm]]

[[ATTACHMENT|..\..\..\shared-testing\test-results\part-02-validation-X-Cross-a5039-onsole-errors-admin-reports-chromium\trace.zip]]
]]>
</system-out>
</testcase>
<testcase name="X. Cross-Cutting: Console Error Audit › Console errors: /admin/finance" classname="part-02-validation.spec.ts" time="1.803">
<system-out>
<![CDATA[
[[ATTACHMENT|..\..\..\shared-testing\test-results\part-02-validation-X-Cross-1e4e8-onsole-errors-admin-finance-chromium\test-finished-1.png]]

[[ATTACHMENT|..\..\..\shared-testing\test-results\part-02-validation-X-Cross-1e4e8-onsole-errors-admin-finance-chromium\video.webm]]

[[ATTACHMENT|..\..\..\shared-testing\test-results\part-02-validation-X-Cross-1e4e8-onsole-errors-admin-finance-chromium\trace.zip]]
]]>
</system-out>
</testcase>
<testcase name="X. Cross-Cutting: Console Error Audit › Console errors: /admin/shipping" classname="part-02-validation.spec.ts" time="1.727">
<system-out>
<![CDATA[
[[ATTACHMENT|..\..\..\shared-testing\test-results\part-02-validation-X-Cross-09957-nsole-errors-admin-shipping-chromium\test-finished-1.png]]

[[ATTACHMENT|..\..\..\shared-testing\test-results\part-02-validation-X-Cross-09957-nsole-errors-admin-shipping-chromium\video.webm]]

[[ATTACHMENT|..\..\..\shared-testing\test-results\part-02-validation-X-Cross-09957-nsole-errors-admin-shipping-chromium\trace.zip]]
]]>
</system-out>
</testcase>
<testcase name="X. Cross-Cutting: Console Error Audit › Console errors: /admin/coupons" classname="part-02-validation.spec.ts" time="1.564">
<system-out>
<![CDATA[
[[ATTACHMENT|..\..\..\shared-testing\test-results\part-02-validation-X-Cross-2523a-onsole-errors-admin-coupons-chromium\test-finished-1.png]]

[[ATTACHMENT|..\..\..\shared-testing\test-results\part-02-validation-X-Cross-2523a-onsole-errors-admin-coupons-chromium\video.webm]]

[[ATTACHMENT|..\..\..\shared-testing\test-results\part-02-validation-X-Cross-2523a-onsole-errors-admin-coupons-chromium\trace.zip]]
]]>
</system-out>
</testcase>
<testcase name="X. Cross-Cutting: Console Error Audit › Console errors: /admin/discounts" classname="part-02-validation.spec.ts" time="1.37">
<system-out>
<![CDATA[
[[ATTACHMENT|..\..\..\shared-testing\test-results\part-02-validation-X-Cross-7a521-sole-errors-admin-discounts-chromium\test-finished-1.png]]

[[ATTACHMENT|..\..\..\shared-testing\test-results\part-02-validation-X-Cross-7a521-sole-errors-admin-discounts-chromium\video.webm]]

[[ATTACHMENT|..\..\..\shared-testing\test-results\part-02-validation-X-Cross-7a521-sole-errors-admin-discounts-chromium\trace.zip]]
]]>
</system-out>
</testcase>
<testcase name="X. Cross-Cutting: Console Error Audit › Console errors: /admin/promo" classname="part-02-validation.spec.ts" time="1.574">
<system-out>
<![CDATA[
[[ATTACHMENT|..\..\..\shared-testing\test-results\part-02-validation-X-Cross-12cd4--Console-errors-admin-promo-chromium\test-finished-1.png]]

[[ATTACHMENT|..\..\..\shared-testing\test-results\part-02-validation-X-Cross-12cd4--Console-errors-admin-promo-chromium\video.webm]]

[[ATTACHMENT|..\..\..\shared-testing\test-results\part-02-validation-X-Cross-12cd4--Console-errors-admin-promo-chromium\trace.zip]]
]]>
</system-out>
</testcase>
<testcase name="X. Cross-Cutting: Console Error Audit › Console errors: /admin/pricing" classname="part-02-validation.spec.ts" time="1.773">
<system-out>
<![CDATA[
[[ATTACHMENT|..\..\..\shared-testing\test-results\part-02-validation-X-Cross-9bf45-onsole-errors-admin-pricing-chromium\test-finished-1.png]]

[[ATTACHMENT|..\..\..\shared-testing\test-results\part-02-validation-X-Cross-9bf45-onsole-errors-admin-pricing-chromium\video.webm]]

[[ATTACHMENT|..\..\..\shared-testing\test-results\part-02-validation-X-Cross-9bf45-onsole-errors-admin-pricing-chromium\trace.zip]]
]]>
</system-out>
</testcase>
<testcase name="X. Cross-Cutting: Console Error Audit › Console errors: /admin/inventory" classname="part-02-validation.spec.ts" time="1.772">
<system-out>
<![CDATA[
[[ATTACHMENT|..\..\..\shared-testing\test-results\part-02-validation-X-Cross-fd2ca-sole-errors-admin-inventory-chromium\test-finished-1.png]]

[[ATTACHMENT|..\..\..\shared-testing\test-results\part-02-validation-X-Cross-fd2ca-sole-errors-admin-inventory-chromium\video.webm]]

[[ATTACHMENT|..\..\..\shared-testing\test-results\part-02-validation-X-Cross-fd2ca-sole-errors-admin-inventory-chromium\trace.zip]]
]]>
</system-out>
</testcase>
<testcase name="X. Cross-Cutting: Console Error Audit › Console errors: /admin/warehouse" classname="part-02-validation.spec.ts" time="2.136">
<system-out>
<![CDATA[
[[ATTACHMENT|..\..\..\shared-testing\test-results\part-02-validation-X-Cross-929a4-sole-errors-admin-warehouse-chromium\test-finished-1.png]]

[[ATTACHMENT|..\..\..\shared-testing\test-results\part-02-validation-X-Cross-929a4-sole-errors-admin-warehouse-chromium\video.webm]]

[[ATTACHMENT|..\..\..\shared-testing\test-results\part-02-validation-X-Cross-929a4-sole-errors-admin-warehouse-chromium\trace.zip]]
]]>
</system-out>
</testcase>
<testcase name="X. Cross-Cutting: Console Error Audit › Console errors: /admin/stock" classname="part-02-validation.spec.ts" time="1.737">
<system-out>
<![CDATA[
[[ATTACHMENT|..\..\..\shared-testing\test-results\part-02-validation-X-Cross-fdac1--Console-errors-admin-stock-chromium\test-finished-1.png]]

[[ATTACHMENT|..\..\..\shared-testing\test-results\part-02-validation-X-Cross-fdac1--Console-errors-admin-stock-chromium\video.webm]]

[[ATTACHMENT|..\..\..\shared-testing\test-results\part-02-validation-X-Cross-fdac1--Console-errors-admin-stock-chromium\trace.zip]]
]]>
</system-out>
</testcase>
<testcase name="X. Cross-Cutting: Console Error Audit › Console errors: /admin/batch" classname="part-02-validation.spec.ts" time="1.484">
<system-out>
<![CDATA[
[[ATTACHMENT|..\..\..\shared-testing\test-results\part-02-validation-X-Cross-ba272--Console-errors-admin-batch-chromium\test-finished-1.png]]

[[ATTACHMENT|..\..\..\shared-testing\test-results\part-02-validation-X-Cross-ba272--Console-errors-admin-batch-chromium\video.webm]]

[[ATTACHMENT|..\..\..\shared-testing\test-results\part-02-validation-X-Cross-ba272--Console-errors-admin-batch-chromium\trace.zip]]
]]>
</system-out>
</testcase>
<testcase name="X. Cross-Cutting: Console Error Audit › Console errors: /admin/movements" classname="part-02-validation.spec.ts" time="1.748">
<system-out>
<![CDATA[
[[ATTACHMENT|..\..\..\shared-testing\test-results\part-02-validation-X-Cross-6707d-sole-errors-admin-movements-chromium\test-finished-1.png]]

[[ATTACHMENT|..\..\..\shared-testing\test-results\part-02-validation-X-Cross-6707d-sole-errors-admin-movements-chromium\video.webm]]

[[ATTACHMENT|..\..\..\shared-testing\test-results\part-02-validation-X-Cross-6707d-sole-errors-admin-movements-chromium\trace.zip]]
]]>
</system-out>
</testcase>
<testcase name="X. Cross-Cutting: Console Error Audit › Console errors: /admin/customers" classname="part-02-validation.spec.ts" time="1.653">
<system-out>
<![CDATA[
[[ATTACHMENT|..\..\..\shared-testing\test-results\part-02-validation-X-Cross-206ae-sole-errors-admin-customers-chromium\test-finished-1.png]]

[[ATTACHMENT|..\..\..\shared-testing\test-results\part-02-validation-X-Cross-206ae-sole-errors-admin-customers-chromium\video.webm]]

[[ATTACHMENT|..\..\..\shared-testing\test-results\part-02-validation-X-Cross-206ae-sole-errors-admin-customers-chromium\trace.zip]]
]]>
</system-out>
</testcase>
<testcase name="X. Cross-Cutting: Console Error Audit › Console errors: /admin/roles" classname="part-02-validation.spec.ts" time="1.487">
<system-out>
<![CDATA[
[[ATTACHMENT|..\..\..\shared-testing\test-results\part-02-validation-X-Cross-6227a--Console-errors-admin-roles-chromium\test-finished-1.png]]

[[ATTACHMENT|..\..\..\shared-testing\test-results\part-02-validation-X-Cross-6227a--Console-errors-admin-roles-chromium\video.webm]]

[[ATTACHMENT|..\..\..\shared-testing\test-results\part-02-validation-X-Cross-6227a--Console-errors-admin-roles-chromium\trace.zip]]
]]>
</system-out>
</testcase>
<testcase name="X. Cross-Cutting: Console Error Audit › Console errors: /dashboard" classname="part-02-validation.spec.ts" time="1.601">
<system-out>
<![CDATA[
[[ATTACHMENT|..\..\..\shared-testing\test-results\part-02-validation-X-Cross-a6f78-it-Console-errors-dashboard-chromium\test-finished-1.png]]

[[ATTACHMENT|..\..\..\shared-testing\test-results\part-02-validation-X-Cross-a6f78-it-Console-errors-dashboard-chromium\video.webm]]

[[ATTACHMENT|..\..\..\shared-testing\test-results\part-02-validation-X-Cross-a6f78-it-Console-errors-dashboard-chromium\trace.zip]]
]]>
</system-out>
</testcase>
<testcase name="X. Cross-Cutting: Console Error Audit › Console errors: /dashboard/products" classname="part-02-validation.spec.ts" time="1.602">
<system-out>
<![CDATA[
[[ATTACHMENT|..\..\..\shared-testing\test-results\part-02-validation-X-Cross-fd1b8-e-errors-dashboard-products-chromium\test-finished-1.png]]

[[ATTACHMENT|..\..\..\shared-testing\test-results\part-02-validation-X-Cross-fd1b8-e-errors-dashboard-products-chromium\video.webm]]

[[ATTACHMENT|..\..\..\shared-testing\test-results\part-02-validation-X-Cross-fd1b8-e-errors-dashboard-products-chromium\trace.zip]]
]]>
</system-out>
</testcase>
<testcase name="X. Cross-Cutting: Console Error Audit › Console errors: /dashboard/orders" classname="part-02-validation.spec.ts" time="1.628">
<system-out>
<![CDATA[
[[ATTACHMENT|..\..\..\shared-testing\test-results\part-02-validation-X-Cross-5e9ae-ole-errors-dashboard-orders-chromium\test-finished-1.png]]

[[ATTACHMENT|..\..\..\shared-testing\test-results\part-02-validation-X-Cross-5e9ae-ole-errors-dashboard-orders-chromium\video.webm]]

[[ATTACHMENT|..\..\..\shared-testing\test-results\part-02-validation-X-Cross-5e9ae-ole-errors-dashboard-orders-chromium\trace.zip]]
]]>
</system-out>
</testcase>
<testcase name="X. Cross-Cutting: Console Error Audit › Console errors: /dashboard/notifications" classname="part-02-validation.spec.ts" time="1.707">
<system-out>
<![CDATA[
[[ATTACHMENT|..\..\..\shared-testing\test-results\part-02-validation-X-Cross-e0423-ors-dashboard-notifications-chromium\test-finished-1.png]]

[[ATTACHMENT|..\..\..\shared-testing\test-results\part-02-validation-X-Cross-e0423-ors-dashboard-notifications-chromium\video.webm]]

[[ATTACHMENT|..\..\..\shared-testing\test-results\part-02-validation-X-Cross-e0423-ors-dashboard-notifications-chromium\trace.zip]]
]]>
</system-out>
</testcase>
<testcase name="X. Cross-Cutting: Console Error Audit › Console errors: /access-denied" classname="part-02-validation.spec.ts" time="1.55">
<system-out>
<![CDATA[
[[ATTACHMENT|..\..\..\shared-testing\test-results\part-02-validation-X-Cross-58392-onsole-errors-access-denied-chromium\test-finished-1.png]]

[[ATTACHMENT|..\..\..\shared-testing\test-results\part-02-validation-X-Cross-58392-onsole-errors-access-denied-chromium\video.webm]]

[[ATTACHMENT|..\..\..\shared-testing\test-results\part-02-validation-X-Cross-58392-onsole-errors-access-denied-chromium\trace.zip]]
]]>
</system-out>
</testcase>
<testcase name="X. Cross-Cutting: Console Error Audit › Console errors: /session-expired" classname="part-02-validation.spec.ts" time="1.559">
<system-out>
<![CDATA[
[[ATTACHMENT|..\..\..\shared-testing\test-results\part-02-validation-X-Cross-25d78-sole-errors-session-expired-chromium\test-finished-1.png]]

[[ATTACHMENT|..\..\..\shared-testing\test-results\part-02-validation-X-Cross-25d78-sole-errors-session-expired-chromium\video.webm]]

[[ATTACHMENT|..\..\..\shared-testing\test-results\part-02-validation-X-Cross-25d78-sole-errors-session-expired-chromium\trace.zip]]
]]>
</system-out>
</testcase>
<testcase name="X. Cross-Cutting: Console Error Audit › Console errors: /auth/loading" classname="part-02-validation.spec.ts" time="1.874">
<system-out>
<![CDATA[
[[ATTACHMENT|..\..\..\shared-testing\test-results\part-02-validation-X-Cross-e67d1-Console-errors-auth-loading-chromium\test-finished-1.png]]

[[ATTACHMENT|..\..\..\shared-testing\test-results\part-02-validation-X-Cross-e67d1-Console-errors-auth-loading-chromium\video.webm]]

[[ATTACHMENT|..\..\..\shared-testing\test-results\part-02-validation-X-Cross-e67d1-Console-errors-auth-loading-chromium\trace.zip]]
]]>
</system-out>
</testcase>
<testcase name="X. Cross-Cutting: Console Error Audit › Console errors: /auth-error" classname="part-02-validation.spec.ts" time="1.895">
<system-out>
<![CDATA[
[[ATTACHMENT|..\..\..\shared-testing\test-results\part-02-validation-X-Cross-a6753-t-Console-errors-auth-error-chromium\test-finished-1.png]]

[[ATTACHMENT|..\..\..\shared-testing\test-results\part-02-validation-X-Cross-a6753-t-Console-errors-auth-error-chromium\video.webm]]

[[ATTACHMENT|..\..\..\shared-testing\test-results\part-02-validation-X-Cross-a6753-t-Console-errors-auth-error-chromium\trace.zip]]
]]>
</system-out>
</testcase>
<testcase name="X. Cross-Cutting: Console Error Audit › Console errors: /admin/nonexistent-route" classname="part-02-validation.spec.ts" time="1.482">
<system-out>
<![CDATA[
[[ATTACHMENT|..\..\..\shared-testing\test-results\part-02-validation-X-Cross-286a6-ors-admin-nonexistent-route-chromium\test-finished-1.png]]

[[ATTACHMENT|..\..\..\shared-testing\test-results\part-02-validation-X-Cross-286a6-ors-admin-nonexistent-route-chromium\video.webm]]

[[ATTACHMENT|..\..\..\shared-testing\test-results\part-02-validation-X-Cross-286a6-ors-admin-nonexistent-route-chromium\trace.zip]]
]]>
</system-out>
</testcase>
<testcase name="X. Cross-Cutting: Console Error Audit › Console errors: /training/this-path-does-not-exist" classname="part-02-validation.spec.ts" time="1.603">
<system-out>
<![CDATA[
[[ATTACHMENT|..\..\..\shared-testing\test-results\part-02-validation-X-Cross-7df33-ng-this-path-does-not-exist-chromium\test-finished-1.png]]

[[ATTACHMENT|..\..\..\shared-testing\test-results\part-02-validation-X-Cross-7df33-ng-this-path-does-not-exist-chromium\video.webm]]

[[ATTACHMENT|..\..\..\shared-testing\test-results\part-02-validation-X-Cross-7df33-ng-this-path-does-not-exist-chromium\trace.zip]]
]]>
</system-out>
</testcase>
<testcase name="X. Cross-Cutting: Console Error Audit › Console errors: /api/training/courses" classname="part-02-validation.spec.ts" time="1.364">
<system-out>
<![CDATA[
[[ATTACHMENT|..\..\..\shared-testing\test-results\part-02-validation-X-Cross-f2648-errors-api-training-courses-chromium\test-finished-1.png]]

[[ATTACHMENT|..\..\..\shared-testing\test-results\part-02-validation-X-Cross-f2648-errors-api-training-courses-chromium\video.webm]]

[[ATTACHMENT|..\..\..\shared-testing\test-results\part-02-validation-X-Cross-f2648-errors-api-training-courses-chromium\trace.zip]]
]]>
</system-out>
</testcase>
<testcase name="X. Cross-Cutting: Console Error Audit › Console errors: /api/enrollment" classname="part-02-validation.spec.ts" time="1.386">
<system-out>
<![CDATA[
[[ATTACHMENT|..\..\..\shared-testing\test-results\part-02-validation-X-Cross-a9886-nsole-errors-api-enrollment-chromium\test-finished-1.png]]

[[ATTACHMENT|..\..\..\shared-testing\test-results\part-02-validation-X-Cross-a9886-nsole-errors-api-enrollment-chromium\video.webm]]

[[ATTACHMENT|..\..\..\shared-testing\test-results\part-02-validation-X-Cross-a9886-nsole-errors-api-enrollment-chromium\trace.zip]]
]]>
</system-out>
</testcase>
<testcase name="X. Cross-Cutting: Console Error Audit › Console errors: /api/admin/dashboard" classname="part-02-validation.spec.ts" time="1.417">
<system-out>
<![CDATA[
[[ATTACHMENT|..\..\..\shared-testing\test-results\part-02-validation-X-Cross-be68a--errors-api-admin-dashboard-chromium\test-finished-1.png]]

[[ATTACHMENT|..\..\..\shared-testing\test-results\part-02-validation-X-Cross-be68a--errors-api-admin-dashboard-chromium\video.webm]]

[[ATTACHMENT|..\..\..\shared-testing\test-results\part-02-validation-X-Cross-be68a--errors-api-admin-dashboard-chromium\trace.zip]]
]]>
</system-out>
</testcase>
</testsuite>
</testsuites>