<testsuites id="" name="" tests="88" failures="0" skipped="0" errors="1" time="102.104879">
<testsuite name="part-01-validation.spec.ts" timestamp="2026-07-18T05:07:20.666Z" hostname="chromium" tests="88" failures="0" skipped="0" time="95.61" errors="1">
<testcase name="1. Dashboard › 1.1 Dashboard loads" classname="part-01-validation.spec.ts" time="1.197">
<system-out>
<![CDATA[
[[ATTACHMENT|..\..\..\shared-testing\test-results\part-01-validation-1-Dashboard-1-1-Dashboard-loads-chromium\test-finished-1.png]]

[[ATTACHMENT|..\..\..\shared-testing\test-results\part-01-validation-1-Dashboard-1-1-Dashboard-loads-chromium\video.webm]]

[[ATTACHMENT|..\..\..\shared-testing\test-results\part-01-validation-1-Dashboard-1-1-Dashboard-loads-chromium\trace.zip]]
]]>
</system-out>
</testcase>
<testcase name="1. Dashboard › 1.2 Greeting displays user metadata" classname="part-01-validation.spec.ts" time="0.964">
<system-out>
<![CDATA[
[[ATTACHMENT|..\..\..\shared-testing\test-results\part-01-validation-1-Dashb-71bcd-ting-displays-user-metadata-chromium\test-finished-1.png]]

[[ATTACHMENT|..\..\..\shared-testing\test-results\part-01-validation-1-Dashb-71bcd-ting-displays-user-metadata-chromium\video.webm]]

[[ATTACHMENT|..\..\..\shared-testing\test-results\part-01-validation-1-Dashb-71bcd-ting-displays-user-metadata-chromium\trace.zip]]
]]>
</system-out>
</testcase>
<testcase name="1. Dashboard › 1.3 Quick actions rendered" classname="part-01-validation.spec.ts" time="1.019">
<system-out>
<![CDATA[
[[ATTACHMENT|..\..\..\shared-testing\test-results\part-01-validation-1-Dashboard-1-3-Quick-actions-rendered-chromium\test-finished-1.png]]

[[ATTACHMENT|..\..\..\shared-testing\test-results\part-01-validation-1-Dashboard-1-3-Quick-actions-rendered-chromium\video.webm]]

[[ATTACHMENT|..\..\..\shared-testing\test-results\part-01-validation-1-Dashboard-1-3-Quick-actions-rendered-chromium\trace.zip]]
]]>
</system-out>
</testcase>
<testcase name="1. Dashboard › 1.4 Dashboard cards visible" classname="part-01-validation.spec.ts" time="0.951">
<system-out>
<![CDATA[
[[ATTACHMENT|..\..\..\shared-testing\test-results\part-01-validation-1-Dashboard-1-4-Dashboard-cards-visible-chromium\test-finished-1.png]]

[[ATTACHMENT|..\..\..\shared-testing\test-results\part-01-validation-1-Dashboard-1-4-Dashboard-cards-visible-chromium\video.webm]]

[[ATTACHMENT|..\..\..\shared-testing\test-results\part-01-validation-1-Dashboard-1-4-Dashboard-cards-visible-chromium\trace.zip]]
]]>
</system-out>
</testcase>
<testcase name="1. Dashboard › 1.5 Dashboard widgets rendered" classname="part-01-validation.spec.ts" time="1.063">
<system-out>
<![CDATA[
[[ATTACHMENT|..\..\..\shared-testing\test-results\part-01-validation-1-Dashb-b22ff--Dashboard-widgets-rendered-chromium\test-finished-1.png]]

[[ATTACHMENT|..\..\..\shared-testing\test-results\part-01-validation-1-Dashb-b22ff--Dashboard-widgets-rendered-chromium\video.webm]]

[[ATTACHMENT|..\..\..\shared-testing\test-results\part-01-validation-1-Dashb-b22ff--Dashboard-widgets-rendered-chromium\trace.zip]]
]]>
</system-out>
</testcase>
<testcase name="1. Dashboard › 1.6 Dashboard empty state" classname="part-01-validation.spec.ts" time="1.119">
<system-out>
<![CDATA[
[[ATTACHMENT|..\..\..\shared-testing\test-results\part-01-validation-1-Dashboard-1-6-Dashboard-empty-state-chromium\test-finished-1.png]]

[[ATTACHMENT|..\..\..\shared-testing\test-results\part-01-validation-1-Dashboard-1-6-Dashboard-empty-state-chromium\video.webm]]

[[ATTACHMENT|..\..\..\shared-testing\test-results\part-01-validation-1-Dashboard-1-6-Dashboard-empty-state-chromium\trace.zip]]
]]>
</system-out>
</testcase>
<testcase name="1. Dashboard › 1.7 Dashboard loading state" classname="part-01-validation.spec.ts" time="0.624">
<system-out>
<![CDATA[
[[ATTACHMENT|..\..\..\shared-testing\test-results\part-01-validation-1-Dashboard-1-7-Dashboard-loading-state-chromium\test-finished-1.png]]

[[ATTACHMENT|..\..\..\shared-testing\test-results\part-01-validation-1-Dashboard-1-7-Dashboard-loading-state-chromium\video.webm]]

[[ATTACHMENT|..\..\..\shared-testing\test-results\part-01-validation-1-Dashboard-1-7-Dashboard-loading-state-chromium\trace.zip]]
]]>
</system-out>
</testcase>
<testcase name="1. Dashboard › 1.8 Dashboard refresh persists state" classname="part-01-validation.spec.ts" time="1.588">
<system-out>
<![CDATA[
[[ATTACHMENT|..\..\..\shared-testing\test-results\part-01-validation-1-Dashb-246a7-oard-refresh-persists-state-chromium\test-finished-1.png]]

[[ATTACHMENT|..\..\..\shared-testing\test-results\part-01-validation-1-Dashb-246a7-oard-refresh-persists-state-chromium\video.webm]]

[[ATTACHMENT|..\..\..\shared-testing\test-results\part-01-validation-1-Dashb-246a7-oard-refresh-persists-state-chromium\trace.zip]]
]]>
</system-out>
</testcase>
<testcase name="1. Dashboard › 1.9 Unauthorized access to dashboard" classname="part-01-validation.spec.ts" time="0.875">
<system-out>
<![CDATA[
[[ATTACHMENT|..\..\..\shared-testing\test-results\part-01-validation-1-Dashb-c2b1c-horized-access-to-dashboard-chromium\test-finished-1.png]]

[[ATTACHMENT|..\..\..\shared-testing\test-results\part-01-validation-1-Dashb-c2b1c-horized-access-to-dashboard-chromium\video.webm]]

[[ATTACHMENT|..\..\..\shared-testing\test-results\part-01-validation-1-Dashb-c2b1c-horized-access-to-dashboard-chromium\trace.zip]]
]]>
</system-out>
</testcase>
<testcase name="1. Dashboard › 1.10 Console errors on dashboard" classname="part-01-validation.spec.ts" time="0.98">
<system-out>
<![CDATA[
[[ATTACHMENT|..\..\..\shared-testing\test-results\part-01-validation-1-Dashb-98c9c-Console-errors-on-dashboard-chromium\test-finished-1.png]]

[[ATTACHMENT|..\..\..\shared-testing\test-results\part-01-validation-1-Dashb-98c9c-Console-errors-on-dashboard-chromium\video.webm]]

[[ATTACHMENT|..\..\..\shared-testing\test-results\part-01-validation-1-Dashb-98c9c-Console-errors-on-dashboard-chromium\trace.zip]]
]]>
</system-out>
</testcase>
<testcase name="2. Profile › 2.1 Profile loads with name" classname="part-01-validation.spec.ts" time="0.903">
<system-out>
<![CDATA[
[[ATTACHMENT|..\..\..\shared-testing\test-results\part-01-validation-2-Profile-2-1-Profile-loads-with-name-chromium\test-finished-1.png]]

[[ATTACHMENT|..\..\..\shared-testing\test-results\part-01-validation-2-Profile-2-1-Profile-loads-with-name-chromium\video.webm]]

[[ATTACHMENT|..\..\..\shared-testing\test-results\part-01-validation-2-Profile-2-1-Profile-loads-with-name-chromium\trace.zip]]
]]>
</system-out>
</testcase>
<testcase name="2. Profile › 2.2 Email displayed" classname="part-01-validation.spec.ts" time="0.911">
<system-out>
<![CDATA[
[[ATTACHMENT|..\..\..\shared-testing\test-results\part-01-validation-2-Profile-2-2-Email-displayed-chromium\test-finished-1.png]]

[[ATTACHMENT|..\..\..\shared-testing\test-results\part-01-validation-2-Profile-2-2-Email-displayed-chromium\video.webm]]

[[ATTACHMENT|..\..\..\shared-testing\test-results\part-01-validation-2-Profile-2-2-Email-displayed-chromium\trace.zip]]
]]>
</system-out>
</testcase>
<testcase name="2. Profile › 2.3 Phone displayed" classname="part-01-validation.spec.ts" time="0.927">
<system-out>
<![CDATA[
[[ATTACHMENT|..\..\..\shared-testing\test-results\part-01-validation-2-Profile-2-3-Phone-displayed-chromium\test-finished-1.png]]

[[ATTACHMENT|..\..\..\shared-testing\test-results\part-01-validation-2-Profile-2-3-Phone-displayed-chromium\video.webm]]

[[ATTACHMENT|..\..\..\shared-testing\test-results\part-01-validation-2-Profile-2-3-Phone-displayed-chromium\trace.zip]]
]]>
</system-out>
</testcase>
<testcase name="2. Profile › 2.4 Avatar rendered" classname="part-01-validation.spec.ts" time="0.985">
<system-out>
<![CDATA[
[[ATTACHMENT|..\..\..\shared-testing\test-results\part-01-validation-2-Profile-2-4-Avatar-rendered-chromium\test-finished-1.png]]

[[ATTACHMENT|..\..\..\shared-testing\test-results\part-01-validation-2-Profile-2-4-Avatar-rendered-chromium\video.webm]]

[[ATTACHMENT|..\..\..\shared-testing\test-results\part-01-validation-2-Profile-2-4-Avatar-rendered-chromium\trace.zip]]
]]>
</system-out>
</testcase>
<testcase name="2. Profile › 2.5 Edit profile page loads" classname="part-01-validation.spec.ts" time="0.99">
<system-out>
<![CDATA[
[[ATTACHMENT|..\..\..\shared-testing\test-results\part-01-validation-2-Profile-2-5-Edit-profile-page-loads-chromium\test-finished-1.png]]

[[ATTACHMENT|..\..\..\shared-testing\test-results\part-01-validation-2-Profile-2-5-Edit-profile-page-loads-chromium\video.webm]]

[[ATTACHMENT|..\..\..\shared-testing\test-results\part-01-validation-2-Profile-2-5-Edit-profile-page-loads-chromium\trace.zip]]
]]>
</system-out>
</testcase>
<testcase name="2. Profile › 2.6 Edit profile validation" classname="part-01-validation.spec.ts" time="0.926">
<system-out>
<![CDATA[
[[ATTACHMENT|..\..\..\shared-testing\test-results\part-01-validation-2-Profile-2-6-Edit-profile-validation-chromium\test-finished-1.png]]

[[ATTACHMENT|..\..\..\shared-testing\test-results\part-01-validation-2-Profile-2-6-Edit-profile-validation-chromium\video.webm]]

[[ATTACHMENT|..\..\..\shared-testing\test-results\part-01-validation-2-Profile-2-6-Edit-profile-validation-chromium\trace.zip]]
]]>
</system-out>
</testcase>
<testcase name="2. Profile › 2.7 Edit profile cancel returns to profile" classname="part-01-validation.spec.ts" time="2.079">
<system-out>
<![CDATA[
[[ATTACHMENT|..\..\..\shared-testing\test-results\part-01-validation-2-Profi-b7aff-e-cancel-returns-to-profile-chromium\test-finished-1.png]]

[[ATTACHMENT|..\..\..\shared-testing\test-results\part-01-validation-2-Profi-b7aff-e-cancel-returns-to-profile-chromium\video.webm]]

[[ATTACHMENT|..\..\..\shared-testing\test-results\part-01-validation-2-Profi-b7aff-e-cancel-returns-to-profile-chromium\trace.zip]]
]]>
</system-out>
</testcase>
<testcase name="2. Profile › 2.8 Edit profile save persists on refresh" classname="part-01-validation.spec.ts" time="1.459">
<system-out>
<![CDATA[
[[ATTACHMENT|..\..\..\shared-testing\test-results\part-01-validation-2-Profi-d34e1-le-save-persists-on-refresh-chromium\test-finished-1.png]]

[[ATTACHMENT|..\..\..\shared-testing\test-results\part-01-validation-2-Profi-d34e1-le-save-persists-on-refresh-chromium\video.webm]]

[[ATTACHMENT|..\..\..\shared-testing\test-results\part-01-validation-2-Profi-d34e1-le-save-persists-on-refresh-chromium\trace.zip]]
]]>
</system-out>
</testcase>
<testcase name="2. Profile › 2.9 Security settings page loads" classname="part-01-validation.spec.ts" time="0.911">
<system-out>
<![CDATA[
[[ATTACHMENT|..\..\..\shared-testing\test-results\part-01-validation-2-Profi-3da5c-ecurity-settings-page-loads-chromium\test-finished-1.png]]

[[ATTACHMENT|..\..\..\shared-testing\test-results\part-01-validation-2-Profi-3da5c-ecurity-settings-page-loads-chromium\video.webm]]

[[ATTACHMENT|..\..\..\shared-testing\test-results\part-01-validation-2-Profi-3da5c-ecurity-settings-page-loads-chromium\trace.zip]]
]]>
</system-out>
</testcase>
<testcase name="2. Profile › 2.10 Preferences page loads" classname="part-01-validation.spec.ts" time="0.983">
<system-out>
<![CDATA[
[[ATTACHMENT|..\..\..\shared-testing\test-results\part-01-validation-2-Profile-2-10-Preferences-page-loads-chromium\test-finished-1.png]]

[[ATTACHMENT|..\..\..\shared-testing\test-results\part-01-validation-2-Profile-2-10-Preferences-page-loads-chromium\video.webm]]

[[ATTACHMENT|..\..\..\shared-testing\test-results\part-01-validation-2-Profile-2-10-Preferences-page-loads-chromium\trace.zip]]
]]>
</system-out>
</testcase>
<testcase name="2. Profile › 2.11 Privacy settings page loads" classname="part-01-validation.spec.ts" time="0.961">
<system-out>
<![CDATA[
[[ATTACHMENT|..\..\..\shared-testing\test-results\part-01-validation-2-Profi-cadd7-Privacy-settings-page-loads-chromium\test-finished-1.png]]

[[ATTACHMENT|..\..\..\shared-testing\test-results\part-01-validation-2-Profi-cadd7-Privacy-settings-page-loads-chromium\video.webm]]

[[ATTACHMENT|..\..\..\shared-testing\test-results\part-01-validation-2-Profi-cadd7-Privacy-settings-page-loads-chromium\trace.zip]]
]]>
</system-out>
</testcase>
<testcase name="3. Address Book › 3.1 Address list loads" classname="part-01-validation.spec.ts" time="1.009">
<system-out>
<![CDATA[
[[ATTACHMENT|..\..\..\shared-testing\test-results\part-01-validation-3-Address-Book-3-1-Address-list-loads-chromium\test-finished-1.png]]

[[ATTACHMENT|..\..\..\shared-testing\test-results\part-01-validation-3-Address-Book-3-1-Address-list-loads-chromium\video.webm]]

[[ATTACHMENT|..\..\..\shared-testing\test-results\part-01-validation-3-Address-Book-3-1-Address-list-loads-chromium\trace.zip]]
]]>
</system-out>
</testcase>
<testcase name="3. Address Book › 3.2 Add address page loads" classname="part-01-validation.spec.ts" time="0.902">
<system-out>
<![CDATA[
[[ATTACHMENT|..\..\..\shared-testing\test-results\part-01-validation-3-Address-Book-3-2-Add-address-page-loads-chromium\test-finished-1.png]]

[[ATTACHMENT|..\..\..\shared-testing\test-results\part-01-validation-3-Address-Book-3-2-Add-address-page-loads-chromium\video.webm]]

[[ATTACHMENT|..\..\..\shared-testing\test-results\part-01-validation-3-Address-Book-3-2-Add-address-page-loads-chromium\trace.zip]]
]]>
</system-out>
</testcase>
<testcase name="3. Address Book › 3.3 Empty address list state" classname="part-01-validation.spec.ts" time="0.968">
<system-out>
<![CDATA[
[[ATTACHMENT|..\..\..\shared-testing\test-results\part-01-validation-3-Addre-1ffe0--3-Empty-address-list-state-chromium\test-finished-1.png]]

[[ATTACHMENT|..\..\..\shared-testing\test-results\part-01-validation-3-Addre-1ffe0--3-Empty-address-list-state-chromium\video.webm]]

[[ATTACHMENT|..\..\..\shared-testing\test-results\part-01-validation-3-Addre-1ffe0--3-Empty-address-list-state-chromium\trace.zip]]
]]>
</system-out>
</testcase>
<testcase name="3. Address Book › 3.4 Address form validation" classname="part-01-validation.spec.ts" time="0.887">
<system-out>
<![CDATA[
[[ATTACHMENT|..\..\..\shared-testing\test-results\part-01-validation-3-Addre-23af3-3-4-Address-form-validation-chromium\test-finished-1.png]]

[[ATTACHMENT|..\..\..\shared-testing\test-results\part-01-validation-3-Addre-23af3-3-4-Address-form-validation-chromium\video.webm]]

[[ATTACHMENT|..\..\..\shared-testing\test-results\part-01-validation-3-Addre-23af3-3-4-Address-form-validation-chromium\trace.zip]]
]]>
</system-out>
</testcase>
<testcase name="3. Address Book › 3.5 Mobile layout for addresses" classname="part-01-validation.spec.ts" time="1.013">
<system-out>
<![CDATA[
[[ATTACHMENT|..\..\..\shared-testing\test-results\part-01-validation-3-Addre-eec3f-Mobile-layout-for-addresses-chromium\test-finished-1.png]]

[[ATTACHMENT|..\..\..\shared-testing\test-results\part-01-validation-3-Addre-eec3f-Mobile-layout-for-addresses-chromium\video.webm]]

[[ATTACHMENT|..\..\..\shared-testing\test-results\part-01-validation-3-Addre-eec3f-Mobile-layout-for-addresses-chromium\trace.zip]]
]]>
</system-out>
</testcase>
<testcase name="4. Order History › 4.1 Orders page loads" classname="part-01-validation.spec.ts" time="0.959">
<system-out>
<![CDATA[
[[ATTACHMENT|..\..\..\shared-testing\test-results\part-01-validation-4-Order-History-4-1-Orders-page-loads-chromium\test-finished-1.png]]

[[ATTACHMENT|..\..\..\shared-testing\test-results\part-01-validation-4-Order-History-4-1-Orders-page-loads-chromium\video.webm]]

[[ATTACHMENT|..\..\..\shared-testing\test-results\part-01-validation-4-Order-History-4-1-Orders-page-loads-chromium\trace.zip]]
]]>
</system-out>
</testcase>
<testcase name="4. Order History › 4.2 Empty order history" classname="part-01-validation.spec.ts" time="0.876">
<system-out>
<![CDATA[
[[ATTACHMENT|..\..\..\shared-testing\test-results\part-01-validation-4-Order-History-4-2-Empty-order-history-chromium\test-finished-1.png]]

[[ATTACHMENT|..\..\..\shared-testing\test-results\part-01-validation-4-Order-History-4-2-Empty-order-history-chromium\video.webm]]

[[ATTACHMENT|..\..\..\shared-testing\test-results\part-01-validation-4-Order-History-4-2-Empty-order-history-chromium\trace.zip]]
]]>
</system-out>
</testcase>
<testcase name="4. Order History › 4.3 Order detail page loads" classname="part-01-validation.spec.ts" time="0.912">
<system-out>
<![CDATA[
[[ATTACHMENT|..\..\..\shared-testing\test-results\part-01-validation-4-Order-d3fed-4-3-Order-detail-page-loads-chromium\test-finished-1.png]]

[[ATTACHMENT|..\..\..\shared-testing\test-results\part-01-validation-4-Order-d3fed-4-3-Order-detail-page-loads-chromium\video.webm]]

[[ATTACHMENT|..\..\..\shared-testing\test-results\part-01-validation-4-Order-d3fed-4-3-Order-detail-page-loads-chromium\trace.zip]]
]]>
</system-out>
</testcase>
<testcase name="4. Order History › 4.4 Order tracking page loads" classname="part-01-validation.spec.ts" time="0.907">
<system-out>
<![CDATA[
[[ATTACHMENT|..\..\..\shared-testing\test-results\part-01-validation-4-Order-a8b6b-4-Order-tracking-page-loads-chromium\test-finished-1.png]]

[[ATTACHMENT|..\..\..\shared-testing\test-results\part-01-validation-4-Order-a8b6b-4-Order-tracking-page-loads-chromium\video.webm]]

[[ATTACHMENT|..\..\..\shared-testing\test-results\part-01-validation-4-Order-a8b6b-4-Order-tracking-page-loads-chromium\trace.zip]]
]]>
</system-out>
</testcase>
<testcase name="4. Order History › 4.5 Order refund page loads" classname="part-01-validation.spec.ts" time="0.934">
<system-out>
<![CDATA[
[[ATTACHMENT|..\..\..\shared-testing\test-results\part-01-validation-4-Order-19a06-4-5-Order-refund-page-loads-chromium\test-finished-1.png]]

[[ATTACHMENT|..\..\..\shared-testing\test-results\part-01-validation-4-Order-19a06-4-5-Order-refund-page-loads-chromium\video.webm]]

[[ATTACHMENT|..\..\..\shared-testing\test-results\part-01-validation-4-Order-19a06-4-5-Order-refund-page-loads-chromium\trace.zip]]
]]>
</system-out>
</testcase>
<testcase name="4. Order History › 4.6 Deep link with invalid order ID" classname="part-01-validation.spec.ts" time="0.914">
<system-out>
<![CDATA[
[[ATTACHMENT|..\..\..\shared-testing\test-results\part-01-validation-4-Order-18b59--link-with-invalid-order-ID-chromium\test-finished-1.png]]

[[ATTACHMENT|..\..\..\shared-testing\test-results\part-01-validation-4-Order-18b59--link-with-invalid-order-ID-chromium\video.webm]]

[[ATTACHMENT|..\..\..\shared-testing\test-results\part-01-validation-4-Order-18b59--link-with-invalid-order-ID-chromium\trace.zip]]
]]>
</system-out>
</testcase>
<testcase name="4. Order History › 4.7 Order status badges rendered" classname="part-01-validation.spec.ts" time="0.988">
<system-out>
<![CDATA[
[[ATTACHMENT|..\..\..\shared-testing\test-results\part-01-validation-4-Order-93bdf-rder-status-badges-rendered-chromium\test-finished-1.png]]

[[ATTACHMENT|..\..\..\shared-testing\test-results\part-01-validation-4-Order-93bdf-rder-status-badges-rendered-chromium\video.webm]]

[[ATTACHMENT|..\..\..\shared-testing\test-results\part-01-validation-4-Order-93bdf-rder-status-badges-rendered-chromium\trace.zip]]
]]>
</system-out>
</testcase>
<testcase name="4. Order History › 4.8 Filter controls on orders page" classname="part-01-validation.spec.ts" time="0.91">
<system-out>
<![CDATA[
[[ATTACHMENT|..\..\..\shared-testing\test-results\part-01-validation-4-Order-7d427-ter-controls-on-orders-page-chromium\test-finished-1.png]]

[[ATTACHMENT|..\..\..\shared-testing\test-results\part-01-validation-4-Order-7d427-ter-controls-on-orders-page-chromium\video.webm]]

[[ATTACHMENT|..\..\..\shared-testing\test-results\part-01-validation-4-Order-7d427-ter-controls-on-orders-page-chromium\trace.zip]]
]]>
</system-out>
</testcase>
<testcase name="5. Notifications › 5.1 Notifications page loads" classname="part-01-validation.spec.ts" time="0.976">
<system-out>
<![CDATA[
[[ATTACHMENT|..\..\..\shared-testing\test-results\part-01-validation-5-Notif-a4e1a--1-Notifications-page-loads-chromium\test-finished-1.png]]

[[ATTACHMENT|..\..\..\shared-testing\test-results\part-01-validation-5-Notif-a4e1a--1-Notifications-page-loads-chromium\video.webm]]

[[ATTACHMENT|..\..\..\shared-testing\test-results\part-01-validation-5-Notif-a4e1a--1-Notifications-page-loads-chromium\trace.zip]]
]]>
</system-out>
</testcase>
<testcase name="5. Notifications › 5.2 Empty notifications state" classname="part-01-validation.spec.ts" time="0.924">
<system-out>
<![CDATA[
[[ATTACHMENT|..\..\..\shared-testing\test-results\part-01-validation-5-Notif-ae380-2-Empty-notifications-state-chromium\test-finished-1.png]]

[[ATTACHMENT|..\..\..\shared-testing\test-results\part-01-validation-5-Notif-ae380-2-Empty-notifications-state-chromium\video.webm]]

[[ATTACHMENT|..\..\..\shared-testing\test-results\part-01-validation-5-Notif-ae380-2-Empty-notifications-state-chromium\trace.zip]]
]]>
</system-out>
</testcase>
<testcase name="5. Notifications › 5.3 Notification list renders" classname="part-01-validation.spec.ts" time="0.929">
<system-out>
<![CDATA[
[[ATTACHMENT|..\..\..\shared-testing\test-results\part-01-validation-5-Notif-2dc4b-3-Notification-list-renders-chromium\test-finished-1.png]]

[[ATTACHMENT|..\..\..\shared-testing\test-results\part-01-validation-5-Notif-2dc4b-3-Notification-list-renders-chromium\video.webm]]

[[ATTACHMENT|..\..\..\shared-testing\test-results\part-01-validation-5-Notif-2dc4b-3-Notification-list-renders-chromium\trace.zip]]
]]>
</system-out>
</testcase>
<testcase name="5. Notifications › 5.4 Notification bell in header" classname="part-01-validation.spec.ts" time="2.017">
<system-out>
<![CDATA[
[[ATTACHMENT|..\..\..\shared-testing\test-results\part-01-validation-5-Notif-8c6f9-Notification-bell-in-header-chromium\test-finished-1.png]]

[[ATTACHMENT|..\..\..\shared-testing\test-results\part-01-validation-5-Notif-8c6f9-Notification-bell-in-header-chromium\video.webm]]

[[ATTACHMENT|..\..\..\shared-testing\test-results\part-01-validation-5-Notif-8c6f9-Notification-bell-in-header-chromium\trace.zip]]
]]>
</system-out>
</testcase>
<testcase name="6. Session › 6.1 Login page renders" classname="part-01-validation.spec.ts" time="0.924">
<system-out>
<![CDATA[
[[ATTACHMENT|..\..\..\shared-testing\test-results\part-01-validation-6-Session-6-1-Login-page-renders-chromium\test-finished-1.png]]

[[ATTACHMENT|..\..\..\shared-testing\test-results\part-01-validation-6-Session-6-1-Login-page-renders-chromium\video.webm]]

[[ATTACHMENT|..\..\..\shared-testing\test-results\part-01-validation-6-Session-6-1-Login-page-renders-chromium\trace.zip]]
]]>
</system-out>
</testcase>
<testcase name="6. Session › 6.2 Session expired page renders" classname="part-01-validation.spec.ts" time="1.04">
<system-out>
<![CDATA[
[[ATTACHMENT|..\..\..\shared-testing\test-results\part-01-validation-6-Sessi-9abf5-ession-expired-page-renders-chromium\test-finished-1.png]]

[[ATTACHMENT|..\..\..\shared-testing\test-results\part-01-validation-6-Sessi-9abf5-ession-expired-page-renders-chromium\video.webm]]

[[ATTACHMENT|..\..\..\shared-testing\test-results\part-01-validation-6-Sessi-9abf5-ession-expired-page-renders-chromium\trace.zip]]
]]>
</system-out>
</testcase>
<testcase name="6. Session › 6.3 Access denied page renders" classname="part-01-validation.spec.ts" time="0.951">
<system-out>
<![CDATA[
[[ATTACHMENT|..\..\..\shared-testing\test-results\part-01-validation-6-Session-6-3-Access-denied-page-renders-chromium\test-finished-1.png]]

[[ATTACHMENT|..\..\..\shared-testing\test-results\part-01-validation-6-Session-6-3-Access-denied-page-renders-chromium\video.webm]]

[[ATTACHMENT|..\..\..\shared-testing\test-results\part-01-validation-6-Session-6-3-Access-denied-page-renders-chromium\trace.zip]]
]]>
</system-out>
</testcase>
<testcase name="6. Session › 6.4 Auth loading page renders" classname="part-01-validation.spec.ts" time="1.495">
<system-out>
<![CDATA[
[[ATTACHMENT|..\..\..\shared-testing\test-results\part-01-validation-6-Session-6-4-Auth-loading-page-renders-chromium\test-finished-1.png]]

[[ATTACHMENT|..\..\..\shared-testing\test-results\part-01-validation-6-Session-6-4-Auth-loading-page-renders-chromium\video.webm]]

[[ATTACHMENT|..\..\..\shared-testing\test-results\part-01-validation-6-Session-6-4-Auth-loading-page-renders-chromium\trace.zip]]
]]>
</system-out>
</testcase>
<testcase name="6. Session › 6.5 Logout page renders" classname="part-01-validation.spec.ts" time="0.91">
<system-out>
<![CDATA[
[[ATTACHMENT|..\..\..\shared-testing\test-results\part-01-validation-6-Session-6-5-Logout-page-renders-chromium\test-finished-1.png]]

[[ATTACHMENT|..\..\..\shared-testing\test-results\part-01-validation-6-Session-6-5-Logout-page-renders-chromium\video.webm]]

[[ATTACHMENT|..\..\..\shared-testing\test-results\part-01-validation-6-Session-6-5-Logout-page-renders-chromium\trace.zip]]
]]>
</system-out>
</testcase>
<testcase name="6. Session › 6.6 Back button after auth redirect" classname="part-01-validation.spec.ts" time="3.093">
<system-out>
<![CDATA[
[[ATTACHMENT|..\..\..\shared-testing\test-results\part-01-validation-6-Sessi-787c4--button-after-auth-redirect-chromium\test-finished-1.png]]

[[ATTACHMENT|..\..\..\shared-testing\test-results\part-01-validation-6-Sessi-787c4--button-after-auth-redirect-chromium\video.webm]]

[[ATTACHMENT|..\..\..\shared-testing\test-results\part-01-validation-6-Sessi-787c4--button-after-auth-redirect-chromium\trace.zip]]
]]>
</system-out>
</testcase>
<testcase name="6. Session › 6.7 Browser restart maintains session page" classname="part-01-validation.spec.ts" time="1.775">
<system-out>
<![CDATA[
[[ATTACHMENT|..\..\..\shared-testing\test-results\part-01-validation-6-Sessi-2b119-tart-maintains-session-page-chromium\test-finished-1.png]]

[[ATTACHMENT|..\..\..\shared-testing\test-results\part-01-validation-6-Sessi-2b119-tart-maintains-session-page-chromium\video.webm]]

[[ATTACHMENT|..\..\..\shared-testing\test-results\part-01-validation-6-Sessi-2b119-tart-maintains-session-page-chromium\video-1.webm]]

[[ATTACHMENT|..\..\..\shared-testing\test-results\part-01-validation-6-Sessi-2b119-tart-maintains-session-page-chromium\trace.zip]]
]]>
</system-out>
</testcase>
<testcase name="7. Security › 7.1 Protected route redirects guest" classname="part-01-validation.spec.ts" time="0.912">
<system-out>
<![CDATA[
[[ATTACHMENT|..\..\..\shared-testing\test-results\part-01-validation-7-Secur-6b9e5-ected-route-redirects-guest-chromium\test-finished-1.png]]

[[ATTACHMENT|..\..\..\shared-testing\test-results\part-01-validation-7-Secur-6b9e5-ected-route-redirects-guest-chromium\video.webm]]

[[ATTACHMENT|..\..\..\shared-testing\test-results\part-01-validation-7-Secur-6b9e5-ected-route-redirects-guest-chromium\trace.zip]]
]]>
</system-out>
</testcase>
<testcase name="7. Security › 7.2 Admin accessible without auth" classname="part-01-validation.spec.ts" time="0.915">
<system-out>
<![CDATA[
[[ATTACHMENT|..\..\..\shared-testing\test-results\part-01-validation-7-Secur-b37f6-min-accessible-without-auth-chromium\test-finished-1.png]]

[[ATTACHMENT|..\..\..\shared-testing\test-results\part-01-validation-7-Secur-b37f6-min-accessible-without-auth-chromium\video.webm]]

[[ATTACHMENT|..\..\..\shared-testing\test-results\part-01-validation-7-Secur-b37f6-min-accessible-without-auth-chromium\trace.zip]]
]]>
</system-out>
</testcase>
<testcase name="7. Security › 7.3 No sensitive data in page source" classname="part-01-validation.spec.ts" time="0.942">
<system-out>
<![CDATA[
[[ATTACHMENT|..\..\..\shared-testing\test-results\part-01-validation-7-Secur-4d6cf-nsitive-data-in-page-source-chromium\test-finished-1.png]]

[[ATTACHMENT|..\..\..\shared-testing\test-results\part-01-validation-7-Secur-4d6cf-nsitive-data-in-page-source-chromium\video.webm]]

[[ATTACHMENT|..\..\..\shared-testing\test-results\part-01-validation-7-Secur-4d6cf-nsitive-data-in-page-source-chromium\trace.zip]]
]]>
</system-out>
</testcase>
<testcase name="7. Security › 7.4 No auth secrets in localStorage" classname="part-01-validation.spec.ts" time="1.036">
<system-out>
<![CDATA[
[[ATTACHMENT|..\..\..\shared-testing\test-results\part-01-validation-7-Secur-0b888-uth-secrets-in-localStorage-chromium\test-finished-1.png]]

[[ATTACHMENT|..\..\..\shared-testing\test-results\part-01-validation-7-Secur-0b888-uth-secrets-in-localStorage-chromium\video.webm]]

[[ATTACHMENT|..\..\..\shared-testing\test-results\part-01-validation-7-Secur-0b888-uth-secrets-in-localStorage-chromium\trace.zip]]
]]>
</system-out>
</testcase>
<testcase name="7. Security › 7.5 No sensitive data in sessionStorage" classname="part-01-validation.spec.ts" time="0.897">
<system-out>
<![CDATA[
[[ATTACHMENT|..\..\..\shared-testing\test-results\part-01-validation-7-Secur-8a33f-tive-data-in-sessionStorage-chromium\test-finished-1.png]]

[[ATTACHMENT|..\..\..\shared-testing\test-results\part-01-validation-7-Secur-8a33f-tive-data-in-sessionStorage-chromium\video.webm]]

[[ATTACHMENT|..\..\..\shared-testing\test-results\part-01-validation-7-Secur-8a33f-tive-data-in-sessionStorage-chromium\trace.zip]]
]]>
</system-out>
</testcase>
<testcase name="7. Security › 7.6 Browser history does not expose tokens" classname="part-01-validation.spec.ts" time="0.926">
<system-out>
<![CDATA[
[[ATTACHMENT|..\..\..\shared-testing\test-results\part-01-validation-7-Secur-c8fcb-tory-does-not-expose-tokens-chromium\test-finished-1.png]]

[[ATTACHMENT|..\..\..\shared-testing\test-results\part-01-validation-7-Secur-c8fcb-tory-does-not-expose-tokens-chromium\video.webm]]

[[ATTACHMENT|..\..\..\shared-testing\test-results\part-01-validation-7-Secur-c8fcb-tory-does-not-expose-tokens-chromium\trace.zip]]
]]>
</system-out>
</testcase>
<testcase name="8. Responsive › 8.1 Desktop layout — dashboard (1920x1080)" classname="part-01-validation.spec.ts" time="0.929">
<system-out>
<![CDATA[
[[ATTACHMENT|..\..\..\shared-testing\test-results\part-01-validation-8-Respo-75baa-yout-—-dashboard-1920x1080--chromium\test-finished-1.png]]

[[ATTACHMENT|..\..\..\shared-testing\test-results\part-01-validation-8-Respo-75baa-yout-—-dashboard-1920x1080--chromium\video.webm]]

[[ATTACHMENT|..\..\..\shared-testing\test-results\part-01-validation-8-Respo-75baa-yout-—-dashboard-1920x1080--chromium\trace.zip]]
]]>
</system-out>
</testcase>
<testcase name="8. Responsive › 8.2 Desktop layout — orders (1920x1080)" classname="part-01-validation.spec.ts" time="0.926">
<system-out>
<![CDATA[
[[ATTACHMENT|..\..\..\shared-testing\test-results\part-01-validation-8-Respo-7b865--layout-—-orders-1920x1080--chromium\test-finished-1.png]]

[[ATTACHMENT|..\..\..\shared-testing\test-results\part-01-validation-8-Respo-7b865--layout-—-orders-1920x1080--chromium\video.webm]]

[[ATTACHMENT|..\..\..\shared-testing\test-results\part-01-validation-8-Respo-7b865--layout-—-orders-1920x1080--chromium\trace.zip]]
]]>
</system-out>
</testcase>
<testcase name="8. Responsive › 8.3 Tablet layout — dashboard (768x1024)" classname="part-01-validation.spec.ts" time="0.943">
<system-out>
<![CDATA[
[[ATTACHMENT|..\..\..\shared-testing\test-results\part-01-validation-8-Respo-1727a-ayout-—-dashboard-768x1024--chromium\test-finished-1.png]]

[[ATTACHMENT|..\..\..\shared-testing\test-results\part-01-validation-8-Respo-1727a-ayout-—-dashboard-768x1024--chromium\video.webm]]

[[ATTACHMENT|..\..\..\shared-testing\test-results\part-01-validation-8-Respo-1727a-ayout-—-dashboard-768x1024--chromium\trace.zip]]
]]>
</system-out>
</testcase>
<testcase name="8. Responsive › 8.4 Tablet layout — profile (768x1024)" classname="part-01-validation.spec.ts" time="0.994">
<system-out>
<![CDATA[
[[ATTACHMENT|..\..\..\shared-testing\test-results\part-01-validation-8-Respo-4d5a0--layout-—-profile-768x1024--chromium\test-finished-1.png]]

[[ATTACHMENT|..\..\..\shared-testing\test-results\part-01-validation-8-Respo-4d5a0--layout-—-profile-768x1024--chromium\video.webm]]

[[ATTACHMENT|..\..\..\shared-testing\test-results\part-01-validation-8-Respo-4d5a0--layout-—-profile-768x1024--chromium\trace.zip]]
]]>
</system-out>
</testcase>
<testcase name="8. Responsive › 8.5 Mobile layout — dashboard (375x812)" classname="part-01-validation.spec.ts" time="0.89">
<system-out>
<![CDATA[
[[ATTACHMENT|..\..\..\shared-testing\test-results\part-01-validation-8-Respo-1c0a3-layout-—-dashboard-375x812--chromium\test-finished-1.png]]

[[ATTACHMENT|..\..\..\shared-testing\test-results\part-01-validation-8-Respo-1c0a3-layout-—-dashboard-375x812--chromium\video.webm]]

[[ATTACHMENT|..\..\..\shared-testing\test-results\part-01-validation-8-Respo-1c0a3-layout-—-dashboard-375x812--chromium\trace.zip]]
]]>
</system-out>
</testcase>
<testcase name="8. Responsive › 8.6 Mobile layout — addresses (375x812)" classname="part-01-validation.spec.ts" time="0.972">
<system-out>
<![CDATA[
[[ATTACHMENT|..\..\..\shared-testing\test-results\part-01-validation-8-Respo-cd002-layout-—-addresses-375x812--chromium\test-finished-1.png]]

[[ATTACHMENT|..\..\..\shared-testing\test-results\part-01-validation-8-Respo-cd002-layout-—-addresses-375x812--chromium\video.webm]]

[[ATTACHMENT|..\..\..\shared-testing\test-results\part-01-validation-8-Respo-cd002-layout-—-addresses-375x812--chromium\trace.zip]]
]]>
</system-out>
</testcase>
<testcase name="8. Responsive › 8.7 Mobile layout — orders (375x812)" classname="part-01-validation.spec.ts" time="0.918">
<system-out>
<![CDATA[
[[ATTACHMENT|..\..\..\shared-testing\test-results\part-01-validation-8-Respo-48499-le-layout-—-orders-375x812--chromium\test-finished-1.png]]

[[ATTACHMENT|..\..\..\shared-testing\test-results\part-01-validation-8-Respo-48499-le-layout-—-orders-375x812--chromium\video.webm]]

[[ATTACHMENT|..\..\..\shared-testing\test-results\part-01-validation-8-Respo-48499-le-layout-—-orders-375x812--chromium\trace.zip]]
]]>
</system-out>
</testcase>
<testcase name="8. Responsive › 8.8 No horizontal scroll at any viewport" classname="part-01-validation.spec.ts" time="0.243">
<system-out>
<![CDATA[
[[ATTACHMENT|..\..\..\shared-testing\test-results\part-01-validation-8-Respo-1fd78-ntal-scroll-at-any-viewport-chromium\test-failed-1.png]]

[[ATTACHMENT|..\..\..\shared-testing\test-results\part-01-validation-8-Respo-1fd78-ntal-scroll-at-any-viewport-chromium\video.webm]]

[[ATTACHMENT|..\..\..\shared-testing\test-results\part-01-validation-8-Respo-1fd78-ntal-scroll-at-any-viewport-chromium\error-context.md]]

[[ATTACHMENT|..\..\..\shared-testing\test-results\part-01-validation-8-Respo-1fd78-ntal-scroll-at-any-viewport-chromium\trace.zip]]
]]>
</system-out>
<error message="page.setViewportSize: viewportSize.width: expected integer, got undefined" type="Error">
<![CDATA[  [chromium] › part-01-validation.spec.ts:469:7 › 8. Responsive › 8.8 No horizontal scroll at any viewport 

    Error: page.setViewportSize: viewportSize.width: expected integer, got undefined

      470 |     const viewports = [{ w: 1920, h: 1080 }, { w: 768, h: 1024 }, { w: 375, h: 812 }];
      471 |     for (const vp of viewports) {
    > 472 |       await page.setViewportSize(vp);
          |                  ^
      473 |       await goto(page, '/dashboard');
      474 |       const scrollW = await page.evaluate(() => document.documentElement.scrollWidth);
      475 |       const vpW = await page.evaluate(() => window.innerWidth);
        at F:\The Pravara\clients\sporekart\sporekart\QA_REPORTS\Sprint-03\Part-01-Customer-Account\part-01-validation.spec.ts:472:18

    attachment #1: screenshot (image/png) ──────────────────────────────────────────────────────────
    ..\..\..\shared-testing\test-results\part-01-validation-8-Respo-1fd78-ntal-scroll-at-any-viewport-chromium\test-failed-1.png
    ────────────────────────────────────────────────────────────────────────────────────────────────

    attachment #2: video (video/webm) ──────────────────────────────────────────────────────────────
    ..\..\..\shared-testing\test-results\part-01-validation-8-Respo-1fd78-ntal-scroll-at-any-viewport-chromium\video.webm
    ────────────────────────────────────────────────────────────────────────────────────────────────

    Error Context: ..\..\..\shared-testing\test-results\part-01-validation-8-Respo-1fd78-ntal-scroll-at-any-viewport-chromium\error-context.md

    attachment #4: trace (application/zip) ─────────────────────────────────────────────────────────
    ..\..\..\shared-testing\test-results\part-01-validation-8-Respo-1fd78-ntal-scroll-at-any-viewport-chromium\trace.zip
    Usage:

        npx playwright show-trace ..\..\..\shared-testing\test-results\part-01-validation-8-Respo-1fd78-ntal-scroll-at-any-viewport-chromium\trace.zip

    ────────────────────────────────────────────────────────────────────────────────────────────────
]]>
</error>
</testcase>
<testcase name="9. Accessibility › 9.1 Skip to content link present" classname="part-01-validation.spec.ts" time="1.988">
<system-out>
<![CDATA[
[[ATTACHMENT|..\..\..\shared-testing\test-results\part-01-validation-9-Acces-4f064-kip-to-content-link-present-chromium\test-finished-1.png]]

[[ATTACHMENT|..\..\..\shared-testing\test-results\part-01-validation-9-Acces-4f064-kip-to-content-link-present-chromium\video.webm]]

[[ATTACHMENT|..\..\..\shared-testing\test-results\part-01-validation-9-Acces-4f064-kip-to-content-link-present-chromium\trace.zip]]
]]>
</system-out>
</testcase>
<testcase name="9. Accessibility › 9.2 Skip link is first focusable element" classname="part-01-validation.spec.ts" time="1.976">
<system-out>
<![CDATA[
[[ATTACHMENT|..\..\..\shared-testing\test-results\part-01-validation-9-Acces-98be1--is-first-focusable-element-chromium\test-finished-1.png]]

[[ATTACHMENT|..\..\..\shared-testing\test-results\part-01-validation-9-Acces-98be1--is-first-focusable-element-chromium\video.webm]]

[[ATTACHMENT|..\..\..\shared-testing\test-results\part-01-validation-9-Acces-98be1--is-first-focusable-element-chromium\trace.zip]]
]]>
</system-out>
</testcase>
<testcase name="9. Accessibility › 9.3 Semantic headings on homepage" classname="part-01-validation.spec.ts" time="1.941">
<system-out>
<![CDATA[
[[ATTACHMENT|..\..\..\shared-testing\test-results\part-01-validation-9-Acces-2df0b-mantic-headings-on-homepage-chromium\test-finished-1.png]]

[[ATTACHMENT|..\..\..\shared-testing\test-results\part-01-validation-9-Acces-2df0b-mantic-headings-on-homepage-chromium\video.webm]]

[[ATTACHMENT|..\..\..\shared-testing\test-results\part-01-validation-9-Acces-2df0b-mantic-headings-on-homepage-chromium\trace.zip]]
]]>
</system-out>
</testcase>
<testcase name="9. Accessibility › 9.4 Images have alt text" classname="part-01-validation.spec.ts" time="1.919">
<system-out>
<![CDATA[
[[ATTACHMENT|..\..\..\shared-testing\test-results\part-01-validation-9-Accessibility-9-4-Images-have-alt-text-chromium\test-finished-1.png]]

[[ATTACHMENT|..\..\..\shared-testing\test-results\part-01-validation-9-Accessibility-9-4-Images-have-alt-text-chromium\video.webm]]

[[ATTACHMENT|..\..\..\shared-testing\test-results\part-01-validation-9-Accessibility-9-4-Images-have-alt-text-chromium\trace.zip]]
]]>
</system-out>
</testcase>
<testcase name="9. Accessibility › 9.5 ARIA landmarks present" classname="part-01-validation.spec.ts" time="2.113">
<system-out>
<![CDATA[
[[ATTACHMENT|..\..\..\shared-testing\test-results\part-01-validation-9-Acces-729f6--9-5-ARIA-landmarks-present-chromium\test-finished-1.png]]

[[ATTACHMENT|..\..\..\shared-testing\test-results\part-01-validation-9-Acces-729f6--9-5-ARIA-landmarks-present-chromium\video.webm]]

[[ATTACHMENT|..\..\..\shared-testing\test-results\part-01-validation-9-Acces-729f6--9-5-ARIA-landmarks-present-chromium\trace.zip]]
]]>
</system-out>
</testcase>
<testcase name="9. Accessibility › 9.6 Keyboard navigation on login page" classname="part-01-validation.spec.ts" time="1.254">
<system-out>
<![CDATA[
[[ATTACHMENT|..\..\..\shared-testing\test-results\part-01-validation-9-Acces-57be7-rd-navigation-on-login-page-chromium\test-finished-1.png]]

[[ATTACHMENT|..\..\..\shared-testing\test-results\part-01-validation-9-Acces-57be7-rd-navigation-on-login-page-chromium\video.webm]]

[[ATTACHMENT|..\..\..\shared-testing\test-results\part-01-validation-9-Acces-57be7-rd-navigation-on-login-page-chromium\trace.zip]]
]]>
</system-out>
</testcase>
<testcase name="9. Accessibility › 9.7 Form inputs have labels" classname="part-01-validation.spec.ts" time="0.916">
<system-out>
<![CDATA[
[[ATTACHMENT|..\..\..\shared-testing\test-results\part-01-validation-9-Acces-ca384-9-7-Form-inputs-have-labels-chromium\test-finished-1.png]]

[[ATTACHMENT|..\..\..\shared-testing\test-results\part-01-validation-9-Acces-ca384-9-7-Form-inputs-have-labels-chromium\video.webm]]

[[ATTACHMENT|..\..\..\shared-testing\test-results\part-01-validation-9-Acces-ca384-9-7-Form-inputs-have-labels-chromium\trace.zip]]
]]>
</system-out>
</testcase>
<testcase name="10. Performance › 10.1 Dashboard load time &lt; 15s" classname="part-01-validation.spec.ts" time="1.038">
<system-out>
<![CDATA[
[[ATTACHMENT|..\..\..\shared-testing\test-results\part-01-validation-10-Perf-2a0b5-0-1-Dashboard-load-time-15s-chromium\test-finished-1.png]]

[[ATTACHMENT|..\..\..\shared-testing\test-results\part-01-validation-10-Perf-2a0b5-0-1-Dashboard-load-time-15s-chromium\video.webm]]

[[ATTACHMENT|..\..\..\shared-testing\test-results\part-01-validation-10-Perf-2a0b5-0-1-Dashboard-load-time-15s-chromium\trace.zip]]
]]>
</system-out>
</testcase>
<testcase name="10. Performance › 10.2 Profile load time &lt; 15s" classname="part-01-validation.spec.ts" time="0.946">
<system-out>
<![CDATA[
[[ATTACHMENT|..\..\..\shared-testing\test-results\part-01-validation-10-Performance-10-2-Profile-load-time-15s-chromium\test-finished-1.png]]

[[ATTACHMENT|..\..\..\shared-testing\test-results\part-01-validation-10-Performance-10-2-Profile-load-time-15s-chromium\video.webm]]

[[ATTACHMENT|..\..\..\shared-testing\test-results\part-01-validation-10-Performance-10-2-Profile-load-time-15s-chromium\trace.zip]]
]]>
</system-out>
</testcase>
<testcase name="10. Performance › 10.3 Addresses load time &lt; 15s" classname="part-01-validation.spec.ts" time="1.036">
<system-out>
<![CDATA[
[[ATTACHMENT|..\..\..\shared-testing\test-results\part-01-validation-10-Perf-10cde-0-3-Addresses-load-time-15s-chromium\test-finished-1.png]]

[[ATTACHMENT|..\..\..\shared-testing\test-results\part-01-validation-10-Perf-10cde-0-3-Addresses-load-time-15s-chromium\video.webm]]

[[ATTACHMENT|..\..\..\shared-testing\test-results\part-01-validation-10-Perf-10cde-0-3-Addresses-load-time-15s-chromium\trace.zip]]
]]>
</system-out>
</testcase>
<testcase name="10. Performance › 10.4 Orders load time &lt; 15s" classname="part-01-validation.spec.ts" time="0.974">
<system-out>
<![CDATA[
[[ATTACHMENT|..\..\..\shared-testing\test-results\part-01-validation-10-Performance-10-4-Orders-load-time-15s-chromium\test-finished-1.png]]

[[ATTACHMENT|..\..\..\shared-testing\test-results\part-01-validation-10-Performance-10-4-Orders-load-time-15s-chromium\video.webm]]

[[ATTACHMENT|..\..\..\shared-testing\test-results\part-01-validation-10-Performance-10-4-Orders-load-time-15s-chromium\trace.zip]]
]]>
</system-out>
</testcase>
<testcase name="10. Performance › 10.5 Notifications load time &lt; 15s" classname="part-01-validation.spec.ts" time="1.086">
<system-out>
<![CDATA[
[[ATTACHMENT|..\..\..\shared-testing\test-results\part-01-validation-10-Perf-e63f5-Notifications-load-time-15s-chromium\test-finished-1.png]]

[[ATTACHMENT|..\..\..\shared-testing\test-results\part-01-validation-10-Perf-e63f5-Notifications-load-time-15s-chromium\video.webm]]

[[ATTACHMENT|..\..\..\shared-testing\test-results\part-01-validation-10-Perf-e63f5-Notifications-load-time-15s-chromium\trace.zip]]
]]>
</system-out>
</testcase>
<testcase name="10. Performance › 10.6 Network request count on dashboard" classname="part-01-validation.spec.ts" time="0.99">
<system-out>
<![CDATA[
[[ATTACHMENT|..\..\..\shared-testing\test-results\part-01-validation-10-Perf-e91e8--request-count-on-dashboard-chromium\test-finished-1.png]]

[[ATTACHMENT|..\..\..\shared-testing\test-results\part-01-validation-10-Perf-e91e8--request-count-on-dashboard-chromium\video.webm]]

[[ATTACHMENT|..\..\..\shared-testing\test-results\part-01-validation-10-Perf-e91e8--request-count-on-dashboard-chromium\trace.zip]]
]]>
</system-out>
</testcase>
<testcase name="X. Cross-Cutting: Console Error Audit › Console errors on /dashboard" classname="part-01-validation.spec.ts" time="0.928">
<system-out>
<![CDATA[
[[ATTACHMENT|..\..\..\shared-testing\test-results\part-01-validation-X-Cross-92488-Console-errors-on-dashboard-chromium\test-finished-1.png]]

[[ATTACHMENT|..\..\..\shared-testing\test-results\part-01-validation-X-Cross-92488-Console-errors-on-dashboard-chromium\video.webm]]

[[ATTACHMENT|..\..\..\shared-testing\test-results\part-01-validation-X-Cross-92488-Console-errors-on-dashboard-chromium\trace.zip]]
]]>
</system-out>
</testcase>
<testcase name="X. Cross-Cutting: Console Error Audit › Console errors on /dashboard/profile" classname="part-01-validation.spec.ts" time="0.882">
<system-out>
<![CDATA[
[[ATTACHMENT|..\..\..\shared-testing\test-results\part-01-validation-X-Cross-f8843-errors-on-dashboard-profile-chromium\test-finished-1.png]]

[[ATTACHMENT|..\..\..\shared-testing\test-results\part-01-validation-X-Cross-f8843-errors-on-dashboard-profile-chromium\video.webm]]

[[ATTACHMENT|..\..\..\shared-testing\test-results\part-01-validation-X-Cross-f8843-errors-on-dashboard-profile-chromium\trace.zip]]
]]>
</system-out>
</testcase>
<testcase name="X. Cross-Cutting: Console Error Audit › Console errors on /dashboard/profile/edit" classname="part-01-validation.spec.ts" time="1.116">
<system-out>
<![CDATA[
[[ATTACHMENT|..\..\..\shared-testing\test-results\part-01-validation-X-Cross-ed35e-s-on-dashboard-profile-edit-chromium\test-finished-1.png]]

[[ATTACHMENT|..\..\..\shared-testing\test-results\part-01-validation-X-Cross-ed35e-s-on-dashboard-profile-edit-chromium\video.webm]]

[[ATTACHMENT|..\..\..\shared-testing\test-results\part-01-validation-X-Cross-ed35e-s-on-dashboard-profile-edit-chromium\trace.zip]]
]]>
</system-out>
</testcase>
<testcase name="X. Cross-Cutting: Console Error Audit › Console errors on /dashboard/addresses" classname="part-01-validation.spec.ts" time="0.886">
<system-out>
<![CDATA[
[[ATTACHMENT|..\..\..\shared-testing\test-results\part-01-validation-X-Cross-fbe27-rors-on-dashboard-addresses-chromium\test-finished-1.png]]

[[ATTACHMENT|..\..\..\shared-testing\test-results\part-01-validation-X-Cross-fbe27-rors-on-dashboard-addresses-chromium\video.webm]]

[[ATTACHMENT|..\..\..\shared-testing\test-results\part-01-validation-X-Cross-fbe27-rors-on-dashboard-addresses-chromium\trace.zip]]
]]>
</system-out>
</testcase>
<testcase name="X. Cross-Cutting: Console Error Audit › Console errors on /dashboard/orders" classname="part-01-validation.spec.ts" time="1.046">
<system-out>
<![CDATA[
[[ATTACHMENT|..\..\..\shared-testing\test-results\part-01-validation-X-Cross-1fee3--errors-on-dashboard-orders-chromium\test-finished-1.png]]

[[ATTACHMENT|..\..\..\shared-testing\test-results\part-01-validation-X-Cross-1fee3--errors-on-dashboard-orders-chromium\video.webm]]

[[ATTACHMENT|..\..\..\shared-testing\test-results\part-01-validation-X-Cross-1fee3--errors-on-dashboard-orders-chromium\trace.zip]]
]]>
</system-out>
</testcase>
<testcase name="X. Cross-Cutting: Console Error Audit › Console errors on /dashboard/notifications" classname="part-01-validation.spec.ts" time="0.921">
<system-out>
<![CDATA[
[[ATTACHMENT|..\..\..\shared-testing\test-results\part-01-validation-X-Cross-fcfe3--on-dashboard-notifications-chromium\test-finished-1.png]]

[[ATTACHMENT|..\..\..\shared-testing\test-results\part-01-validation-X-Cross-fcfe3--on-dashboard-notifications-chromium\video.webm]]

[[ATTACHMENT|..\..\..\shared-testing\test-results\part-01-validation-X-Cross-fcfe3--on-dashboard-notifications-chromium\trace.zip]]
]]>
</system-out>
</testcase>
<testcase name="X. Cross-Cutting: Console Error Audit › Console errors on /admin/dashboard" classname="part-01-validation.spec.ts" time="1.076">
<system-out>
<![CDATA[
[[ATTACHMENT|..\..\..\shared-testing\test-results\part-01-validation-X-Cross-eda14-e-errors-on-admin-dashboard-chromium\test-finished-1.png]]

[[ATTACHMENT|..\..\..\shared-testing\test-results\part-01-validation-X-Cross-eda14-e-errors-on-admin-dashboard-chromium\video.webm]]

[[ATTACHMENT|..\..\..\shared-testing\test-results\part-01-validation-X-Cross-eda14-e-errors-on-admin-dashboard-chromium\trace.zip]]
]]>
</system-out>
</testcase>
<testcase name="X. Cross-Cutting: Console Error Audit › Console errors on /admin/products" classname="part-01-validation.spec.ts" time="0.889">
<system-out>
<![CDATA[
[[ATTACHMENT|..\..\..\shared-testing\test-results\part-01-validation-X-Cross-14f85-le-errors-on-admin-products-chromium\test-finished-1.png]]

[[ATTACHMENT|..\..\..\shared-testing\test-results\part-01-validation-X-Cross-14f85-le-errors-on-admin-products-chromium\video.webm]]

[[ATTACHMENT|..\..\..\shared-testing\test-results\part-01-validation-X-Cross-14f85-le-errors-on-admin-products-chromium\trace.zip]]
]]>
</system-out>
</testcase>
<testcase name="X. Cross-Cutting: Console Error Audit › Console errors on /admin/orders" classname="part-01-validation.spec.ts" time="0.895">
<system-out>
<![CDATA[
[[ATTACHMENT|..\..\..\shared-testing\test-results\part-01-validation-X-Cross-8794b-sole-errors-on-admin-orders-chromium\test-finished-1.png]]

[[ATTACHMENT|..\..\..\shared-testing\test-results\part-01-validation-X-Cross-8794b-sole-errors-on-admin-orders-chromium\video.webm]]

[[ATTACHMENT|..\..\..\shared-testing\test-results\part-01-validation-X-Cross-8794b-sole-errors-on-admin-orders-chromium\trace.zip]]
]]>
</system-out>
</testcase>
<testcase name="X. Cross-Cutting: Console Error Audit › Console errors on /session-expired" classname="part-01-validation.spec.ts" time="0.995">
<system-out>
<![CDATA[
[[ATTACHMENT|..\..\..\shared-testing\test-results\part-01-validation-X-Cross-7251a-e-errors-on-session-expired-chromium\test-finished-1.png]]

[[ATTACHMENT|..\..\..\shared-testing\test-results\part-01-validation-X-Cross-7251a-e-errors-on-session-expired-chromium\video.webm]]

[[ATTACHMENT|..\..\..\shared-testing\test-results\part-01-validation-X-Cross-7251a-e-errors-on-session-expired-chromium\trace.zip]]
]]>
</system-out>
</testcase>
<testcase name="X. Cross-Cutting: Console Error Audit › Console errors on /access-denied" classname="part-01-validation.spec.ts" time="0.883">
<system-out>
<![CDATA[
[[ATTACHMENT|..\..\..\shared-testing\test-results\part-01-validation-X-Cross-cab84-ole-errors-on-access-denied-chromium\test-finished-1.png]]

[[ATTACHMENT|..\..\..\shared-testing\test-results\part-01-validation-X-Cross-cab84-ole-errors-on-access-denied-chromium\video.webm]]

[[ATTACHMENT|..\..\..\shared-testing\test-results\part-01-validation-X-Cross-cab84-ole-errors-on-access-denied-chromium\trace.zip]]
]]>
</system-out>
</testcase>
<testcase name="X. Cross-Cutting: Console Error Audit › Console errors on /auth/loading" classname="part-01-validation.spec.ts" time="0.961">
<system-out>
<![CDATA[
[[ATTACHMENT|..\..\..\shared-testing\test-results\part-01-validation-X-Cross-24931-sole-errors-on-auth-loading-chromium\test-finished-1.png]]

[[ATTACHMENT|..\..\..\shared-testing\test-results\part-01-validation-X-Cross-24931-sole-errors-on-auth-loading-chromium\video.webm]]

[[ATTACHMENT|..\..\..\shared-testing\test-results\part-01-validation-X-Cross-24931-sole-errors-on-auth-loading-chromium\trace.zip]]
]]>
</system-out>
</testcase>
<testcase name="X. Cross-Cutting: Console Error Audit › Console errors on /dashboard/training" classname="part-01-validation.spec.ts" time="0.912">
<system-out>
<![CDATA[
[[ATTACHMENT|..\..\..\shared-testing\test-results\part-01-validation-X-Cross-39c0b-rrors-on-dashboard-training-chromium\test-finished-1.png]]

[[ATTACHMENT|..\..\..\shared-testing\test-results\part-01-validation-X-Cross-39c0b-rrors-on-dashboard-training-chromium\video.webm]]

[[ATTACHMENT|..\..\..\shared-testing\test-results\part-01-validation-X-Cross-39c0b-rrors-on-dashboard-training-chromium\trace.zip]]
]]>
</system-out>
</testcase>
<testcase name="X. Cross-Cutting: Console Error Audit › Console errors on /dashboard/wishlist" classname="part-01-validation.spec.ts" time="0.98">
<system-out>
<![CDATA[
[[ATTACHMENT|..\..\..\shared-testing\test-results\part-01-validation-X-Cross-2f041-rrors-on-dashboard-wishlist-chromium\test-finished-1.png]]

[[ATTACHMENT|..\..\..\shared-testing\test-results\part-01-validation-X-Cross-2f041-rrors-on-dashboard-wishlist-chromium\video.webm]]

[[ATTACHMENT|..\..\..\shared-testing\test-results\part-01-validation-X-Cross-2f041-rrors-on-dashboard-wishlist-chromium\trace.zip]]
]]>
</system-out>
</testcase>
<testcase name="X. Cross-Cutting: Console Error Audit › Console errors on /dashboard/orders/ORD-2026-8842" classname="part-01-validation.spec.ts" time="1.084">
<system-out>
<![CDATA[
[[ATTACHMENT|..\..\..\shared-testing\test-results\part-01-validation-X-Cross-2c68c-hboard-orders-ORD-2026-8842-chromium\test-finished-1.png]]

[[ATTACHMENT|..\..\..\shared-testing\test-results\part-01-validation-X-Cross-2c68c-hboard-orders-ORD-2026-8842-chromium\video.webm]]

[[ATTACHMENT|..\..\..\shared-testing\test-results\part-01-validation-X-Cross-2c68c-hboard-orders-ORD-2026-8842-chromium\trace.zip]]
]]>
</system-out>
</testcase>
<testcase name="X. Cross-Cutting: Console Error Audit › Console errors on /dashboard/orders/ORD-2026-8842/track" classname="part-01-validation.spec.ts" time="0.908">
<system-out>
<![CDATA[
[[ATTACHMENT|..\..\..\shared-testing\test-results\part-01-validation-X-Cross-ed47e--orders-ORD-2026-8842-track-chromium\test-finished-1.png]]

[[ATTACHMENT|..\..\..\shared-testing\test-results\part-01-validation-X-Cross-ed47e--orders-ORD-2026-8842-track-chromium\video.webm]]

[[ATTACHMENT|..\..\..\shared-testing\test-results\part-01-validation-X-Cross-ed47e--orders-ORD-2026-8842-track-chromium\trace.zip]]
]]>
</system-out>
</testcase>
</testsuite>
</testsuites>